1
1lahA1
1dg5A1
1srjB1
1ldmA1
1okmA1
2pcpB1
2qwkA1
1hslB1
1dr1A1
1rdsA1
1qpqA1
1bmaA1
5cppA1
1uvsB1
1azmA1
1cilA1
1faxA1
1ghbC1
2tmnA1
1abeA2
1ivcA1
1phaA1
1sltA1
1etrB1
1ptvA1
1mrkA1
1etsB1
1iveA1
1d4pB1
1mtsA1
1ml1B1
1dwdB1
1ydtA1
1abeA1
2gbpA1
1pphA1
1b9vA1
1ivqB1
5er1A11
1lahA1
1dg5A1
1srjB1
1ldmA1
1okmA1
2pcpB1
2qwkA1
1hslB1
1dr1A1
1rdsA1
1qpqA1
1bmaA1
5cppA1
1uvsB1
1azmA1
1cilA1
1faxA1
1ghbC1
2tmnA1
1abeA2
1ivcA1
1phaA1
1sltA1
1etrB1
1ptvA1
1mrkA1
1etsB1
1iveA1
1d4pB1
1mtsA1
1ml1B1
1dwdB1
1ydtA1
1abeA1
2gbpA1
1pphA1
1b9vA1
1ivqB1
5er1A11
1lahA1
1dg5A1
1srjB1
1ldmA1
1okmA1
2pcpB1
2qwkA1
1hslB1
1dr1A1
1rdsA1
1qpqA1
1bmaA1
5cppA1
1uvsB1
1azmA1
1cilA1
1faxA1
1ghbC1
2tmnA1
1abeA2
1ivcA1
1phaA1
1sltA1
1etrB1
1ptvA1
1mrkA1
1etsB1
1iveA1
1d4pB1
1mtsA1
1ml1B1
1dwdB1
1ydtA1
1abeA1
2gbpA1
1pphA1
1b9vA1
1ivqB1
5er1A11
1lahA1
1dg5A1
1srjB1
1ldmA1
1okmA1
2pcpB1
2qwkA1
1hslB1
1dr1A1
1rdsA1
1qpqA1
1bmaA1
5cppA1
1uvsB1
1azmA1
1cilA1
1faxA1
1ghbC1
2tmnA1
1abeA2
1ivcA1
1phaA1
1sltA1
1etrB1
1ptvA1
1mrkA1
1etsB1
1iveA1
1d4pB1
1mtsA1
1ml1B1
1dwdB1
1ydtA1
1abeA1
2gbpA1
1pphA1
1b9vA1
1ivqB1
5er1A11
1lahA1
1dg5A1
1srjB1
1ldmA1
1okmA1
2pcpB1
2qwkA1
1hslB1
1dr1A1
1rdsA1
1qpqA1
1bmaA1
5cppA1
1uvsB1
1azmA1
1cilA1
1faxA1
1ghbC1
2tmnA1
1abeA2
1ivcA1
1phaA1
1sltA1
1etrB1
1ptvA1
1mrkA1
1etsB1
1iveA1
1d4pB1
1mtsA1
1ml1B1
1dwdB1
1ydtA1
1abeA1
2gbpA1
1pphA1
1b9vA1
1ivqB1
5er1A11
1lahA1
1dg5A1
1srjB1
1ldmA1
1okmA1
2pcpB1
2qwkA1
1hslB1
1dr1A1
1rdsA1
1qpqA1
1bmaA1
5cppA1
1uvsB1
1azmA1
1cilA1
1faxA1
1ghbC1
2tmnA1
1abeA2
1ivcA1
1phaA1
1sltA1
1etrB1
1ptvA1
1mrkA1
1etsB1
1iveA1
1d4pB1
1mtsA1
1ml1B1
1dwdB1
1ydtA1
1abeA1
2gbpA1
1pphA1
1b9vA1
1ivqB1
5er1A11
1lahA1
1dg5A1
1srjB1
1ldmA1
1okmA1
2pcpB1
2qwkA1
1hslB1
1dr1A1
1rdsA1
1qpqA1
1bmaA1
5cppA1
1uvsB1
1azmA1
1cilA1
1faxA1
1ghbC1
2tmnA1
1abeA2
1ivcA1
1phaA1
1sltA1
1etrB1
1ptvA1
1mrkA1
1etsB1
1iveA1
1d4pB1
1mtsA1
1ml1B1
1dwdB1
1ydtA1
1abeA1
2gbpA1
1pphA1
1b9vA1
1ivqB1
5er1A1
