1ei1A1
1cttA1
1tppA1
2h4nA1
2mipD2
1mcqB1
1acjA1
1rneA1
1frpA1
4estA1
1lpmA1
1pbdA1
1ckpA1
4lbdA1
5abpA1
1lybB1
1mldC1
1hdyB1
2mipC1
2mcpB1
1tniA1
1glpB1
1pdzA1
1ppcA1
1ydsA1
1eleA1
1epbA1
1fgiB1
1uvtB1
1lmoA1
1c5xB1
1fenA1
1aseA1
1bbpA1
1ppiA1
1hefA1
1hvrB1
2yhxA1
1phfA1
1licA1
1c83A1
1tmnA1
1tnlA1
1dbmB1
1dwcB1
1mmqA1
1stpA1
1mncA1
1bmqB1
1hytA1
1qbrB1
1psoA1
1mupA1
2simA1
1ettB1
1bgoA1
4aahC1
1qcfA1
2phhA1
1hivB1
1a0qB1
1htiB1
1oklA1
1a4gA1
5abpA2
1a07C1
1abfA2
3ertA1
1rbpA1
4phvB1
1mtwA1
1ejnA1
1aqwC1
8gchC1
1lnaA1
1aecA1
1nsdA1
1mmbA1
1aclA1
7timA1
1dmpB1
1atlB1
1a28B1
1imbA1
1srgA1
2ifbA1
1qbtB1
1phdA1
1eldA1
1f0sA1
1ahaA1
4er2A1
1mrgA1
2adaA1
1srfA1
1apuA1
1acmA1
3ptbA1
1aaqB1
1a4kB1
1mdrA1
1abfA1
1bybA1
1fl3B1
1epoA1
1b59A1
1elaA1
1htfB1
1didB1
1ydrA1
2ypiA1
1cinA1
2ackA1
1ql7A1
1xkbB1
1coyA1
6abpA1
1c12B1
1lylA1
1f0rA1
1cbsA1
1aoeB1
1tnhA1
1lstA1
1tngA1
1f3dB1
1ulbA1
1lcpA1
1eedA1
3erdA1
1c5cB1
1elbA1
1hfcA1
1icnA1
5p2pB1
1idaB1
1dhfA1
1qbuB1
1elcA1
1cf8B1
1robA1
1eapB1
3gchC1
2cmdA1
1phgA1
1dy9A1
2cppA1
1a42A1
1ebgB1
1dbbB1
2cgrB1
1srhA1
1xidA1
1tphB1
1aptA1
1flrB1
1dwbB1
1c1eB1
2dblB1
4ctsB1
1bl7A1
1lahA1
1dg5A1
1srjB1
1ldmA1
1okmA1
2pcpB1
2qwkA1
1hslB1
1dr1A1
1rdsA1
1qpqA1
1bmaA1
5cppA1
1uvsB1
1azmA1
1cilA1
1faxA1
1ghbC1
2tmnA1
1abeA2
1ivcA1
1phaA1
1sltA1
1etrB1
1ptvA1
1mrkA1
1etsB1
1iveA1
1d4pB1
1mtsA1
1ml1B1
1dwdB1
1ydtA1
1abeA1
2gbpA1
1pphA1
1b9vA1
1ivqB1
5er1A1
1slnA1
1tdbA1
1qpeA1
1qh7A1
