rot 6.28
tra 0.1
temperature 0.5
total steps 500
step,etot,elhm,ekde,edst,eele,epmf,ehpc,ehdb,epsp,evdw
0,-9.0295e-06,2.8114,0,76.1497,-2.17282e-05,45.776,0.128438,0,0,-9.0295e-06
1,-1.03987e-06,3.18522,0,106.629,-6.69219e-07,45.776,0.128438,0,0,-1.03987e-06
2,-3.56249e-09,4.08131,0,274.995,2.40736e-08,45.776,0.128438,0,0,-3.56249e-09
3,-1.39505e-07,3.46091,0,149.834,1.4283e-07,45.776,0.128438,0,0,-1.39505e-07
4,-7.04192e-06,2.84133,0,81.237,3.9813e-07,45.776,0.128438,0,0,-7.04192e-06
5,-0.00248001,1.94819,0,33.6088,3.88407e-06,45.776,0.128438,0,0,-0.00248001
6,-0.00134905,1.86702,0,30.8635,-3.35457e-06,45.776,0.128438,0,0,-0.00134905
7,-0.00462524,1.95899,0,28.7485,-1.58831e-06,45.776,0.128438,-1.15544e-38,0,-0.00462524
8,-1.53472e-05,2.68158,0,70.0746,-8.35299e-07,45.776,0.128438,0,0,-1.53472e-05
9,-1.7663e-06,3.06837,0,97.7033,-7.44457e-07,45.776,0.128438,0,0,-1.7663e-06
10,-3.49001e-07,3.31708,0,129.681,-3.79388e-07,45.776,0.128438,0,0,-3.49001e-07
11,-1.34805e-07,3.47153,0,151.194,-1.66215e-07,45.776,0.128438,0,0,-1.34805e-07
12,-6.6719e-07,3.1904,0,115.199,-3.75183e-08,45.776,0.128438,0,0,-6.6719e-07
13,-2.28215e-07,3.38697,0,139.408,2.6736e-07,45.776,0.128438,0,0,-2.28215e-07
14,-1.02421,0.3764,1.80527e-08,5.74789,-2.76933e-05,43.1394,0.124877,-0.301126,-0.377986,-1.02421
15,-0.000163751,2.27969,0,48.6944,-2.01776e-06,45.776,0.128438,0,0,-0.000163751
16,-1.60495,1.15425,0,17.1648,-6.37843e-06,40.7631,0.255416,-0.496387,0,-1.60495
17,-0.00145907,1.93812,0,35.5372,-2.30801e-06,45.776,0.128438,0,0,-0.00145907
18,-0.0002441,2.28617,0,44.7781,-1.83492e-06,45.776,0.128438,0,0,-0.0002441
19,-0.181817,1.27164,0,16.1729,-5.63744e-06,37.5558,0.133654,-0.0015985,0,-0.181817
20,-5.46593e-06,2.88985,0,80.8603,-1.00515e-06,45.776,0.128438,0,0,-5.46593e-06
21,-0.452219,1.37548,0,19.3587,-4.0234e-06,42.2724,0.185365,-0.110033,0,-0.452219
22,-9.41238e-05,2.41236,0,54.162,-1.34107e-06,45.776,0.128438,0,0,-9.41238e-05
23,-0.523001,1.69945,0,20.1681,-3.22512e-06,42.4514,0.742292,-0.124787,0,-0.523001
24,-4.91909e-05,2.51611,0,59.2406,-1.28563e-06,45.776,0.128438,0,0,-4.91909e-05
25,-0.058916,1.6295,0,27.1482,-2.42976e-06,44.6308,0.124678,-0.000515109,0,-0.058916
26,-0.262751,1.14433,1.57502e-40,12.8033,-6.81219e-06,34.9941,0.150097,-0.0106225,0,-0.262751
27,-0.000262321,2.28746,0,42.9443,-1.92201e-06,45.776,0.128438,0,0,-0.000262321
28,-3.35067e-05,2.55877,0,60.5582,-1.42402e-06,45.776,0.128438,0,0,-3.35067e-05
29,-6.89661e-05,2.46643,0,55.8785,-1.38953e-06,45.776,0.128438,0,0,-6.89661e-05
30,-0.000122361,2.34839,0,52.033,-1.40259e-06,45.776,0.128438,0,0,-0.000122361
31,-1.661e-05,2.70977,0,67.4083,-1.19181e-06,45.776,0.128438,0,0,-1.661e-05
32,-0.000623524,2.1435,0,38.4737,-2.33923e-06,45.776,0.128438,0,0,-0.000623524
33,-6.15387e-06,2.85975,0,80.2496,-1.00708e-06,45.776,0.128438,0,0,-6.15387e-06
34,-0.0267217,1.65828,0,22.3359,-3.9189e-06,44.9123,0.128438,-1.5587e-11,0,-0.0267217
35,-0.569396,0.835793,1.71796e-06,4.81946,-8.56959e-06,39.9637,0.435816,-0.0709877,-0.093891,-0.569396
36,-4.34558e-06,2.91356,0,84.1981,-9.67716e-07,45.776,0.128438,0,0,-4.34558e-06
37,-5.24424e-06,2.89988,0,81.2605,-9.8985e-07,45.776,0.128438,0,0,-5.24424e-06
38,-3.32375e-05,2.58377,0,60.5092,-1.38941e-06,45.776,0.128438,0,0,-3.32375e-05
39,-9.12364e-06,2.79526,0,75.411,-1.07408e-06,45.776,0.128438,0,0,-9.12364e-06
40,-0.438971,1.0401,1.76987e-25,12.0083,-7.34599e-06,30.9731,0.382311,-0.0494723,0,-0.438971
41,-4.34071e-05,2.61954,0,58.4812,-1.19626e-06,45.776,0.128438,0,0,-4.34071e-05
42,-0.0170049,1.64506,0,25.6078,-4.54173e-06,43.6109,0.128438,-4.38177e-12,0,-0.0170049
43,-0.202248,1.37183,0,21.7101,-8.54211e-07,42.7239,0.434561,-0.0789652,0,-0.202248
44,-0.00205715,2.0589,0,32.3643,-2.19955e-06,45.776,0.128438,0,0,-0.00205715
45,-0.000425148,2.13811,0,42.7452,-1.82382e-06,45.776,0.128438,0,0,-0.000425148
46,-0.0032075,1.52609,0,19.008,-3.37054e-06,45.776,0.128438,0,0,-0.0032075
47,-4.16904e-06,2.94384,0,82.9401,-9.39153e-07,45.776,0.128438,0,0,-4.16904e-06
48,-4.6323e-06,2.90853,0,87.4286,-9.38583e-07,45.776,0.128438,0,0,-4.6323e-06
49,-3.39708e-06,2.96528,0,87.1547,-9.14528e-07,45.776,0.128438,0,0,-3.39708e-06
50,-1.82035e-05,2.64225,0,68.2693,-1.22287e-06,45.776,0.128438,0,0,-1.82035e-05
51,-0.000156002,2.47836,0,50.1389,-1.56375e-06,45.776,0.128438,0,0,-0.000156002
52,-5.9961e-07,3.27185,0,116.385,-6.69796e-07,45.776,0.128438,0,0,-5.9961e-07
53,-4.13124e-08,3.67708,0,181.325,-4.40142e-07,45.776,0.128438,0,0,-4.13124e-08
54,-9.90865e-09,3.9203,0,229.522,-3.42103e-07,45.776,0.128438,0,0,-9.90865e-09
55,-4.46006e-06,2.97943,0,85.8467,-8.69424e-07,45.776,0.128438,0,0,-4.46006e-06
56,-6.30176e-07,3.26796,0,115.535,-6.67043e-07,45.776,0.128438,0,0,-6.30176e-07
57,-2.52672e-08,3.74979,0,198.545,-4.08546e-07,45.776,0.128438,0,0,-2.52672e-08
58,-8.77373e-07,3.1719,0,113.364,-7.26664e-07,45.776,0.128438,0,0,-8.77373e-07
59,-0.000247637,2.27126,0,45.2189,-2.00932e-06,45.776,0.128438,0,0,-0.000247637
60,-0.000139278,2.46007,0,48.9149,-1.48874e-06,45.776,0.128438,0,0,-0.000139278
61,-0.000105792,2.47332,0,54.3516,-1.58556e-06,45.776,0.128438,0,0,-0.000105792
62,-8.39094e-05,2.55276,0,54.1812,-1.35252e-06,45.776,0.128438,0,0,-8.39094e-05
63,-0.000862489,2.16857,0,43.7471,-1.87132e-06,45.776,0.128438,0,0,-0.000862489
64,-0.000563313,2.1718,0,38.4989,-2.25457e-06,45.776,0.128438,0,0,-0.000563313
65,-1.27857e-06,3.0955,0,101.95,-8.06786e-07,45.776,0.128438,0,0,-1.27857e-06
66,-0.000462252,2.38159,0,46.2411,-1.70301e-06,45.776,0.128438,0,0,-0.000462252
67,-1.73875e-05,2.6228,0,63.236,-1.32309e-06,45.776,0.128438,0,0,-1.73875e-05
68,-5.38709e-06,2.87067,0,84.9468,-9.45085e-07,45.776,0.128438,0,0,-5.38709e-06
69,-3.76827e-05,2.5678,0,60.3176,-1.36592e-06,45.776,0.128438,0,0,-3.76827e-05
70,-1.64722e-05,2.71754,0,69.3172,-1.2141e-06,45.776,0.128438,0,0,-1.64722e-05
71,-2.36101e-08,3.77209,0,199.506,-3.99244e-07,45.776,0.128438,0,0,-2.36101e-08
72,-9.08164e-09,3.93881,0,234.156,-3.33168e-07,45.776,0.128438,0,0,-9.08164e-09
73,-4.98565e-08,3.65358,0,176.074,-4.49592e-07,45.776,0.128438,0,0,-4.98565e-08
74,-4.10668e-08,3.70242,0,181.557,-4.23939e-07,45.776,0.128438,0,0,-4.10668e-08
75,-1.13078e-08,3.88602,0,227.132,-3.56823e-07,45.776,0.128438,0,0,-1.13078e-08
76,-0.000989105,1.85739,0,32.2406,-2.45049e-06,45.776,0.128438,0,0,-0.000989105
77,-0.115719,1.7717,0,30.248,-2.73954e-06,43.6314,0.125625,-0.00017462,0,-0.115719
78,-4.5208e-05,2.54495,0,56.0583,-1.45383e-06,45.776,0.128438,0,0,-4.5208e-05
79,-0.00207504,2.06878,0,32.2147,-2.46992e-06,45.776,0.128438,-8.40779e-45,0,-0.00207504
80,-3.53964e-06,2.94269,0,87.6498,-9.35154e-07,45.776,0.128438,0,0,-3.53964e-06
81,-1.31827,0.74737,1.28038e-18,9.04668,-1.09944e-05,39.1453,0.353406,-0.506019,0.277492,-1.31827
82,-0.000465953,2.20455,0,39.3424,-2.1873e-06,45.776,0.128438,0,0,-0.000465953
83,-1.37835e-05,2.79945,0,70.6871,-1.06736e-06,45.776,0.128438,0,0,-1.37835e-05
84,-1.24623e-05,2.70838,0,72.6432,-1.16232e-06,45.776,0.128438,0,0,-1.24623e-05
85,-3.36677e-05,2.62947,0,59.8424,-1.30844e-06,45.776,0.128438,0,0,-3.36677e-05
86,-8.81657e-06,2.76696,0,76.8736,-1.08434e-06,45.776,0.128438,0,0,-8.81657e-06
87,-8.62628e-05,2.45639,0,51.7908,-1.58881e-06,45.776,0.128438,0,0,-8.62628e-05
88,-0.0044507,2.11571,0,33.1457,-2.1594e-06,45.776,0.128438,-1.25667e-30,0,-0.0044507
89,-2.83791e-05,2.62099,0,62.2084,-1.33283e-06,45.776,0.128438,0,0,-2.83791e-05
90,-1.39111e-05,2.73225,0,69.9269,-1.1844e-06,45.776,0.128438,0,0,-1.39111e-05
91,-1.35837e-05,2.75358,0,69.3371,-1.16097e-06,45.776,0.128438,0,0,-1.35837e-05
92,-4.77614e-07,3.25902,0,123.165,-6.59465e-07,45.776,0.128438,0,0,-4.77614e-07
93,-1.73194e-05,2.62361,0,66.9928,-1.26976e-06,45.776,0.128438,0,0,-1.73194e-05
94,-0.0176427,1.34551,0,20.4275,-3.93833e-06,45.7928,0.128438,-1.38363e-23,0,-0.0176427
95,-6.57513e-05,2.4059,0,50.876,-1.57767e-06,45.776,0.128438,0,0,-6.57513e-05
96,-2.07701e-07,3.43261,0,140.876,-5.51387e-07,45.776,0.128438,0,0,-2.07701e-07
97,-6.22641e-05,2.5896,0,58.8536,-1.42544e-06,45.776,0.128438,0,0,-6.22641e-05
98,-3.73406e-06,2.97945,0,89.9464,-8.83421e-07,45.776,0.128438,0,0,-3.73406e-06
99,-2.30861e-06,2.97326,0,93.3492,-8.62891e-07,45.776,0.128438,0,0,-2.30861e-06
100,-6.00036e-06,2.91236,0,84.6799,-9.58442e-07,45.776,0.128438,0,0,-6.00036e-06
101,-0.000206638,2.4838,0,53.9639,-1.5382e-06,45.776,0.128438,0,0,-0.000206638
102,-2.42115e-07,3.36981,0,134.05,-6.06582e-07,45.776,0.128438,0,0,-2.42115e-07
103,-5.22062e-06,2.83938,0,78.222,-1.02483e-06,45.776,0.128438,0,0,-5.22062e-06
104,-5.05697e-05,2.45968,0,55.6373,-1.44183e-06,45.776,0.128438,0,0,-5.05697e-05
105,-0.000180508,2.43778,0,52.7883,-1.53156e-06,45.776,0.128438,0,0,-0.000180508
106,-5.69185e-05,2.67128,0,62.35,-1.11741e-06,45.776,0.128438,0,0,-5.69185e-05
107,-1.79529e-07,3.46723,0,142.381,-5.29622e-07,45.776,0.128438,0,0,-1.79529e-07
108,-1.99114e-09,4.2,0,300.542,-2.57039e-07,45.776,0.128438,0,0,-1.99114e-09
109,-1.81845e-09,4.21504,0,305.159,-2.57904e-07,45.776,0.128438,0,0,-1.81845e-09
110,-2.32491e-10,4.5385,0,432.073,-1.82015e-07,45.776,0.128438,0,0,-2.32491e-10
111,-9.12211e-07,3.20171,0,109.331,-7.14941e-07,45.776,0.128438,0,0,-9.12211e-07
112,-0.00144587,2.14778,0,34.6251,-2.11475e-06,45.776,0.128438,0,0,-0.00144587
113,-5.16605e-05,2.53443,0,55.5021,-1.46528e-06,45.776,0.128438,0,0,-5.16605e-05
114,-1.10127e-06,3.12309,0,107.966,-7.46821e-07,45.776,0.128438,0,0,-1.10127e-06
115,-0.000148656,2.33963,0,45.8107,-1.8373e-06,45.776,0.128438,0,0,-0.000148656
116,-3.92656e-06,3.008,0,88.2188,-8.50624e-07,45.776,0.128438,0,0,-3.92656e-06
117,-7.1557e-09,3.96328,0,244.948,-3.22911e-07,45.776,0.128438,0,0,-7.1557e-09
118,-1.13077e-07,3.54509,0,153.936,-4.93056e-07,45.776,0.128438,0,0,-1.13077e-07
119,-3.69102e-09,4.09788,0,270.949,-2.87109e-07,45.776,0.128438,0,0,-3.69102e-09
120,-1.46073e-09,4.23917,0,317.278,-2.47273e-07,45.776,0.128438,0,0,-1.46073e-09
121,-0.000201856,2.30424,0,49.7928,-1.7359e-06,45.776,0.128438,0,0,-0.000201856
122,-0.74629,0.878581,8.94596e-08,10.9021,-8.3678e-06,26.047,0.842896,-0.141894,0,-0.74629
123,-0.00871359,2.10477,0,33.2406,-1.84311e-06,45.7709,0.128438,-2.795e-39,0,-0.00871359
124,-7.48524e-07,3.24239,0,112.554,-6.82964e-07,45.776,0.128438,0,0,-7.48524e-07
125,-1.03273e-08,3.90071,0,230.396,-3.44415e-07,45.776,0.128438,0,0,-1.03273e-08
126,-1.36077e-08,3.8877,0,218.765,-3.55313e-07,45.776,0.128438,0,0,-1.36077e-08
127,-6.54451e-07,3.26273,0,115.006,-6.70039e-07,45.776,0.128438,0,0,-6.54451e-07
128,-2.10554e-07,3.42648,0,138.378,-5.67243e-07,45.776,0.128438,0,0,-2.10554e-07
129,-3.41172e-07,3.35041,0,127.746,-6.19554e-07,45.776,0.128438,0,0,-3.41172e-07
130,-1.56768e-07,3.48964,0,145.512,-5.33729e-07,45.776,0.128438,0,0,-1.56768e-07
131,-1.04574e-07,3.50938,0,156.924,-5.13617e-07,45.776,0.128438,0,0,-1.04574e-07
132,-2.09117e-08,3.78161,0,204.839,-3.88831e-07,45.776,0.128438,0,0,-2.09117e-08
133,-3.63484e-06,2.95364,0,91.663,-9.06759e-07,45.776,0.128438,0,0,-3.63484e-06
134,-0.00503479,1.92002,0,26.6122,-2.73282e-06,45.7553,0.128438,-1.98026e-31,0,-0.00503479
135,-3.13097e-07,3.33333,0,132.437,-6.05028e-07,45.776,0.128438,0,0,-3.13097e-07
136,-5.07476e-08,3.67185,0,175.348,-4.38805e-07,45.776,0.128438,0,0,-5.07476e-08
137,-6.98083e-07,3.19365,0,114.833,-7.15737e-07,45.776,0.128438,0,0,-6.98083e-07
138,-0.00204398,1.79342,0,24.7384,-2.95498e-06,45.776,0.128438,0,0,-0.00204398
139,-9.40053e-07,3.17,0,109.822,-7.45738e-07,45.776,0.128438,0,0,-9.40053e-07
140,-0.00373677,1.90444,0,31.1769,-3.27939e-06,45.776,0.128438,-1.14906e-43,0,-0.00373677
141,-0.432716,1.35946,0,17.5395,-7.34926e-06,45.3347,0.540106,-0.0853951,0,-0.432716
142,-2.90188e-06,2.98036,0,90.6403,-8.80896e-07,45.776,0.128438,0,0,-2.90188e-06
143,-4.51593e-05,2.49418,0,56.9011,-1.5444e-06,45.776,0.128438,0,0,-4.51593e-05
144,-8.39035e-06,2.77212,0,75.3611,-1.12083e-06,45.776,0.128438,0,0,-8.39035e-06
145,-4.06295e-06,2.92044,0,84.5375,-9.64237e-07,45.776,0.128438,0,0,-4.06295e-06
146,-2.25207e-05,2.66153,0,62.635,-1.28724e-06,45.776,0.128438,0,0,-2.25207e-05
147,-3.2927e-05,2.60648,0,66.0958,-1.23045e-06,45.776,0.128438,0,0,-3.2927e-05
148,-0.000107313,2.38338,0,47.44,-1.73482e-06,45.776,0.128438,0,0,-0.000107313
149,-5.12172e-07,3.29215,0,120.708,-6.53201e-07,45.776,0.128438,0,0,-5.12172e-07
150,-9.17307e-09,3.93197,0,233.164,-3.41218e-07,45.776,0.128438,0,0,-9.17307e-09
151,-3.21545e-07,3.38576,0,130.701,-5.81158e-07,45.776,0.128438,0,0,-3.21545e-07
152,-0.000111862,2.37576,0,51.1335,-1.72411e-06,45.776,0.128438,0,0,-0.000111862
153,-0.386876,1.13288,0,12.3196,-5.30956e-06,46.5448,0.164672,-0.00359857,0,-0.386876
154,-1.40983e-05,2.76427,0,69.8575,-1.12807e-06,45.776,0.128438,0,0,-1.40983e-05
155,-7.23308e-05,2.43739,0,56.4893,-1.46157e-06,45.776,0.128438,0,0,-7.23308e-05
156,-1.48275e-05,2.69346,0,67.1054,-1.22414e-06,45.776,0.128438,0,0,-1.48275e-05
157,-6.49608e-05,2.2893,0,45.0306,-1.68935e-06,45.776,0.128438,0,0,-6.49608e-05
158,-3.40504e-05,2.71755,0,65.0199,-1.11259e-06,45.776,0.128438,0,0,-3.40504e-05
159,-2.58728e-06,2.98534,0,92.4831,-9.01174e-07,45.776,0.128438,0,0,-2.58728e-06
160,-0.00317939,2.04772,0,31.3911,-2.3773e-06,45.776,0.128438,0,0,-0.00317939
161,-3.06685e-06,2.94443,0,91.1619,-8.94015e-07,45.776,0.128438,0,0,-3.06685e-06
162,-0.000470115,2.20662,0,38.2986,-2.08587e-06,45.776,0.128438,0,0,-0.000470115
163,-1.47372e-07,3.46459,0,146.897,-5.47969e-07,45.776,0.128438,0,0,-1.47372e-07
164,-2.37642e-08,3.77771,0,199.282,-3.96826e-07,45.776,0.128438,0,0,-2.37642e-08
165,-1.20392e-10,4.65298,0,480.487,-1.62286e-07,45.776,0.128438,0,0,-1.20392e-10
166,-7.91665e-09,3.9609,0,239.926,-3.33533e-07,45.776,0.128438,0,0,-7.91665e-09
167,-1.33636e-05,2.72875,0,70.633,-1.19982e-06,45.776,0.128438,0,0,-1.33636e-05
168,-0.000290415,2.19782,0,44.6804,-1.77073e-06,45.776,0.128438,0,0,-0.000290415
169,-0.417313,1.71034,0,25.0742,-2.28956e-06,40.4722,0.146548,-0.000181792,0,-0.417313
170,-8.69668e-06,2.76512,0,76.7319,-1.08092e-06,45.776,0.128438,0,0,-8.69668e-06
171,-3.40949e-05,2.63298,0,59.1092,-1.28279e-06,45.776,0.128438,0,0,-3.40949e-05
172,-6.178e-07,3.21393,0,117.949,-6.80222e-07,45.776,0.128438,0,0,-6.178e-07
173,-9.11119e-07,3.14913,0,110.803,-7.50162e-07,45.776,0.128438,0,0,-9.11119e-07
174,-1.41213,1.33431,0,12.3024,-5.30042e-06,42.5968,12.1554,-0.374554,-0.093891,-1.41213
175,-0.000610181,2.27502,0,41.4927,-1.94482e-06,45.776,0.128438,0,0,-0.000610181
176,-6.08215e-06,2.86602,0,80.6245,-1.0146e-06,45.776,0.128438,0,0,-6.08215e-06
177,-0.000228331,2.1965,0,41.744,-2.1589e-06,45.776,0.128438,0,0,-0.000228331
178,-1.40205e-06,3.07606,0,103.406,-8.0134e-07,45.776,0.128438,0,0,-1.40205e-06
179,-0.000439074,2.09247,0,40.7133,-1.98119e-06,45.776,0.128438,0,0,-0.000439074
180,-2.75462e-05,2.59607,0,65.3472,-1.28568e-06,45.776,0.128438,0,0,-2.75462e-05
181,-0.238703,0.973991,5.76113e-23,11.8796,-7.18783e-06,37.5561,0.138379,-0.0141566,0,-0.238703
182,-6.46148e-05,2.5017,0,54.9377,-1.52667e-06,45.776,0.128438,0,0,-6.46148e-05
183,-4.07634e-05,2.59868,0,60.4705,-1.37207e-06,45.776,0.128438,0,0,-4.07634e-05
184,-9.14799e-08,3.54909,0,159.146,-4.9305e-07,45.776,0.128438,0,0,-9.14799e-08
185,-4.52903e-06,2.95638,0,85.1985,-9.51733e-07,45.776,0.128438,0,0,-4.52903e-06
186,-9.63076e-07,3.16965,0,106.973,-7.25581e-07,45.776,0.128438,0,0,-9.63076e-07
187,-2.37393e-06,3.02216,0,92.7055,-8.76265e-07,45.776,0.128438,0,0,-2.37393e-06
188,-5.44285e-07,3.28283,0,118.191,-6.66253e-07,45.776,0.128438,0,0,-5.44285e-07
189,-1.60334e-06,3.1337,0,100.486,-7.53515e-07,45.776,0.128438,0,0,-1.60334e-06
190,-2.36269e-08,3.79335,0,199.186,-3.85262e-07,45.776,0.128438,0,0,-2.36269e-08
191,-4.21025e-07,3.2806,0,125.913,-6.44666e-07,45.776,0.128438,0,0,-4.21025e-07
192,-0.92796,0.963213,5.44035e-10,10.583,-1.09925e-05,25.5007,2.8195,-0.25845,0,-0.92796
193,-6.81355e-05,2.46242,0,54.6408,-1.52079e-06,45.776,0.128438,0,0,-6.81355e-05
194,-1.99646e-07,3.42907,0,140.294,-5.62802e-07,45.776,0.128438,0,0,-1.99646e-07
195,-3.78022e-07,3.32889,0,125.599,-6.25226e-07,45.776,0.128438,0,0,-3.78022e-07
196,-1.46327e-09,4.23687,0,317.064,-2.49054e-07,45.776,0.128438,0,0,-1.46327e-09
197,-1.13934e-08,3.90317,0,224.603,-3.51555e-07,45.776,0.128438,0,0,-1.13934e-08
198,-2.0444e-09,4.18699,0,300.3,-2.61294e-07,45.776,0.128438,0,0,-2.0444e-09
199,-2.08625e-11,4.94549,0,643.426,-1.24247e-07,45.776,0.128438,0,0,-2.08625e-11
200,-5.5257e-08,3.65074,0,172.78,-4.45806e-07,45.776,0.128438,0,0,-5.5257e-08
201,-5.63483e-07,3.22226,0,118.021,-6.92235e-07,45.776,0.128438,0,0,-5.63483e-07
202,-0.0205765,2.08365,0,33.1274,-1.36616e-06,42.5868,0.128438,-1.08649e-12,0,-0.0205765
203,-0.00267609,1.92326,0,26.9284,-2.62674e-06,45.776,0.128438,-3.22299e-44,0,-0.00267609
204,-4.78013e-07,3.26189,0,123.455,-6.45467e-07,45.776,0.128438,0,0,-4.78013e-07
205,-6.28489e-06,2.93232,0,81.3677,-9.2468e-07,45.776,0.128438,0,0,-6.28489e-06
206,-0.000167846,2.29184,0,49.2147,-1.76427e-06,45.776,0.128438,0,0,-0.000167846
207,-0.0306514,0.901292,8.47421e-41,9.40105,-6.22242e-06,44.7715,0.128438,-2.25667e-15,0,-0.0306514
208,-5.18133e-05,2.61571,0,59.7246,-1.26871e-06,45.776,0.128438,0,0,-5.18133e-05
209,-1.07423e-06,3.11843,0,107.6,-7.4846e-07,45.776,0.128438,0,0,-1.07423e-06
210,-9.50788e-06,2.80137,0,77.9966,-1.04656e-06,45.776,0.128438,0,0,-9.50788e-06
211,-4.47974e-05,2.48767,0,57.5884,-1.51053e-06,45.776,0.128438,0,0,-4.47974e-05
212,-0.0170551,0.957546,0,10.8456,-5.33176e-06,45.7312,0.128438,-2.16635e-23,0,-0.0170551
213,-2.57692e-05,2.69763,0,66.2803,-1.24669e-06,45.776,0.128438,0,0,-2.57692e-05
214,-1.55746e-06,3.05411,0,101.168,-7.97688e-07,45.776,0.128438,0,0,-1.55746e-06
215,-2.25136e-06,3.07302,0,94.2958,-7.99436e-07,45.776,0.128438,0,0,-2.25136e-06
216,-6.42098e-08,3.59913,0,171.278,-4.61832e-07,45.776,0.128438,0,0,-6.42098e-08
217,-2.28816e-07,3.39836,0,136.771,-5.81612e-07,45.776,0.128438,0,0,-2.28816e-07
218,-0.000636333,2.11348,0,34.5227,-2.28105e-06,45.776,0.128438,0,0,-0.000636333
219,-3.6995e-05,2.58653,0,56.7477,-1.32456e-06,45.776,0.128438,0,0,-3.6995e-05
220,-2.10481e-05,2.51169,0,54.0289,-1.41187e-06,45.776,0.128438,0,0,-2.10481e-05
221,-5.24615e-07,3.27169,0,124.611,-6.47146e-07,45.776,0.128438,0,0,-5.24615e-07
222,-7.66907e-05,2.56999,0,60.2818,-1.41023e-06,45.776,0.128438,0,0,-7.66907e-05
223,-1.56463e-06,3.0535,0,97.7165,-8.28612e-07,45.776,0.128438,0,0,-1.56463e-06
224,-1.37561e-05,2.65557,0,68.7198,-1.17396e-06,45.776,0.128438,0,0,-1.37561e-05
225,-0.000377431,2.00746,0,37.2314,-2.28643e-06,45.776,0.128438,0,0,-0.000377431
226,-0.000960053,1.73005,0,27.769,-2.8256e-06,45.776,0.128438,0,0,-0.000960053
227,-6.11628e-05,2.47636,0,52.7612,-1.55848e-06,45.776,0.128438,0,0,-6.11628e-05
228,-2.30983e-06,3.01224,0,97.1737,-8.36153e-07,45.776,0.128438,0,0,-2.30983e-06
229,-3.81296e-05,2.63661,0,60.1516,-1.27775e-06,45.776,0.128438,0,0,-3.81296e-05
230,-0.000704044,2.32784,0,42.5078,-1.62796e-06,45.776,0.128438,0,0,-0.000704044
231,-0.0272486,1.71074,0,25.9676,-3.58518e-06,44.0557,0.128438,-1.13003e-14,0,-0.0272486
232,-4.9435e-06,2.90927,0,82.6435,-9.6503e-07,45.776,0.128438,0,0,-4.9435e-06
233,-0.000198478,2.26466,0,41.9332,-1.9251e-06,45.776,0.128438,0,0,-0.000198478
234,-6.33367e-05,2.38374,0,46.0854,-1.60698e-06,45.776,0.128438,0,0,-6.33367e-05
235,-4.60379e-05,2.66641,0,66.5827,-1.09288e-06,45.776,0.128438,0,0,-4.60379e-05
236,-0.00403225,2.19229,0,39.1888,-1.25212e-06,45.776,0.128438,-7.00649e-45,0,-0.00403225
237,-2.12664e-05,2.76489,0,69.0129,-1.12165e-06,45.776,0.128438,0,0,-2.12664e-05
238,-9.94258e-08,3.51714,0,158.227,-5.09891e-07,45.776,0.128438,0,0,-9.94258e-08
239,-1.59617e-06,3.0835,0,95.4618,-7.9271e-07,45.776,0.128438,0,0,-1.59617e-06
240,-1.15124e-07,3.49086,0,154.128,-5.1694e-07,45.776,0.128438,0,0,-1.15124e-07
241,-5.97344e-07,3.28398,0,118.24,-6.37786e-07,45.776,0.128438,0,0,-5.97344e-07
242,-1.56688e-06,3.13908,0,101.123,-7.44878e-07,45.776,0.128438,0,0,-1.56688e-06
243,-3.3605e-08,3.73651,0,187.601,-4.10464e-07,45.776,0.128438,0,0,-3.3605e-08
244,-1.76252e-09,4.20007,0,309.259,-2.52208e-07,45.776,0.128438,0,0,-1.76252e-09
245,-1.00216e-08,3.93411,0,229.234,-3.44118e-07,45.776,0.128438,0,0,-1.00216e-08
246,-3.53659e-05,2.51182,0,59.516,-1.46143e-06,45.776,0.128438,0,0,-3.53659e-05
247,-0.901492,1.61945,0,21.3983,-2.75302e-06,42.4048,0.158278,-0.297642,0,-0.901492
248,-1.34756e-05,2.76529,0,70.3703,-1.09592e-06,45.776,0.128438,0,0,-1.34756e-05
249,-1.39894e-05,2.77601,0,68.8547,-1.07179e-06,45.776,0.128438,0,0,-1.39894e-05
250,-9.96288e-06,2.76317,0,75.455,-1.07609e-06,45.776,0.128438,0,0,-9.96288e-06
251,-8.68924e-07,3.19619,0,110.765,-7.20998e-07,45.776,0.128438,0,0,-8.68924e-07
252,-4.49161e-09,4.05682,0,262.719,-3.0444e-07,45.776,0.128438,0,0,-4.49161e-09
253,-9.75952e-11,4.69141,0,497.385,-1.57488e-07,45.776,0.128438,0,0,-9.75952e-11
254,-0.00010615,2.47938,0,49.9296,-1.47494e-06,45.776,0.128438,0,0,-0.00010615
255,-8.68917e-05,2.32532,0,43.9378,-1.76553e-06,45.776,0.128438,0,0,-8.68917e-05
256,-5.09835e-07,3.24889,0,121.916,-6.53474e-07,45.776,0.128438,0,0,-5.09835e-07
257,-0.000435102,2.1796,0,44.5142,-1.94802e-06,45.776,0.128438,0,0,-0.000435102
258,-0.0013369,2.04544,0,35.708,-2.70072e-06,45.776,0.128438,0,0,-0.0013369
259,-0.0392392,0.869907,1.17269e-30,11.8535,-5.73957e-06,44.6655,0.128438,-4.43941e-12,0,-0.0392392
260,-0.000199732,2.35172,0,50.7844,-1.7452e-06,45.776,0.128438,0,0,-0.000199732
261,-0.185233,1.85641,0,24.5054,-2.66597e-06,44.1499,0.127109,-0.000497262,0,-0.185233
262,-2.96232e-07,3.33914,0,133.119,-6.07385e-07,45.776,0.128438,0,0,-2.96232e-07
263,-6.80865e-08,3.58428,0,169.088,-4.79914e-07,45.776,0.128438,0,0,-6.80865e-08
264,-1.80473,1.29811,0,17.5633,-3.8545e-06,36.2488,8.25337,-0.239846,0,-1.80473
265,-0.00644619,1.92916,0,31.9691,-2.95783e-06,45.776,0.128438,-1.50348e-36,0,-0.00644619
266,-1.59243e-05,2.78084,0,69.3428,-1.05824e-06,45.776,0.128438,0,0,-1.59243e-05
267,-5.31087e-05,2.51685,0,59.1234,-1.39943e-06,45.776,0.128438,0,0,-5.31087e-05
268,-2.01808,1.63459,0,19.9046,-1.66782e-06,39.0064,0.73712,-0.595923,0,-2.01808
269,-2.03965e-06,3.0699,0,95.475,-8.05469e-07,45.776,0.128438,0,0,-2.03965e-06
270,-1.88683e-06,3.03424,0,99.2749,-8.13536e-07,45.776,0.128438,0,0,-1.88683e-06
271,-0.00137557,2.09536,0,32.6043,-2.23331e-06,45.776,0.128438,0,0,-0.00137557
272,-9.49235e-07,3.14502,0,110.284,-7.39187e-07,45.776,0.128438,0,0,-9.49235e-07
273,-0.323181,1.56477,0,22.9545,-5.40787e-06,33.9108,0.201259,-0.0235524,0,-0.323181
274,-1.89558e-05,2.75051,0,68.0061,-1.11142e-06,45.776,0.128438,0,0,-1.89558e-05
275,-3.00154e-05,2.54035,0,60.9759,-1.42124e-06,45.776,0.128438,0,0,-3.00154e-05
276,-2.13773e-06,3.00798,0,96.5377,-8.42796e-07,45.776,0.128438,0,0,-2.13773e-06
277,-7.4428e-06,2.84269,0,76.9214,-1.0541e-06,45.776,0.128438,0,0,-7.4428e-06
278,-2.32922,1.49821,0,16.9002,-2.85183e-06,33.1405,0.161892,-0.365498,0,-2.32922
279,-8.27624e-05,2.50061,0,51.8217,-1.44603e-06,45.776,0.128438,0,0,-8.27624e-05
280,-4.53163e-06,2.92615,0,83.5824,-9.34988e-07,45.776,0.128438,0,0,-4.53163e-06
281,-1.20771e-05,2.78923,0,71.1668,-1.0771e-06,45.776,0.128438,0,0,-1.20771e-05
282,-0.192461,1.68415,0,28.0332,-2.57736e-06,44.4128,0.148004,-0.0149886,0,-0.192461
283,-1.08378e-06,3.1233,0,108.054,-7.39658e-07,45.776,0.128438,0,0,-1.08378e-06
284,-8.70921e-06,2.80268,0,74.8231,-1.08937e-06,45.776,0.128438,0,0,-8.70921e-06
285,-0.00129306,2.17765,0,35.6361,-2.04996e-06,45.776,0.128438,0,0,-0.00129306
286,-0.251993,1.69799,0,23.1775,-6.83779e-06,36.8655,0.338552,-0.0965347,0,-0.251993
287,-1.84118e-05,2.7408,0,66.6127,-1.15391e-06,45.776,0.128438,0,0,-1.84118e-05
288,-2.91086e-05,2.63151,0,62.6536,-1.32224e-06,45.776,0.128438,0,0,-2.91086e-05
289,-8.73058e-05,2.52105,0,52.2401,-1.41776e-06,45.776,0.128438,0,0,-8.73058e-05
290,-3.06531e-06,3.02798,0,89.9714,-8.23948e-07,45.776,0.128438,0,0,-3.06531e-06
291,-1.91149e-05,2.64725,0,68.3657,-1.19105e-06,45.776,0.128438,0,0,-1.91149e-05
292,-0.00115643,2.18542,0,36.8278,-2.00821e-06,45.776,0.128438,0,0,-0.00115643
293,-1.5113e-05,2.74428,0,68.3876,-1.14674e-06,45.776,0.128438,0,0,-1.5113e-05
294,-8.85887e-05,2.523,0,52.408,-1.44599e-06,45.776,0.128438,0,0,-8.85887e-05
295,-1.1436e-05,2.83141,0,73.004,-1.03494e-06,45.776,0.128438,0,0,-1.1436e-05
296,-6.85137e-05,2.534,0,55.0015,-1.44492e-06,45.776,0.128438,0,0,-6.85137e-05
297,-1.57539e-05,2.72061,0,68.7084,-1.18263e-06,45.776,0.128438,0,0,-1.57539e-05
298,-2.48449e-05,2.70948,0,64.2761,-1.15939e-06,45.776,0.128438,0,0,-2.48449e-05
299,-1.94005e-05,2.64278,0,65.3727,-1.29825e-06,45.776,0.128438,0,0,-1.94005e-05
300,-7.09156e-06,2.85403,0,77.2585,-1.04525e-06,45.776,0.128438,0,0,-7.09156e-06
301,-1.27799e-05,2.72478,0,73.9901,-1.10007e-06,45.776,0.128438,0,0,-1.27799e-05
302,-0.840521,1.37946,0,16.6556,-8.62081e-06,36.7794,4.12796,-0.545544,0,-0.840521
303,-9.9021e-06,2.77472,0,76.5515,-1.06063e-06,45.776,0.128438,0,0,-9.9021e-06
304,-1.22471e-05,2.72483,0,73.997,-1.12337e-06,45.776,0.128438,0,0,-1.22471e-05
305,-1.14634e-06,3.11384,0,107.142,-7.50326e-07,45.776,0.128438,0,0,-1.14634e-06
306,-1.23888e-05,2.74032,0,70.4547,-1.16703e-06,45.776,0.128438,0,0,-1.23888e-05
307,-0.0544954,1.81137,0,26.5171,-4.38956e-06,42.0844,0.128217,-1.47465e-07,0,-0.0544954
308,-0.000113329,2.42431,0,51.3174,-1.669e-06,45.776,0.128438,0,0,-0.000113329
309,-2.36779e-06,3.06756,0,93.7331,-8.03808e-07,45.776,0.128438,0,0,-2.36779e-06
310,-0.000668558,2.24374,0,38.4696,-1.87975e-06,45.776,0.128438,0,0,-0.000668558
311,-2.09344e-05,2.612,0,65.7028,-1.29162e-06,45.776,0.128438,0,0,-2.09344e-05
312,-4.7839e-05,2.53966,0,59.5069,-1.35983e-06,45.776,0.128438,0,0,-4.7839e-05
313,-5.13559e-06,2.86699,0,84.1443,-9.55967e-07,45.776,0.128438,0,0,-5.13559e-06
314,-8.77772e-06,2.78693,0,78.341,-1.03203e-06,45.776,0.128438,0,0,-8.77772e-06
315,-1.36621e-05,2.72941,0,71.3488,-1.13022e-06,45.776,0.128438,0,0,-1.36621e-05
316,-6.49387e-05,2.60156,0,57.1881,-1.27957e-06,45.776,0.128438,0,0,-6.49387e-05
317,-7.26526e-06,2.81388,0,77.379,-1.08632e-06,45.776,0.128438,0,0,-7.26526e-06
318,-3.40687e-05,2.58219,0,59.6994,-1.40098e-06,45.776,0.128438,0,0,-3.40687e-05
319,-4.02695e-05,2.55123,0,57.2825,-1.42136e-06,45.776,0.128438,0,0,-4.02695e-05
320,-1.76338e-05,2.73425,0,67.8486,-1.15413e-06,45.776,0.128438,0,0,-1.76338e-05
321,-1.40957e-05,2.68578,0,70.0924,-1.20075e-06,45.776,0.128438,0,0,-1.40957e-05
322,-1.41546e-06,3.07721,0,103.479,-7.87404e-07,45.776,0.128438,0,0,-1.41546e-06
323,-3.97205e-05,2.66401,0,61.2319,-1.1965e-06,45.776,0.128438,0,0,-3.97205e-05
324,-0.0116986,1.85155,0,33.0288,-2.35321e-06,45.1839,0.128438,-1.13268e-16,0,-0.0116986
325,-9.56901e-05,2.44694,0,50.0892,-1.61291e-06,45.776,0.128438,0,0,-9.56901e-05
326,-1.12089e-05,2.74463,0,72.0715,-1.17276e-06,45.776,0.128438,0,0,-1.12089e-05
327,-1.88223,0.597973,0.000500941,9.04586,-1.22803e-05,32.6416,2.80695,-0.295358,0.69005,-1.88223
328,-3.78314e-05,2.54116,0,62.2243,-1.34571e-06,45.776,0.128438,0,0,-3.78314e-05
329,-2.04458,1.37862,0,16.1644,-3.29636e-06,40.1399,4.40223,-0.335668,0,-2.04458
330,-2.88361e-06,3.03194,0,90.2464,-8.37139e-07,45.776,0.128438,0,0,-2.88361e-06
331,-0.000148396,2.3479,0,46.5402,-1.80619e-06,45.776,0.128438,0,0,-0.000148396
332,-9.05222e-05,2.46085,0,49.8512,-1.54808e-06,45.776,0.128438,0,0,-9.05222e-05
333,-4.12606e-06,2.98518,0,86.024,-8.67625e-07,45.776,0.128438,0,0,-4.12606e-06
334,-3.82994e-05,2.52449,0,59.1812,-1.48543e-06,45.776,0.128438,0,0,-3.82994e-05
335,-1.76044e-05,2.66749,0,66.765,-1.27153e-06,45.776,0.128438,0,0,-1.76044e-05
336,-9.6881e-06,2.76093,0,75.7631,-1.08781e-06,45.776,0.128438,0,0,-9.6881e-06
337,-2.55512e-05,2.62387,0,62.4258,-1.34951e-06,45.776,0.128438,0,0,-2.55512e-05
338,-0.00221496,1.88491,0,33.2175,-2.34285e-06,45.776,0.128438,0,0,-0.00221496
339,-0.000788155,2.20205,0,40.7841,-2.22419e-06,45.776,0.128438,0,0,-0.000788155
340,-4.15133e-05,2.53992,0,59.1747,-1.46726e-06,45.776,0.128438,0,0,-4.15133e-05
341,-0.000216301,2.27979,0,43.5921,-1.96186e-06,45.776,0.128438,0,0,-0.000216301
342,-4.44848e-05,2.55081,0,57.8163,-1.47706e-06,45.776,0.128438,0,0,-4.44848e-05
343,-0.00119078,2.10133,0,36.6025,-2.63003e-06,45.776,0.128438,0,0,-0.00119078
344,-1.47109e-05,2.68877,0,70.1072,-1.22968e-06,45.776,0.128438,0,0,-1.47109e-05
345,-3.11707e-05,2.53536,0,61.7921,-1.35513e-06,45.776,0.128438,0,0,-3.11707e-05
346,-3.61873e-06,3.00081,0,87.3484,-8.54329e-07,45.776,0.128438,0,0,-3.61873e-06
347,-5.56873e-06,2.83923,0,82.389,-9.86776e-07,45.776,0.128438,0,0,-5.56873e-06
348,-0.00023344,2.28936,0,49.1579,-1.74529e-06,45.776,0.128438,0,0,-0.00023344
349,-1.47414e-05,2.69983,0,71.9526,-1.15458e-06,45.776,0.128438,0,0,-1.47414e-05
350,-1.62694e-05,2.7001,0,67.6315,-1.21134e-06,45.776,0.128438,0,0,-1.62694e-05
351,-2.35442e-05,2.69491,0,63.2895,-1.18881e-06,45.776,0.128438,0,0,-2.35442e-05
352,-0.00016872,2.4004,0,48.7065,-1.7807e-06,45.776,0.128438,0,0,-0.00016872
353,-0.000111414,2.35222,0,46.5118,-1.70781e-06,45.776,0.128438,0,0,-0.000111414
354,-4.91557e-06,2.87813,0,85.561,-9.48716e-07,45.776,0.128438,0,0,-4.91557e-06
355,-2.6351e-06,3.0437,0,91.7479,-8.1294e-07,45.776,0.128438,0,0,-2.6351e-06
356,-7.1675e-06,2.84422,0,77.2635,-1.0308e-06,45.776,0.128438,0,0,-7.1675e-06
357,-0.647114,1.51052,0,18.8712,-4.60813e-06,40.4454,0.284543,-0.0319792,0,-0.647114
358,-9.73436e-06,2.74915,0,74.1287,-1.14797e-06,45.776,0.128438,0,0,-9.73436e-06
359,-1.92199e-05,2.73091,0,65.6212,-1.15436e-06,45.776,0.128438,0,0,-1.92199e-05
360,-0.644046,1.63219,0,20.2217,-7.29268e-06,38.0668,0.965147,-0.223057,0,-0.644046
361,-2.42975e-06,3.05982,0,93.1011,-8.14981e-07,45.776,0.128438,0,0,-2.42975e-06
362,-4.41231e-06,2.96477,0,84.0713,-9.03222e-07,45.776,0.128438,0,0,-4.41231e-06
363,-9.6762e-06,2.77096,0,75.3084,-1.08565e-06,45.776,0.128438,0,0,-9.6762e-06
364,-0.00334847,1.9622,0,34.8358,-2.41086e-06,45.776,0.128438,0,0,-0.00334847
365,-0.0353359,1.34889,0,13.7308,-4.3287e-06,44.5238,0.128438,-3.15033e-17,0,-0.0353359
366,-0.000218115,2.4073,0,46.0778,-1.62473e-06,45.776,0.128438,0,0,-0.000218115
367,-0.000125029,2.33121,0,46.7188,-1.75551e-06,45.776,0.128438,0,0,-0.000125029
368,-6.04933e-05,2.60977,0,57.66,-1.25418e-06,45.776,0.128438,0,0,-6.04933e-05
369,-7.53459e-06,2.83376,0,77.1403,-1.05265e-06,45.776,0.128438,0,0,-7.53459e-06
370,-2.88615e-06,2.9629,0,92.5136,-8.76635e-07,45.776,0.128438,0,0,-2.88615e-06
371,-5.30441e-06,2.84764,0,83.03,-9.70705e-07,45.776,0.128438,0,0,-5.30441e-06
372,-4.16617e-05,2.55393,0,59.256,-1.40065e-06,45.776,0.128438,0,0,-4.16617e-05
373,-3.08204e-05,2.63056,0,61.9939,-1.30184e-06,45.776,0.128438,0,0,-3.08204e-05
374,-2.72042e-07,3.35341,0,134.982,-6.0736e-07,45.776,0.128438,0,0,-2.72042e-07
375,-1.53214e-05,2.71708,0,70.3914,-1.20428e-06,45.776,0.128438,0,0,-1.53214e-05
376,-0.0200884,1.5848,0,22.2176,-4.46851e-06,44.1138,0.128438,-1.50376e-15,0,-0.0200884
377,-0.000192089,2.42282,0,47.4504,-1.64086e-06,45.776,0.128438,0,0,-0.000192089
378,-1.55401e-07,3.46155,0,146.636,-5.53307e-07,45.776,0.128438,0,0,-1.55401e-07
379,-6.15474e-09,4.00336,0,249.504,-3.15601e-07,45.776,0.128438,0,0,-6.15474e-09
380,-1.77365e-08,3.82969,0,209.806,-3.69857e-07,45.776,0.128438,0,0,-1.77365e-08
381,-9.0191e-08,3.54429,0,159.629,-4.91484e-07,45.776,0.128438,0,0,-9.0191e-08
382,-0.000285192,2.08251,0,35.218,-2.16894e-06,45.776,0.128438,0,0,-0.000285192
383,-1.07864e-05,2.86651,0,78.0208,-1.02467e-06,45.776,0.128438,0,0,-1.07864e-05
384,-7.36031e-06,2.86699,0,83.1269,-9.85147e-07,45.776,0.128438,0,0,-7.36031e-06
385,-5.27739e-06,2.8299,0,78.473,-1.04319e-06,45.776,0.128438,0,0,-5.27739e-06
386,-0.000790405,2.00617,0,35.0234,-2.30807e-06,45.776,0.128438,0,0,-0.000790405
387,-1.22219e-05,2.78805,0,70.7089,-1.09655e-06,45.776,0.128438,0,0,-1.22219e-05
388,-4.20947e-08,3.67306,0,181.319,-4.34946e-07,45.776,0.128438,0,0,-4.20947e-08
389,-0.000744438,2.09112,0,39.9426,-2.44716e-06,45.776,0.128438,0,0,-0.000744438
390,-0.739525,1.21079,1.2167e-39,10.1584,-6.69376e-06,41.7038,6.82158,-0.302841,-0.093891,-0.739525
391,-6.53393e-06,2.85854,0,79.5317,-1.02687e-06,45.776,0.128438,0,0,-6.53393e-06
392,-4.4236e-06,2.90753,0,86.2206,-9.43111e-07,45.776,0.128438,0,0,-4.4236e-06
393,-1.82996,1.2705,0,17.5242,-4.07194e-06,34.0823,0.491625,-0.247551,0,-1.82996
394,-0.000100902,2.35149,0,51.975,-1.65309e-06,45.776,0.128438,0,0,-0.000100902
395,-0.0487019,1.31491,0,20.1784,-3.83926e-06,46.9877,0.128438,-1.11837e-11,0,-0.0487019
396,-0.0199567,2.04098,0,30.4672,-2.30933e-06,45.4736,0.128438,-3.75219e-12,0,-0.0199567
397,-0.00198514,2.22202,0,37.5456,-1.94268e-06,45.776,0.128438,0,0,-0.00198514
398,-1.71339e-05,2.75642,0,68.0253,-1.11313e-06,45.776,0.128438,0,0,-1.71339e-05
399,-0.000452768,2.18821,0,41.2846,-2.20998e-06,45.776,0.128438,0,0,-0.000452768
400,-0.000242474,2.37918,0,46.2854,-1.66629e-06,45.776,0.128438,0,0,-0.000242474
401,-1.24681e-05,2.73272,0,70.7085,-1.16537e-06,45.776,0.128438,0,0,-1.24681e-05
402,-4.58494e-05,2.49392,0,59.5322,-1.37598e-06,45.776,0.128438,0,0,-4.58494e-05
403,-0.00105177,2.26468,0,39.5846,-1.94518e-06,45.776,0.128438,0,0,-0.00105177
404,-1.98344e-05,2.69747,0,65.5674,-1.24079e-06,45.776,0.128438,0,0,-1.98344e-05
405,-2.57472e-05,2.59179,0,62.3209,-1.39367e-06,45.776,0.128438,0,0,-2.57472e-05
406,-0.000203027,2.32409,0,43.2769,-1.81932e-06,45.776,0.128438,0,0,-0.000203027
407,-2.77557e-05,2.59252,0,65.3214,-1.24951e-06,45.776,0.128438,0,0,-2.77557e-05
408,-2.42036e-05,2.72909,0,65.5111,-1.13558e-06,45.776,0.128438,0,0,-2.42036e-05
409,-4.23174e-05,2.51185,0,60.4752,-1.40176e-06,45.776,0.128438,0,0,-4.23174e-05
410,-1.52072e-05,2.69126,0,68.0709,-1.23657e-06,45.776,0.128438,0,0,-1.52072e-05
411,-9.15686e-05,2.4845,0,50.9206,-1.501e-06,45.776,0.128438,0,0,-9.15686e-05
412,-0.000108795,2.37977,0,52.825,-1.51941e-06,45.776,0.128438,0,0,-0.000108795
413,-0.593531,1.59654,0,25.8843,-3.17972e-06,42.6094,0.634802,-0.225639,0,-0.593531
414,-0.000111781,2.35503,0,51.6827,-1.55916e-06,45.776,0.128438,0,0,-0.000111781
415,-0.00114805,2.22275,0,38.4844,-1.91425e-06,45.776,0.128438,0,0,-0.00114805
416,-0.00906076,1.28391,0,13.4464,-4.62037e-06,45.7757,0.128438,-6.35741e-29,0,-0.00906076
417,-3.2065e-05,2.55236,0,59.9913,-1.42613e-06,45.776,0.128438,0,0,-3.2065e-05
418,-2.7136e-05,2.66214,0,61.9129,-1.27714e-06,45.776,0.128438,0,0,-2.7136e-05
419,-6.52566e-05,2.46489,0,53.3867,-1.54656e-06,45.776,0.128438,0,0,-6.52566e-05
420,-0.00064038,2.09401,0,41.0244,-1.95549e-06,45.776,0.128438,0,0,-0.00064038
421,-0.000118766,2.46966,0,49.5509,-1.47837e-06,45.776,0.128438,0,0,-0.000118766
422,-2.71743e-05,2.60934,0,63.9949,-1.27171e-06,45.776,0.128438,0,0,-2.71743e-05
423,-3.92386e-05,2.5495,0,59.1588,-1.38987e-06,45.776,0.128438,0,0,-3.92386e-05
424,-0.00390572,1.84129,0,24.7568,-3.08892e-06,45.776,0.128438,-5.35716e-42,0,-0.00390572
425,-2.73151e-05,2.59331,0,65.0682,-1.25336e-06,45.776,0.128438,0,0,-2.73151e-05
426,-2.08252,1.21023,0,12.5847,-5.40556e-06,44.9489,1.23561,-0.381994,0,-2.08252
427,-1.1694,1.6527,0,19.1907,-3.12686e-06,38.5334,0.741246,-0.443426,0,-1.1694
428,-0.00671084,2.04627,0,30.8179,-2.42722e-06,45.6723,0.128438,-7.86502e-18,0,-0.00671084
429,-2.39725e-06,2.98777,0,93.5099,-8.96703e-07,45.776,0.128438,0,0,-2.39725e-06
430,-1.64728,0.484835,2.95805e-19,9.05543,-1.25489e-05,46.4078,1.38506,-0.407501,-0.312029,-1.64728
431,-0.000149366,2.44484,0,48.1093,-1.54354e-06,45.776,0.128438,0,0,-0.000149366
432,-1.72054e-05,2.77038,0,68.4633,-1.09536e-06,45.776,0.128438,0,0,-1.72054e-05
433,-1.16916e-05,2.75533,0,71.3693,-1.15565e-06,45.776,0.128438,0,0,-1.16916e-05
434,-0.0150194,1.85508,0,24.5083,-2.89638e-06,45.3863,0.128438,-2.21085e-18,0,-0.0150194
435,-2.36961e-05,2.71638,0,64.5957,-1.16241e-06,45.776,0.128438,0,0,-2.36961e-05
436,-1.4206e-05,2.74929,0,69.5909,-1.14867e-06,45.776,0.128438,0,0,-1.4206e-05
437,-1.93544e-05,2.75168,0,67.0557,-1.11008e-06,45.776,0.128438,0,0,-1.93544e-05
438,-1.69549e-05,2.68684,0,68.6773,-1.16833e-06,45.776,0.128438,0,0,-1.69549e-05
439,-8.95655e-05,2.5308,0,52.8189,-1.40614e-06,45.776,0.128438,0,0,-8.95655e-05
440,-0.00173848,1.8994,0,30.4965,-3.04671e-06,45.776,0.128438,0,0,-0.00173848
441,-0.000160263,2.37636,0,49.1992,-1.75365e-06,45.776,0.128438,0,0,-0.000160263
442,-8.69618e-06,2.8228,0,74.7049,-1.08218e-06,45.776,0.128438,0,0,-8.69618e-06
443,-0.00544887,2.02398,0,31.2994,-2.53227e-06,45.776,0.128438,-2.28552e-42,0,-0.00544887
444,-2.6909e-05,2.69914,0,63.3843,-1.16489e-06,45.776,0.128438,0,0,-2.6909e-05
445,-4.15922e-05,2.51365,0,60.6206,-1.36648e-06,45.776,0.128438,0,0,-4.15922e-05
446,-1.90998e-05,2.66298,0,66.3677,-1.26996e-06,45.776,0.128438,0,0,-1.90998e-05
447,-5.89224e-05,2.59433,0,56.6367,-1.29486e-06,45.776,0.128438,0,0,-5.89224e-05
448,-2.20749e-05,2.69894,0,64.1263,-1.20367e-06,45.776,0.128438,0,0,-2.20749e-05
449,-0.000125771,2.32755,0,50.9418,-1.60756e-06,45.776,0.128438,0,0,-0.000125771
450,-3.95702e-05,2.52477,0,57.6441,-1.51182e-06,45.776,0.128438,0,0,-3.95702e-05
451,-0.000335742,2.26057,0,44.1851,-2.0349e-06,45.776,0.128438,0,0,-0.000335742
452,-1.45789e-05,2.76106,0,69.3508,-1.08989e-06,45.776,0.128438,0,0,-1.45789e-05
453,-8.19119e-06,2.81715,0,75.4658,-1.06837e-06,45.776,0.128438,0,0,-8.19119e-06
454,-6.22808e-05,2.45419,0,56.3876,-1.56966e-06,45.776,0.128438,0,0,-6.22808e-05
455,-0.000108896,2.45833,0,50.3115,-1.53088e-06,45.776,0.128438,0,0,-0.000108896
456,-0.000131512,2.33276,0,51.2828,-1.62506e-06,45.776,0.128438,0,0,-0.000131512
457,-1.02642e-05,2.77875,0,73.5911,-1.10629e-06,45.776,0.128438,0,0,-1.02642e-05
458,-0.0234234,1.40452,0,14.7803,-4.85901e-06,43.5102,0.128438,-3.82686e-14,0,-0.0234234
459,-0.00015135,2.34726,0,45.082,-1.76642e-06,45.776,0.128438,0,0,-0.00015135
460,-5.24748e-05,2.4707,0,58.265,-1.3912e-06,45.776,0.128438,0,0,-5.24748e-05
461,-5.99727e-06,2.85384,0,79.9913,-1.04119e-06,45.776,0.128438,0,0,-5.99727e-06
462,-0.00289608,2.00783,0,29.6377,-2.41068e-06,45.776,0.128438,-1.22681e-32,0,-0.00289608
463,-8.00425e-05,2.46769,0,54.8377,-1.51866e-06,45.776,0.128438,0,0,-8.00425e-05
464,-1.4718e-05,2.72012,0,68.0487,-1.18804e-06,45.776,0.128438,0,0,-1.4718e-05
465,-0.00027794,2.40631,0,46.1504,-1.60796e-06,45.776,0.128438,0,0,-0.00027794
466,-1.94614e-05,2.68835,0,66.856,-1.24374e-06,45.776,0.128438,0,0,-1.94614e-05
467,-7.00764e-05,2.51509,0,53.6753,-1.53492e-06,45.776,0.128438,0,0,-7.00764e-05
468,-0.00170707,2.00758,0,32.4279,-2.68884e-06,45.776,0.128438,0,0,-0.00170707
469,-0.000190087,2.39295,0,46.2611,-1.62739e-06,45.776,0.128438,0,0,-0.000190087
470,-0.00440636,1.85919,0,28.1025,-3.45956e-06,45.776,0.128438,-9.31709e-33,0,-0.00440636
471,-0.408289,1.77584,0,22.6228,-2.73137e-06,44.0579,0.125559,-0.000254026,0,-0.408289
472,-0.000147068,2.35997,0,52.3895,-1.53004e-06,45.776,0.128438,0,0,-0.000147068
473,-1.72279e-05,2.69514,0,68.1963,-1.2113e-06,45.776,0.128438,0,0,-1.72279e-05
474,-1.55732e-05,2.71566,0,67.383,-1.2065e-06,45.776,0.128438,0,0,-1.55732e-05
475,-5.23332e-05,2.58733,0,57.5104,-1.311e-06,45.776,0.128438,0,0,-5.23332e-05
476,-2.15481,0.976179,3.42782e-20,10.9084,-1.50475e-05,31.5683,1.98244,-0.38999,0.385964,-2.15481
477,-4.31598e-05,2.6389,0,59.4972,-1.2584e-06,45.776,0.128438,0,0,-4.31598e-05
478,-7.67089e-06,2.88336,0,77.4162,-9.62219e-07,45.776,0.128438,0,0,-7.67089e-06
479,-4.54206e-06,2.96568,0,84.1917,-8.96583e-07,45.776,0.128438,0,0,-4.54206e-06
480,-0.000104735,2.5214,0,52.2647,-1.42379e-06,45.776,0.128438,0,0,-0.000104735
481,-0.135351,1.46534,0,19.7284,-4.70438e-06,42.5289,0.124728,-9.5301e-05,0,-0.135351
482,-2.04901e-05,2.68364,0,64.8947,-1.27147e-06,45.776,0.128438,0,0,-2.04901e-05
483,-0.0100838,1.76899,0,23.2675,-3.32869e-06,45.776,0.128438,-2.1024e-34,0,-0.0100838
484,-0.000875318,2.09188,0,40.7262,-1.92432e-06,45.776,0.128438,0,0,-0.000875318
485,-0.413337,1.36545,0,19.3097,-4.21397e-06,42.6717,0.194656,-0.0988273,0,-0.413337
486,-5.86458e-05,2.51817,0,54.6265,-1.51941e-06,45.776,0.128438,0,0,-5.86458e-05
487,-0.000225308,2.2423,0,47.0894,-1.86265e-06,45.776,0.128438,0,0,-0.000225308
488,-6.9327e-06,2.80652,0,79.7617,-1.03381e-06,45.776,0.128438,0,0,-6.9327e-06
489,-8.10481e-06,2.87976,0,76.8538,-9.81405e-07,45.776,0.128438,0,0,-8.10481e-06
490,-0.000247492,2.41707,0,46.5865,-1.58077e-06,45.776,0.128438,0,0,-0.000247492
491,-0.869329,0.665947,0.00601724,3.0052,-8.47914e-06,39.5185,0.220573,-0.0929229,-0.829933,-0.869329
492,-7.63756e-05,2.44019,0,56.2438,-1.44881e-06,45.776,0.128438,0,0,-7.63756e-05
493,-6.81142e-06,2.82118,0,80.8548,-1.00796e-06,45.776,0.128438,0,0,-6.81142e-06
494,-8.64198e-06,2.77859,0,77.8298,-1.06176e-06,45.776,0.128438,0,0,-8.64198e-06
495,-0.000497428,2.09804,0,40.7061,-2.30807e-06,45.776,0.128438,0,0,-0.000497428
496,-9.6309e-06,2.82067,0,74.09,-1.05188e-06,45.776,0.128438,0,0,-9.6309e-06
497,-1.31868e-05,2.79547,0,70.5355,-1.08912e-06,45.776,0.128438,0,0,-1.31868e-05
498,-1.14837e-05,2.73004,0,74.3614,-1.0853e-06,45.776,0.128438,0,0,-1.14837e-05
499,-8.43199e-05,2.46111,0,51.6057,-1.62689e-06,45.776,0.128438,0,0,-8.43199e-05
the acceptance ratio: 0.482
