rot 6.28
tra 0.1
temperature 0.5
total steps 1000
step,etot,elhm,ekde,edst,eele,epmf,ehpc,ehdb,epsp,evdw
0,-0.000376071,2.11727,0,38.9677,-2.60878e-05,45.776,0.128438,0,0,-0.000376071
1,-1.55018,0.555193,6.78588e-07,6.64352,1.60474e-05,41.5671,3.43147,-0.287966,-0.223412,-1.55018
2,-4.73052e-06,2.91485,0,82.9738,-2.12913e-06,45.776,0.128438,0,0,-4.73052e-06
3,-6.44929e-06,2.91269,0,79.6398,-1.55408e-06,45.776,0.128438,0,0,-6.44929e-06
4,-0.000102364,2.45392,0,50.633,-3.29932e-06,45.776,0.128438,0,0,-0.000102364
5,-3.30555e-05,2.6662,0,61.778,-2.45986e-06,45.776,0.128438,0,0,-3.30555e-05
6,-6.08107e-05,2.48184,0,54.0743,-4.80947e-06,45.776,0.128438,0,0,-6.08107e-05
7,-0.00563445,1.84232,0,29.9685,-1.74072e-05,45.776,0.128438,-1.27419e-33,0,-0.00563445
8,-3.12146e-06,2.97207,0,89.171,-2.15877e-06,45.776,0.128438,0,0,-3.12146e-06
9,-2.92346e-05,2.69776,0,63.2768,-2.11347e-06,45.776,0.128438,0,0,-2.92346e-05
10,-3.13356e-06,2.9569,0,88.8285,-2.24536e-06,45.776,0.128438,0,0,-3.13356e-06
11,-5.22964e-05,2.49845,0,57.7163,-3.63168e-06,45.776,0.128438,0,0,-5.22964e-05
12,-7.0971e-05,2.46372,0,52.4592,-6.03662e-06,45.776,0.128438,0,0,-7.0971e-05
13,-5.80912e-05,2.49323,0,56.2868,-5.14666e-06,45.776,0.128438,0,0,-5.80912e-05
14,-2.24414e-05,2.73873,0,66.1751,-2.4563e-06,45.776,0.128438,0,0,-2.24414e-05
15,-1.09227e-07,3.54526,0,154.149,-6.81208e-07,45.776,0.128438,0,0,-1.09227e-07
16,-2.63963e-08,3.78101,0,196.141,-4.66801e-07,45.776,0.128438,0,0,-2.63963e-08
17,-0.137206,1.36556,0,19.7871,2.53347e-05,39.2115,0.127373,-0.000244463,0,-0.137206
18,-0.160161,0.921342,2.64625e-28,8.96732,-1.51365e-06,44.973,0.126405,-1.00353e-06,0,-0.160161
19,-8.37051e-06,2.80293,0,75.691,-1.08964e-06,45.776,0.128438,0,0,-8.37051e-06
20,-1.4782e-05,2.67226,0,69.7915,-1.24535e-06,45.776,0.128438,0,0,-1.4782e-05
21,-0.00497416,1.38382,0,15.5299,-3.86998e-06,45.776,0.128438,-0,0,-0.00497416
22,-3.05291e-06,2.95266,0,91.7052,-8.8427e-07,45.776,0.128438,0,0,-3.05291e-06
23,-0.560048,1.64554,0,21.4963,-8.7536e-06,40.4479,0.571941,-0.0711666,0,-0.560048
24,-5.53479e-06,2.85052,0,83.3251,-9.87649e-07,45.776,0.128438,0,0,-5.53479e-06
25,-6.8297e-05,2.49073,0,53.9973,-1.52313e-06,45.776,0.128438,0,0,-6.8297e-05
26,-8.95514e-07,3.20219,0,108.76,-7.16517e-07,45.776,0.128438,0,0,-8.95514e-07
27,-3.67225e-08,3.69399,0,185.973,-4.31449e-07,45.776,0.128438,0,0,-3.67225e-08
28,-0.000134275,2.37654,0,50.4324,-1.67254e-06,45.776,0.128438,0,0,-0.000134275
29,-0.00187608,1.79422,0,26.149,-2.87681e-06,45.776,0.128438,0,0,-0.00187608
30,-4.58188e-05,2.47508,0,57.7316,-1.5023e-06,45.776,0.128438,0,0,-4.58188e-05
31,-2.38703,1.1468,0,12.7869,-5.82581e-06,45.9811,10.0292,-0.121568,0,-2.38703
32,-8.45627e-06,2.84545,0,75.987,-1.02013e-06,45.776,0.128438,0,0,-8.45627e-06
33,-6.70486e-06,2.84717,0,78.5108,-1.05134e-06,45.776,0.128438,0,0,-6.70486e-06
34,-1.16654e-05,2.73207,0,71.4607,-1.20681e-06,45.776,0.128438,0,0,-1.16654e-05
35,-1.02231e-05,2.79754,0,72.8646,-1.06724e-06,45.776,0.128438,0,0,-1.02231e-05
36,-5.49335e-05,2.58399,0,56.0621,-1.3446e-06,45.776,0.128438,0,0,-5.49335e-05
37,-1.07219e-05,2.75387,0,72.1406,-1.1542e-06,45.776,0.128438,0,0,-1.07219e-05
38,-0.00132575,1.90425,0,30.8775,-2.97272e-06,45.776,0.128438,0,0,-0.00132575
39,-5.6879e-06,2.88203,0,80.4466,-9.96483e-07,45.776,0.128438,0,0,-5.6879e-06
40,-9.39809e-06,2.7942,0,74.9076,-1.10155e-06,45.776,0.128438,0,0,-9.39809e-06
41,-1.06676e-05,2.77807,0,71.6018,-1.11022e-06,45.776,0.128438,0,0,-1.06676e-05
42,-4.08978e-06,2.98075,0,85.5864,-8.81052e-07,45.776,0.128438,0,0,-4.08978e-06
43,-6.72387e-06,2.81937,0,80.9398,-9.95988e-07,45.776,0.128438,0,0,-6.72387e-06
44,-1.6487e-05,2.76503,0,68.0203,-1.1158e-06,45.776,0.128438,0,0,-1.6487e-05
45,-0.397743,1.81351,0,23.5246,-2.62443e-06,43.9113,0.13994,-8.33009e-05,0,-0.397743
46,-4.2166e-06,2.97722,0,85.2109,-8.799e-07,45.776,0.128438,0,0,-4.2166e-06
47,-8.43209e-05,2.54564,0,54.0534,-1.34884e-06,45.776,0.128438,0,0,-8.43209e-05
48,-6.69396e-05,2.56951,0,56.0122,-1.32373e-06,45.776,0.128438,0,0,-6.69396e-05
49,-3.96273e-06,2.92491,0,85.7359,-9.85076e-07,45.776,0.128438,0,0,-3.96273e-06
50,-0.028925,1.78905,0,25.8478,-4.3002e-06,44.3833,0.128438,-2.03553e-10,0,-0.028925
51,-3.97975e-05,2.54559,0,58.2356,-1.41658e-06,45.776,0.128438,0,0,-3.97975e-05
52,-0.0155379,2.01702,0,29.9939,-2.22384e-06,45.7599,0.128438,-5.23021e-30,0,-0.0155379
53,-0.000191918,2.35499,0,46.0926,-1.83974e-06,45.776,0.128438,0,0,-0.000191918
54,-1.18205e-05,2.79767,0,71.3093,-1.07253e-06,45.776,0.128438,0,0,-1.18205e-05
55,-5.96735e-06,2.86407,0,80.359,-1.00905e-06,45.776,0.128438,0,0,-5.96735e-06
56,-7.46205e-05,2.47344,0,56.0747,-1.48562e-06,45.776,0.128438,0,0,-7.46205e-05
57,-7.27935e-05,2.50464,0,54.1918,-1.56002e-06,45.776,0.128438,0,0,-7.27935e-05
58,-0.789645,1.73121,0,21.1147,-2.89239e-06,43.9863,0.183528,-0.16295,0,-0.789645
59,-6.30179e-05,2.43486,0,56.2985,-1.50532e-06,45.776,0.128438,0,0,-6.30179e-05
60,-1.04164e-05,2.82283,0,73.682,-1.04591e-06,45.776,0.128438,0,0,-1.04164e-05
61,-2.748e-05,2.6141,0,64.5753,-1.26392e-06,45.776,0.128438,0,0,-2.748e-05
62,-0.000499949,2.12482,0,37.0264,-2.36532e-06,45.776,0.128438,0,0,-0.000499949
63,-0.000244187,2.29771,0,47.7709,-1.75628e-06,45.776,0.128438,0,0,-0.000244187
64,-0.00015339,2.30529,0,49.3568,-1.63881e-06,45.776,0.128438,0,0,-0.00015339
65,-0.0383338,0.897633,2.18743e-42,9.11384,-5.44325e-06,45.5762,0.128438,-2.2459e-19,0,-0.0383338
66,-3.66617e-06,2.92406,0,86.8185,-9.52327e-07,45.776,0.128438,0,0,-3.66617e-06
67,-6.17714e-05,2.53966,0,54.9167,-1.47887e-06,45.776,0.128438,0,0,-6.17714e-05
68,-0.000347626,2.20934,0,43.6676,-2.14312e-06,45.776,0.128438,0,0,-0.000347626
69,-1.945e-05,2.71548,0,65.885,-1.21109e-06,45.776,0.128438,0,0,-1.945e-05
70,-5.62534e-06,2.93343,0,81.3722,-9.38734e-07,45.776,0.128438,0,0,-5.62534e-06
71,-0.000189147,2.35007,0,45.2928,-1.83719e-06,45.776,0.128438,0,0,-0.000189147
72,-1.51783e-05,2.71212,0,68.1976,-1.2259e-06,45.776,0.128438,0,0,-1.51783e-05
73,-0.0377188,0.941588,9.4813e-35,13.1878,-5.63851e-06,45.2341,0.128438,-1.93099e-11,0,-0.0377188
74,-4.10945e-06,2.98072,0,85.5611,-8.7053e-07,45.776,0.128438,0,0,-4.10945e-06
75,-2.96059e-05,2.67585,0,61.8394,-1.2004e-06,45.776,0.128438,0,0,-2.96059e-05
76,-0.0339837,1.46951,0,17.4249,-4.21771e-06,44.9692,0.128438,-1.5727e-15,0,-0.0339837
77,-0.00272562,1.93284,0,31.5472,-3.14699e-06,45.776,0.128438,-1.4013e-45,0,-0.00272562
78,-7.95695e-06,2.82255,0,75.4986,-1.07423e-06,45.776,0.128438,0,0,-7.95695e-06
79,-7.75424e-05,2.38923,0,53.9172,-1.56301e-06,45.776,0.128438,0,0,-7.75424e-05
80,-0.000644639,2.02891,0,38.6872,-2.16377e-06,45.776,0.128438,0,0,-0.000644639
81,-0.000800339,2.08457,0,39.2929,-2.08528e-06,45.776,0.128438,0,0,-0.000800339
82,-0.00327454,1.73302,0,27.615,-3.6314e-06,45.776,0.128438,-3.12163e-38,0,-0.00327454
83,-0.722254,0.756934,8.49718e-35,11.7175,-7.56701e-06,42.6201,0.540969,-0.278443,0,-0.722254
84,-0.000199886,2.44332,0,47.9555,-1.52447e-06,45.776,0.128438,0,0,-0.000199886
85,-2.84877e-05,2.61446,0,62.9024,-1.33688e-06,45.776,0.128438,0,0,-2.84877e-05
86,-0.0140994,1.47114,0,16.6206,-4.4747e-06,45.7691,0.128438,-1.0552e-23,0,-0.0140994
87,-2.39211,0.947039,6.22297e-24,10.3385,-1.12703e-05,35.081,1.40014,-0.480328,0.385964,-2.39211
88,-5.7211e-06,2.92936,0,81.1353,-9.43704e-07,45.776,0.128438,0,0,-5.7211e-06
89,-0.0356156,1.5726,0,24.0029,-5.0577e-06,42.0293,0.128083,-1.79683e-07,0,-0.0356156
90,-0.00235026,1.94898,0,36.0389,-2.13512e-06,45.776,0.128438,-6.8358e-35,0,-0.00235026
91,-0.00523543,2.10022,0,32.6358,-2.23991e-06,45.7595,0.128438,-3.73977e-22,0,-0.00523543
92,-1.62582e-05,2.71016,0,67.9398,-1.20435e-06,45.776,0.128438,0,0,-1.62582e-05
93,-0.000174411,2.27273,0,48.2553,-1.84278e-06,45.776,0.128438,0,0,-0.000174411
94,-1.12539e-05,2.77136,0,71.9288,-1.13915e-06,45.776,0.128438,0,0,-1.12539e-05
95,-7.31632e-05,2.47878,0,53.3412,-1.55437e-06,45.776,0.128438,0,0,-7.31632e-05
96,-0.00336414,1.98098,0,29.571,-2.70879e-06,45.776,0.128438,0,0,-0.00336414
97,-1.14649e-05,2.74876,0,73.8926,-1.09804e-06,45.776,0.128438,0,0,-1.14649e-05
98,-1.21142e-07,3.49987,0,151.949,-5.16474e-07,45.776,0.128438,0,0,-1.21142e-07
99,-6.09456e-08,3.62889,0,170.037,-4.66407e-07,45.776,0.128438,0,0,-6.09456e-08
100,-1.30274e-06,3.07623,0,103.358,-7.90645e-07,45.776,0.128438,0,0,-1.30274e-06
101,-5.20493e-05,2.41005,0,54.056,-1.48203e-06,45.776,0.128438,0,0,-5.20493e-05
102,-3.54768e-06,2.95842,0,87.2513,-9.15791e-07,45.776,0.128438,0,0,-3.54768e-06
103,-9.38337e-06,2.75792,0,75.6442,-1.11712e-06,45.776,0.128438,0,0,-9.38337e-06
104,-0.468261,0.620745,5.42707e-06,7.20238,-1.03097e-05,32.2759,0.355516,-0.0671356,0,-0.468261
105,-0.0008611,2.09135,0,37.7939,-2.5109e-06,45.776,0.128438,0,0,-0.0008611
106,-4.0164e-05,2.59177,0,58.9646,-1.38228e-06,45.776,0.128438,0,0,-4.0164e-05
107,-2.94116e-06,2.9586,0,89.9609,-9.27162e-07,45.776,0.128438,0,0,-2.94116e-06
108,-0.000447221,2.27787,0,44.281,-1.9883e-06,45.776,0.128438,0,0,-0.000447221
109,-0.000196472,2.28132,0,48.7799,-1.65181e-06,45.776,0.128438,0,0,-0.000196472
110,-7.08762e-06,2.85501,0,78.4038,-1.04141e-06,45.776,0.128438,0,0,-7.08762e-06
111,-4.10772e-08,3.68838,0,181.914,-4.34637e-07,45.776,0.128438,0,0,-4.10772e-08
112,-4.4013e-07,3.27157,0,123.245,-6.6212e-07,45.776,0.128438,0,0,-4.4013e-07
113,-5.08737e-07,3.25745,0,120.042,-6.73704e-07,45.776,0.128438,0,0,-5.08737e-07
114,-0.000185297,2.29792,0,48.6331,-1.69382e-06,45.776,0.128438,0,0,-0.000185297
115,-0.00304914,2.05351,0,34.3296,-2.81637e-06,45.776,0.128438,0,0,-0.00304914
116,-0.263994,1.59444,0,17.6507,-3.52013e-06,41.5957,0.140581,-0.000469697,0,-0.263994
117,-4.03045e-06,2.99606,0,87.2039,-8.57803e-07,45.776,0.128438,0,0,-4.03045e-06
118,-1.24858e-06,3.16722,0,104.033,-7.25998e-07,45.776,0.128438,0,0,-1.24858e-06
119,-7.85226e-09,3.97507,0,239.019,-3.27921e-07,45.776,0.128438,0,0,-7.85226e-09
120,-2.40319e-08,3.76032,0,200.819,-3.99837e-07,45.776,0.128438,0,0,-2.40319e-08
121,-1.36714e-08,3.88502,0,218.091,-3.56078e-07,45.776,0.128438,0,0,-1.36714e-08
122,-9.57751e-11,4.69971,0,498.208,-1.57421e-07,45.776,0.128438,0,0,-9.57751e-11
123,-1.35781e-12,5.39892,0,1015.62,-7.84732e-08,45.776,0.128438,0,0,-1.35781e-12
124,-6.49746e-13,5.522,0,1148.07,-7.00458e-08,45.776,0.128438,0,0,-6.49746e-13
125,-4.53908e-13,5.58737,0,1216.65,-6.42388e-08,45.776,0.128438,0,0,-4.53908e-13
126,-5.93677e-15,6.30857,0,2507.13,-3.11905e-08,45.776,0.128438,0,0,-5.93677e-15
127,-7.47391e-15,6.2676,0,2414.98,-3.23041e-08,45.776,0.128438,0,0,-7.47391e-15
128,-3.15039e-15,6.41174,0,2788.79,-2.87719e-08,45.776,0.128438,0,0,-3.15039e-15
129,-2.56552e-15,6.44601,0,2885.83,-2.7174e-08,45.776,0.128438,0,0,-2.56552e-15
130,-2.49447e-06,3.0113,0,94.5407,-8.5487e-07,45.776,0.128438,0,0,-2.49447e-06
131,-0.000356526,2.22949,0,41.8512,-2.13903e-06,45.776,0.128438,0,0,-0.000356526
132,-2.33251e-06,3.00225,0,96.2618,-8.42576e-07,45.776,0.128438,0,0,-2.33251e-06
133,-1.29279e-05,2.75586,0,70.4491,-1.14587e-06,45.776,0.128438,0,0,-1.29279e-05
134,-0.000194427,2.33791,0,43.9237,-1.78999e-06,45.776,0.128438,0,0,-0.000194427
135,-1.31624e-07,3.49401,0,149.511,-5.31421e-07,45.776,0.128438,0,0,-1.31624e-07
136,-0.000446734,1.90988,0,28.3463,-2.50071e-06,45.776,0.128438,0,0,-0.000446734
137,-3.27214e-06,2.95658,0,91.7309,-8.78638e-07,45.776,0.128438,0,0,-3.27214e-06
138,-2.07793e-05,2.65273,0,67.2686,-1.22103e-06,45.776,0.128438,0,0,-2.07793e-05
139,-0.133676,1.4481,0,14.5884,-5.54429e-06,41.0761,0.183309,-0.0158381,0,-0.133676
140,-1.05219e-05,2.8389,0,73.7547,-1.00038e-06,45.776,0.128438,0,0,-1.05219e-05
141,-2.10413e-08,3.8147,0,202.962,-3.84487e-07,45.776,0.128438,0,0,-2.10413e-08
142,-2.32128e-06,3.00036,0,94.347,-8.69138e-07,45.776,0.128438,0,0,-2.32128e-06
143,-0.190295,0.66781,5.87298e-12,9.27537,-8.7539e-06,39.6843,0.165802,-0.00935436,0,-0.190295
144,-0.000379504,2.31572,0,46.1273,-1.8502e-06,45.776,0.128438,0,0,-0.000379504
145,-0.100038,1.33811,0,20.9083,-3.41398e-06,45.692,0.124132,-0.000270275,0,-0.100038
146,-0.000105552,2.4405,0,49.5231,-1.6268e-06,45.776,0.128438,0,0,-0.000105552
147,-0.000376373,1.97739,0,35.9094,-2.27281e-06,45.776,0.128438,0,0,-0.000376373
148,-1.25204e-05,2.57414,0,59.1118,-1.29983e-06,45.776,0.128438,0,0,-1.25204e-05
149,-1.73141e-06,3.06626,0,97.6788,-8.29456e-07,45.776,0.128438,0,0,-1.73141e-06
150,-8.76994e-05,2.3636,0,47.8946,-1.69243e-06,45.776,0.128438,0,0,-8.76994e-05
151,-7.56249e-08,3.59071,0,164.529,-4.84496e-07,45.776,0.128438,0,0,-7.56249e-08
152,-3.8687e-09,4.07784,0,269.841,-2.87509e-07,45.776,0.128438,0,0,-3.8687e-09
153,-8.5888e-11,4.71272,0,508.13,-1.55064e-07,45.776,0.128438,0,0,-8.5888e-11
154,-1.79746e-12,5.35591,0,967.968,-8.16871e-08,45.776,0.128438,0,0,-1.79746e-12
155,-4.61282e-12,5.19915,0,827.218,-9.60155e-08,45.776,0.128438,0,0,-4.61282e-12
156,-1.34989e-07,3.48834,0,150.4,-5.32024e-07,45.776,0.128438,0,0,-1.34989e-07
157,-4.59469e-08,3.66831,0,178.623,-4.39328e-07,45.776,0.128438,0,0,-4.59469e-08
158,-0.348808,1.84164,0,24.7897,-2.55118e-06,40.6406,0.139286,-6.02777e-05,0,-0.348808
159,-1.49842e-06,3.12926,0,99.9457,-7.65025e-07,45.776,0.128438,0,0,-1.49842e-06
160,-3.72561e-06,2.93037,0,86.3039,-9.54455e-07,45.776,0.128438,0,0,-3.72561e-06
161,-0.00537348,1.63131,0,25.2524,-3.96481e-06,45.776,0.128438,-7.58794e-29,0,-0.00537348
162,-0.0332953,1.92003,0,33.332,-2.11544e-06,43.4403,0.128438,-2.52413e-10,0,-0.0332953
163,-0.000156751,2.23494,0,39.4205,-1.94989e-06,45.776,0.128438,0,0,-0.000156751
164,-0.000349544,1.99636,0,36.2506,-2.23793e-06,45.776,0.128438,0,0,-0.000349544
165,-0.000108962,2.59258,0,60.6833,-1.13291e-06,45.776,0.128438,0,0,-0.000108962
166,-1.08914e-06,3.1198,0,102.149,-7.83783e-07,45.776,0.128438,0,0,-1.08914e-06
167,-2.16138e-06,3.06758,0,93.7811,-8.03418e-07,45.776,0.128438,0,0,-2.16138e-06
168,-1.89426e-06,2.99014,0,94.8145,-8.48943e-07,45.776,0.128438,0,0,-1.89426e-06
169,-5.88321e-06,2.84637,0,81.2361,-1.01468e-06,45.776,0.128438,0,0,-5.88321e-06
170,-2.39279e-05,2.64685,0,63.2537,-1.29345e-06,45.776,0.128438,0,0,-2.39279e-05
171,-7.23228e-05,2.50022,0,51.4595,-1.47508e-06,45.776,0.128438,0,0,-7.23228e-05
172,-0.00026852,2.30512,0,46.8511,-1.89972e-06,45.776,0.128438,0,0,-0.00026852
173,-0.00585842,1.84299,0,32.7873,-2.21441e-06,45.5567,0.128438,-7.36074e-19,0,-0.00585842
174,-1.83267e-05,2.68214,0,65.2132,-1.23899e-06,45.776,0.128438,0,0,-1.83267e-05
175,-9.60814e-08,3.54911,0,157.773,-4.96142e-07,45.776,0.128438,0,0,-9.60814e-08
176,-4.89227e-08,3.67503,0,176.856,-4.38228e-07,45.776,0.128438,0,0,-4.89227e-08
177,-0.0310339,1.90694,0,26.0779,-2.71185e-06,45.1749,0.128286,-1.16425e-07,0,-0.0310339
178,-0.000112213,2.39973,0,46.0109,-1.6167e-06,45.776,0.128438,0,0,-0.000112213
179,-1.00702e-07,3.56116,0,156.553,-4.82516e-07,45.776,0.128438,0,0,-1.00702e-07
180,-1.4687e-09,4.22991,0,318.451,-2.53938e-07,45.776,0.128438,0,0,-1.4687e-09
181,-5.28986e-10,4.40004,0,376.8,-2.1117e-07,45.776,0.128438,0,0,-5.28986e-10
182,-4.51974e-11,4.82416,0,564.81,-1.37735e-07,45.776,0.128438,0,0,-4.51974e-11
183,-6.75774e-09,3.9738,0,247.474,-3.24974e-07,45.776,0.128438,0,0,-6.75774e-09
184,-1.3103e-08,3.88928,0,219.394,-3.50818e-07,45.776,0.128438,0,0,-1.3103e-08
185,-3.11372e-06,2.92516,0,89.2029,-8.98028e-07,45.776,0.128438,0,0,-3.11372e-06
186,-1.23129e-05,2.65971,0,63.4595,-1.22621e-06,45.776,0.128438,0,0,-1.23129e-05
187,-1.36542e-06,3.01068,0,95.8289,-8.40916e-07,45.776,0.128438,0,0,-1.36542e-06
188,-0.000142543,2.54213,0,59.1199,-1.17865e-06,45.776,0.128438,0,0,-0.000142543
189,-6.90633e-06,2.96091,0,89.1027,-8.21796e-07,45.776,0.128438,0,0,-6.90633e-06
190,-1.29562e-06,3.20477,0,113.98,-6.70763e-07,45.776,0.128438,0,0,-1.29562e-06
191,-7.94963e-06,2.65266,0,65.3813,-1.22024e-06,45.776,0.128438,0,0,-7.94963e-06
192,-1.76845e-05,2.80129,0,77.29,-1.00254e-06,45.776,0.128438,0,0,-1.76845e-05
193,-5.75881e-07,3.14714,0,105.913,-7.34818e-07,45.776,0.128438,0,0,-5.75881e-07
194,-4.82297e-06,2.84857,0,83.0993,-9.91083e-07,45.776,0.128438,0,0,-4.82297e-06
195,-0.00111518,2.20541,0,44.5035,-1.76641e-06,45.776,0.128438,0,0,-0.00111518
196,-0.372589,1.80554,0,23.4016,-2.86953e-06,40.1674,0.742696,-7.29209e-06,0,-0.372589
197,-7.25044e-06,2.8367,0,77.167,-1.04917e-06,45.776,0.128438,0,0,-7.25044e-06
198,-9.98142e-07,3.13378,0,109.267,-7.43272e-07,45.776,0.128438,0,0,-9.98142e-07
199,-3.73708e-07,3.35236,0,126.111,-6.03941e-07,45.776,0.128438,0,0,-3.73708e-07
200,-1.41161e-06,3.12501,0,101.239,-7.80291e-07,45.776,0.128438,0,0,-1.41161e-06
201,-3.48012e-08,3.71666,0,186.616,-4.21697e-07,45.776,0.128438,0,0,-3.48012e-08
202,-2.52202e-06,3.03306,0,90.4077,-8.50741e-07,45.776,0.128438,0,0,-2.52202e-06
203,-3.29731e-07,3.34748,0,126.131,-6.00896e-07,45.776,0.128438,0,0,-3.29731e-07
204,-2.85417e-09,4.14097,0,283.055,-2.71088e-07,45.776,0.128438,0,0,-2.85417e-09
205,-3.1913e-05,2.59562,0,62.0779,-1.38279e-06,45.776,0.128438,0,0,-3.1913e-05
206,-3.864e-05,2.53279,0,61.7768,-1.34543e-06,45.776,0.128438,0,0,-3.864e-05
207,-0.00235797,1.93145,0,34.5496,-2.29965e-06,45.776,0.128438,0,0,-0.00235797
208,-2.46034e-06,3.00569,0,92.39,-8.70013e-07,45.776,0.128438,0,0,-2.46034e-06
209,-2.20408e-05,2.71288,0,65.5696,-1.21709e-06,45.776,0.128438,0,0,-2.20408e-05
210,-1.50732e-06,3.06941,0,100.614,-8.21105e-07,45.776,0.128438,0,0,-1.50732e-06
211,-0.828946,0.840512,4.68029e-24,13.4116,-1.03513e-05,39.5197,0.207494,-0.454071,0.155102,-0.828946
212,-8.8723e-05,2.44158,0,54.2437,-1.54133e-06,45.776,0.128438,0,0,-8.8723e-05
213,-1.50412e-07,3.46241,0,146.843,-5.43464e-07,45.776,0.128438,0,0,-1.50412e-07
214,-1.01357e-07,3.54488,0,156.934,-4.89416e-07,45.776,0.128438,0,0,-1.01357e-07
215,-0.00018057,2.32026,0,47.4775,-1.78919e-06,45.776,0.128438,0,0,-0.00018057
216,-8.91825e-06,2.78041,0,72.2362,-1.12589e-06,45.776,0.128438,0,0,-8.91825e-06
217,-7.11976e-07,3.23982,0,116.332,-6.7493e-07,45.776,0.128438,0,0,-7.11976e-07
218,-1.95468e-07,3.40196,0,141.487,-5.71651e-07,45.776,0.128438,0,0,-1.95468e-07
219,-9.07072e-06,2.79836,0,73.3765,-1.10575e-06,45.776,0.128438,0,0,-9.07072e-06
220,-4.7e-06,2.84324,0,82.5729,-9.76933e-07,45.776,0.128438,0,0,-4.7e-06
221,-0.154334,1.85744,0,27.15,-3.1847e-06,42.4557,0.126226,-1.16926e-05,0,-0.154334
222,-4.86118e-06,2.92258,0,80.5113,-9.46229e-07,45.776,0.128438,0,0,-4.86118e-06
223,-0.000215685,2.49564,0,56.3579,-1.17211e-06,45.776,0.128438,0,0,-0.000215685
224,-2.58958e-05,2.48611,0,55.4146,-1.47728e-06,45.776,0.128438,0,0,-2.58958e-05
225,-1.33187e-05,2.69041,0,63.5016,-1.19218e-06,45.776,0.128438,0,0,-1.33187e-05
226,-0.000552712,2.13712,0,38.721,-2.21213e-06,45.776,0.128438,0,0,-0.000552712
227,-0.00130294,2.1708,0,40.6856,-2.07847e-06,45.776,0.128438,0,0,-0.00130294
228,-0.0181471,2.11868,0,34.7863,-1.03142e-06,42.6919,0.128438,-4.26876e-10,0,-0.0181471
229,-0.000121595,2.27127,0,47.5807,-1.64993e-06,45.776,0.128438,0,0,-0.000121595
230,-0.0163311,1.1246,0,12.614,-5.43545e-06,45.7637,0.128438,-2.44895e-22,0,-0.0163311
231,-1.90562e-05,2.72674,0,66.2976,-1.19415e-06,45.776,0.128438,0,0,-1.90562e-05
232,-6.63596e-07,3.24798,0,114.666,-6.80749e-07,45.776,0.128438,0,0,-6.63596e-07
233,-1.68799e-05,2.74508,0,66.7555,-1.13323e-06,45.776,0.128438,0,0,-1.68799e-05
234,-0.0302978,2.00432,0,31.6164,-1.9497e-06,44.8151,0.128438,-9.40044e-14,0,-0.0302978
235,-4.95792e-06,2.92259,0,84.3181,-9.84136e-07,45.776,0.128438,0,0,-4.95792e-06
236,-2.07029e-05,2.69967,0,65.6025,-1.22037e-06,45.776,0.128438,0,0,-2.07029e-05
237,-1.45323e-07,3.45631,0,149.182,-5.4614e-07,45.776,0.128438,0,0,-1.45323e-07
238,-1.12019e-07,3.50134,0,155.514,-5.10031e-07,45.776,0.128438,0,0,-1.12019e-07
239,-3.13325e-08,3.75117,0,190.222,-4.07821e-07,45.776,0.128438,0,0,-3.13325e-08
240,-9.55461e-06,2.76313,0,76.3889,-1.09849e-06,45.776,0.128438,0,0,-9.55461e-06
241,-0.00676954,2.07089,0,31.5797,-2.18163e-06,45.7757,0.128438,-1.57831e-29,0,-0.00676954
242,-0.000159043,2.30159,0,49.7146,-1.73828e-06,45.776,0.128438,0,0,-0.000159043
243,-0.102409,0.756724,1.55009e-26,9.29951,-7.76396e-06,40.5461,0.12496,-2.57218e-05,0,-0.102409
244,-9.87264e-05,2.28886,0,45.4735,-1.87997e-06,45.776,0.128438,0,0,-9.87264e-05
245,-1.0335e-05,2.82824,0,73.0331,-1.03656e-06,45.776,0.128438,0,0,-1.0335e-05
246,-1.55523e-06,3.11173,0,100.744,-7.75119e-07,45.776,0.128438,0,0,-1.55523e-06
247,-0.000638819,2.13576,0,38.8413,-2.35233e-06,45.776,0.128438,0,0,-0.000638819
248,-0.016615,1.91444,0,26.285,-2.76391e-06,45.3046,0.128438,-2.00207e-15,0,-0.016615
249,-6.83732e-07,3.26822,0,115.702,-6.49656e-07,45.776,0.128438,0,0,-6.83732e-07
250,-0.0563376,1.35953,0,18.9005,-3.96175e-06,43.5294,0.124476,-7.26789e-05,0,-0.0563376
251,-2.49434e-05,2.61364,0,62.2297,-1.30439e-06,45.776,0.128438,0,0,-2.49434e-05
252,-0.00228608,2.10477,0,40.7337,-1.95699e-06,45.776,0.128438,0,0,-0.00228608
253,-0.000131188,2.22389,0,41.5833,-2.04167e-06,45.776,0.128438,0,0,-0.000131188
254,-0.00118175,1.7384,0,23.2828,-3.04574e-06,45.776,0.128438,0,0,-0.00118175
255,-1.19927e-05,2.80126,0,71.301,-1.09611e-06,45.776,0.128438,0,0,-1.19927e-05
256,-4.28946e-08,3.69429,0,180.442,-4.32554e-07,45.776,0.128438,0,0,-4.28946e-08
257,-8.711e-07,3.16853,0,112.997,-7.11536e-07,45.776,0.128438,0,0,-8.711e-07
258,-7.66312e-07,3.17679,0,113.912,-7.03761e-07,45.776,0.128438,0,0,-7.66312e-07
259,-1.87053e-05,2.64729,0,68.7602,-1.19613e-06,45.776,0.128438,0,0,-1.87053e-05
260,-0.00157009,1.73501,0,24.2514,-2.96183e-06,45.776,0.128438,0,0,-0.00157009
261,-2.35947e-06,3.03041,0,94.1889,-8.52785e-07,45.776,0.128438,0,0,-2.35947e-06
262,-1.46728e-06,3.08112,0,100.78,-8.08338e-07,45.776,0.128438,0,0,-1.46728e-06
263,-2.82535e-06,2.99546,0,90.7121,-8.83591e-07,45.776,0.128438,0,0,-2.82535e-06
264,-1.13181e-05,2.81657,0,72.5236,-1.05176e-06,45.776,0.128438,0,0,-1.13181e-05
265,-7.28681e-08,3.58608,0,166.443,-4.66847e-07,45.776,0.128438,0,0,-7.28681e-08
266,-1.14287e-08,3.90398,0,224.996,-3.56116e-07,45.776,0.128438,0,0,-1.14287e-08
267,-3.09124e-06,3.00196,0,87.9525,-8.80867e-07,45.776,0.128438,0,0,-3.09124e-06
268,-6.69231e-08,3.61368,0,167.294,-4.70641e-07,45.776,0.128438,0,0,-6.69231e-08
269,-9.99976e-08,3.52614,0,159.735,-5.01024e-07,45.776,0.128438,0,0,-9.99976e-08
270,-3.45552e-06,2.92329,0,89.0162,-9.08438e-07,45.776,0.128438,0,0,-3.45552e-06
271,-4.08564e-06,2.94646,0,87.2927,-9.25526e-07,45.776,0.128438,0,0,-4.08564e-06
272,-5.01368e-05,2.49677,0,57.2695,-1.53214e-06,45.776,0.128438,0,0,-5.01368e-05
273,-0.00139947,2.21521,0,37.4212,-1.89404e-06,45.776,0.128438,0,0,-0.00139947
274,-1.20602e-05,2.76718,0,71.149,-1.13707e-06,45.776,0.128438,0,0,-1.20602e-05
275,-1.0638e-05,2.75257,0,75.2677,-1.0577e-06,45.776,0.128438,0,0,-1.0638e-05
276,-2.23882e-06,2.99843,0,92.4328,-8.81187e-07,45.776,0.128438,0,0,-2.23882e-06
277,-1.60643e-06,3.07069,0,99.2449,-8.1822e-07,45.776,0.128438,0,0,-1.60643e-06
278,-2.37591e-05,2.68005,0,63.1838,-1.2265e-06,45.776,0.128438,0,0,-2.37591e-05
279,-4.77825e-07,3.27379,0,125,-6.59679e-07,45.776,0.128438,0,0,-4.77825e-07
280,-4.11703e-06,2.87986,0,85.3278,-9.75593e-07,45.776,0.128438,0,0,-4.11703e-06
281,-2.1732,1.24794,0,16.7336,-4.95401e-06,43.0456,5.23233,-0.491416,0,-2.1732
282,-0.000139401,2.40182,0,50.2803,-1.74951e-06,45.776,0.128438,0,0,-0.000139401
283,-2.18726e-05,2.72653,0,65.3175,-1.15651e-06,45.776,0.128438,0,0,-2.18726e-05
284,-9.99899e-05,2.51288,0,51.9125,-1.43882e-06,45.776,0.128438,0,0,-9.99899e-05
285,-0.000203095,2.46411,0,49.2206,-1.47041e-06,45.776,0.128438,0,0,-0.000203095
286,-1.96457e-05,2.64371,0,68.533,-1.19693e-06,45.776,0.128438,0,0,-1.96457e-05
287,-0.000273546,2.27032,0,48.1008,-1.67184e-06,45.776,0.128438,0,0,-0.000273546
288,-0.000112444,2.39457,0,47.8391,-1.69131e-06,45.776,0.128438,0,0,-0.000112444
289,-0.00153494,1.9287,0,35.3502,-2.51019e-06,45.776,0.128438,0,0,-0.00153494
290,-0.0500785,1.74245,0,23.9207,-4.21841e-06,43.4156,0.128438,-6.67118e-15,0,-0.0500785
291,-4.3374e-06,2.91484,0,84.9187,-9.76822e-07,45.776,0.128438,0,0,-4.3374e-06
292,-1.62308e-05,2.68404,0,68.7382,-1.23022e-06,45.776,0.128438,0,0,-1.62308e-05
293,-3.45513e-05,2.65533,0,60.7239,-1.2325e-06,45.776,0.128438,0,0,-3.45513e-05
294,-0.0082017,1.6931,0,21.344,-3.33269e-06,45.776,0.128438,-3.46367e-39,0,-0.0082017
295,-0.000711251,2.12905,0,42.5324,-1.90915e-06,45.776,0.128438,0,0,-0.000711251
296,-0.000258255,2.21854,0,45.4273,-1.76928e-06,45.776,0.128438,0,0,-0.000258255
297,-7.22715e-05,2.41406,0,53.9084,-1.68818e-06,45.776,0.128438,0,0,-7.22715e-05
298,-0.000152525,2.364,0,45.7869,-1.74628e-06,45.776,0.128438,0,0,-0.000152525
299,-6.7031e-05,2.43699,0,56.2781,-1.44226e-06,45.776,0.128438,0,0,-6.7031e-05
300,-7.84528e-06,2.83506,0,76.2204,-1.04943e-06,45.776,0.128438,0,0,-7.84528e-06
301,-0.000295406,2.16148,0,43.1015,-2.11439e-06,45.776,0.128438,0,0,-0.000295406
302,-3.81419e-06,2.92058,0,85.5719,-9.61875e-07,45.776,0.128438,0,0,-3.81419e-06
303,-1.99438e-05,2.62345,0,66.6666,-1.2568e-06,45.776,0.128438,0,0,-1.99438e-05
304,-0.0018348,1.87049,0,33.0925,-2.99144e-06,45.776,0.128438,0,0,-0.0018348
305,-1.81809e-05,2.71063,0,66.5378,-1.17793e-06,45.776,0.128438,0,0,-1.81809e-05
306,-9.04449e-05,2.47974,0,52.8636,-1.54611e-06,45.776,0.128438,0,0,-9.04449e-05
307,-1.19977e-05,2.74113,0,73.1191,-1.12221e-06,45.776,0.128438,0,0,-1.19977e-05
308,-2.60081e-05,2.65145,0,62.5556,-1.24935e-06,45.776,0.128438,0,0,-2.60081e-05
309,-0.000282524,2.33667,0,44.0881,-1.8711e-06,45.776,0.128438,0,0,-0.000282524
310,-0.00214313,1.88567,0,33.533,-3.00846e-06,45.776,0.128438,-1.4013e-44,0,-0.00214313
311,-0.0147849,1.11819,0,14.5944,-5.25945e-06,45.4696,0.128438,-1.40622e-20,0,-0.0147849
312,-9.67895e-06,2.78762,0,74.9072,-1.09269e-06,45.776,0.128438,0,0,-9.67895e-06
313,-3.03099e-06,2.97831,0,89.6621,-9.10145e-07,45.776,0.128438,0,0,-3.03099e-06
314,-0.000282992,2.29229,0,41.6491,-1.89693e-06,45.776,0.128438,0,0,-0.000282992
315,-2.49644e-05,2.68637,0,63.8891,-1.21616e-06,45.776,0.128438,0,0,-2.49644e-05
316,-3.18262e-06,2.93612,0,90.3817,-9.06261e-07,45.776,0.128438,0,0,-3.18262e-06
317,-1.85808e-05,2.6245,0,66.9999,-1.25834e-06,45.776,0.128438,0,0,-1.85808e-05
318,-0.758721,0.72403,2.17996e-08,10.918,-1.06156e-05,31.3879,2.05266,-0.289572,-0.467131,-0.758721
319,-7.18946e-05,2.4735,0,55.2523,-1.56809e-06,45.776,0.128438,0,0,-7.18946e-05
320,-9.60171e-05,2.33018,0,50.7793,-1.70802e-06,45.776,0.128438,0,0,-9.60171e-05
321,-2.30185e-05,2.61149,0,63.8477,-1.36108e-06,45.776,0.128438,0,0,-2.30185e-05
322,-0.00643285,1.94786,0,32.3559,-2.96008e-06,45.776,0.128438,-1.21189e-37,0,-0.00643285
323,-1.40711e-05,2.79013,0,70.0348,-1.04865e-06,45.776,0.128438,0,0,-1.40711e-05
324,-2.18747e-05,2.72556,0,65.2532,-1.15776e-06,45.776,0.128438,0,0,-2.18747e-05
325,-1.81514e-05,2.68421,0,66.6088,-1.22306e-06,45.776,0.128438,0,0,-1.81514e-05
326,-0.000540228,2.31817,0,42.2285,-1.85355e-06,45.776,0.128438,0,0,-0.000540228
327,-0.00235305,1.5642,0,19.347,-3.56487e-06,45.776,0.128438,0,0,-0.00235305
328,-0.000131491,2.52434,0,56.6202,-1.4973e-06,45.776,0.128438,0,0,-0.000131491
329,-4.79525e-06,2.87428,0,83.0861,-9.75636e-07,45.776,0.128438,0,0,-4.79525e-06
330,-4.06931e-08,3.68232,0,182.681,-4.32932e-07,45.776,0.128438,0,0,-4.06931e-08
331,-4.08554e-09,4.07178,0,266.941,-2.94014e-07,45.776,0.128438,0,0,-4.08554e-09
332,-1.92651e-10,4.57845,0,443.858,-1.76105e-07,45.776,0.128438,0,0,-1.92651e-10
333,-4.85074e-10,4.42213,0,381.49,-2.0697e-07,45.776,0.128438,0,0,-4.85074e-10
334,-1.34839e-08,3.86413,0,219.858,-3.62872e-07,45.776,0.128438,0,0,-1.34839e-08
335,-3.35447e-06,3.03412,0,90.6586,-8.19908e-07,45.776,0.128438,0,0,-3.35447e-06
336,-2.15763e-06,2.99128,0,94.4296,-8.76167e-07,45.776,0.128438,0,0,-2.15763e-06
337,-0.00298987,1.85485,0,32.9331,-2.92034e-06,45.776,0.128438,0,0,-0.00298987
338,-0.000516627,2.07592,0,37.2198,-2.47665e-06,45.776,0.128438,0,0,-0.000516627
339,-1.70807,1.39459,0,18.5096,-2.37852e-06,44.0807,0.443328,-0.357278,0,-1.70807
340,-0.00609604,1.99009,0,29.7675,-2.89676e-06,45.776,0.128438,-1.44932e-37,0,-0.00609604
341,-1.43324e-05,2.71361,0,70.8541,-1.20966e-06,45.776,0.128438,0,0,-1.43324e-05
342,-2.29504e-06,3.0295,0,93.0613,-8.61155e-07,45.776,0.128438,0,0,-2.29504e-06
343,-6.58195e-06,2.8169,0,78.7922,-1.07005e-06,45.776,0.128438,0,0,-6.58195e-06
344,-0.00101219,2.20964,0,38.5936,-2.00853e-06,45.776,0.128438,0,0,-0.00101219
345,-1.9189e-06,3.04243,0,96.3976,-8.33922e-07,45.776,0.128438,0,0,-1.9189e-06
346,-0.00384558,1.62778,0,19.4702,-3.5107e-06,45.776,0.128438,-1.70696e-32,0,-0.00384558
347,-0.0008645,1.99049,0,36.2788,-2.14535e-06,45.776,0.128438,0,0,-0.0008645
348,-2.78165e-06,3.00756,0,90.221,-8.97328e-07,45.776,0.128438,0,0,-2.78165e-06
349,-5.04169e-06,2.88691,0,83.6849,-9.93502e-07,45.776,0.128438,0,0,-5.04169e-06
350,-0.0162134,1.76981,0,30.5421,-3.09548e-06,45.0683,0.128438,-2.92839e-19,0,-0.0162134
351,-0.000279793,2.24743,0,39.7985,-1.92874e-06,45.776,0.128438,0,0,-0.000279793
352,-1.5956,1.23221,0,15.8736,-4.09437e-06,41.9376,5.05326,-0.323829,0,-1.5956
353,-4.36815e-05,2.58679,0,58.3081,-1.40498e-06,45.776,0.128438,0,0,-4.36815e-05
354,-2.33245e-06,3.02343,0,93.0192,-8.61011e-07,45.776,0.128438,0,0,-2.33245e-06
355,-9.7122e-05,2.37499,0,53.3131,-1.59119e-06,45.776,0.128438,0,0,-9.7122e-05
356,-2.63224e-06,2.98397,0,91.5452,-8.98916e-07,45.776,0.128438,0,0,-2.63224e-06
357,-3.17226e-05,2.57893,0,60.0634,-1.36053e-06,45.776,0.128438,0,0,-3.17226e-05
358,-2.40114e-05,2.65245,0,63.0443,-1.26225e-06,45.776,0.128438,0,0,-2.40114e-05
359,-0.00411603,1.72354,0,28.7791,-2.58199e-06,45.776,0.128438,-6.06825e-37,0,-0.00411603
360,-0.00176268,1.86782,0,32.8683,-2.34182e-06,45.776,0.128438,0,0,-0.00176268
361,-1.28029e-05,2.7447,0,71.8842,-1.13867e-06,45.776,0.128438,0,0,-1.28029e-05
362,-5.48032e-06,2.84594,0,81.8918,-1.01463e-06,45.776,0.128438,0,0,-5.48032e-06
363,-0.0167777,1.20078,0,15.2332,-4.24874e-06,45.3786,0.128438,-1.9055e-16,0,-0.0167777
364,-0.000181463,2.26036,0,47.87,-1.70083e-06,45.776,0.128438,0,0,-0.000181463
365,-8.7406e-06,2.79939,0,76.8079,-1.08363e-06,45.776,0.128438,0,0,-8.7406e-06
366,-2.27301e-05,2.63047,0,67.6536,-1.22086e-06,45.776,0.128438,0,0,-2.27301e-05
367,-3.88079e-06,2.95661,0,85.3798,-9.36467e-07,45.776,0.128438,0,0,-3.88079e-06
368,-0.000659147,2.29758,0,40.8938,-1.8267e-06,45.776,0.128438,0,0,-0.000659147
369,-4.01647e-06,2.93994,0,85.5567,-9.53099e-07,45.776,0.128438,0,0,-4.01647e-06
370,-0.0187843,1.30777,0,16.5919,-3.53623e-06,31.9686,1.07548,-0.390633,0,-0.0187843
371,-9.69544e-06,2.77832,0,74.2016,-1.0919e-06,45.776,0.128438,0,0,-9.69544e-06
372,-1.03867e-05,2.74279,0,74.3197,-1.13593e-06,45.776,0.128438,0,0,-1.03867e-05
373,-0.000197347,2.36876,0,45.7263,-1.81571e-06,45.776,0.128438,0,0,-0.000197347
374,-0.00188394,1.95316,0,35.195,-3.00569e-06,45.776,0.128438,-1.55544e-43,0,-0.00188394
375,-5.78704e-05,2.49701,0,59.6498,-1.36671e-06,45.776,0.128438,0,0,-5.78704e-05
376,-3.35554e-05,2.54422,0,62.4164,-1.33183e-06,45.776,0.128438,0,0,-3.35554e-05
377,-0.00068462,1.99011,0,34.453,-2.65528e-06,45.776,0.128438,0,0,-0.00068462
378,-2.03619e-05,2.73733,0,65.9955,-1.14821e-06,45.776,0.128438,0,0,-2.03619e-05
379,-0.000192665,2.24432,0,47.1786,-1.80907e-06,45.776,0.128438,0,0,-0.000192665
380,-5.32007e-06,2.90051,0,80.9054,-9.91239e-07,45.776,0.128438,0,0,-5.32007e-06
381,-0.667705,1.00343,5.43246e-20,7.03653,-8.94743e-06,38.0963,1.82079,-0.173931,-0.093891,-0.667705
382,-0.270718,1.09104,3.73731e-32,8.302,-7.90366e-06,40.3991,0.72268,-0.0976163,0,-0.270718
383,-1.2225,1.39454,0,21.736,-6.63666e-06,45.6594,2.46235,-0.376805,0,-1.2225
384,-2.9717e-05,2.58337,0,64.2862,-1.26763e-06,45.776,0.128438,0,0,-2.9717e-05
385,-6.81829e-05,2.47359,0,58.2565,-1.39131e-06,45.776,0.128438,0,0,-6.81829e-05
386,-0.716709,1.27365,0,12.9094,2.72586e-06,32.9443,0.925835,-0.0433217,0,-0.716709
387,-0.000207153,2.29917,0,42.3665,-1.9021e-06,45.776,0.128438,0,0,-0.000207153
388,-0.0175921,1.81511,0,31.9339,-2.52688e-06,45.0006,0.128438,-5.37033e-14,0,-0.0175921
389,-5.98933e-05,2.52329,0,56.9262,-1.47027e-06,45.776,0.128438,0,0,-5.98933e-05
390,-0.000322978,2.32807,0,44.0888,-1.8144e-06,45.776,0.128438,0,0,-0.000322978
391,-1.15199e-05,2.75474,0,71.0602,-1.16549e-06,45.776,0.128438,0,0,-1.15199e-05
392,-0.00259706,1.73619,0,25.2431,-3.43425e-06,45.776,0.128438,0,0,-0.00259706
393,-0.0210573,1.57316,0,24.9288,-3.10568e-06,45.6014,0.128438,-2.70969e-18,0,-0.0210573
394,-0.00109273,2.18733,0,36.0725,-2.00173e-06,45.776,0.128438,0,0,-0.00109273
395,-0.00105033,2.13033,0,37.233,-2.46767e-06,45.776,0.128438,0,0,-0.00105033
396,-4.18227e-05,2.51111,0,60.3395,-1.35478e-06,45.776,0.128438,0,0,-4.18227e-05
397,-0.00412199,1.91028,0,32.6274,-3.19938e-06,45.776,0.128438,-2.20044e-37,0,-0.00412199
398,-0.000750156,2.15825,0,43.543,-1.84426e-06,45.776,0.128438,0,0,-0.000750156
399,-2.66552e-06,3.00447,0,91.0389,-8.83024e-07,45.776,0.128438,0,0,-2.66552e-06
400,-0.000131355,2.36683,0,52.9095,-1.5384e-06,45.776,0.128438,0,0,-0.000131355
401,-0.00196275,1.85327,0,26.291,-2.84334e-06,45.776,0.128438,0,0,-0.00196275
402,-8.55957e-05,2.45045,0,55.4742,-1.50332e-06,45.776,0.128438,0,0,-8.55957e-05
403,-0.000168611,2.34648,0,45.4371,-1.8144e-06,45.776,0.128438,0,0,-0.000168611
404,-0.000175907,2.43941,0,48.8691,-1.52635e-06,45.776,0.128438,0,0,-0.000175907
405,-1.4082e-05,2.76136,0,69.8532,-1.14129e-06,45.776,0.128438,0,0,-1.4082e-05
406,-4.79363e-06,2.90885,0,82.4101,-9.92151e-07,45.776,0.128438,0,0,-4.79363e-06
407,-5.1772e-06,2.89987,0,80.8792,-9.71551e-07,45.776,0.128438,0,0,-5.1772e-06
408,-7.22453e-05,2.43236,0,55.7776,-1.53183e-06,45.776,0.128438,0,0,-7.22453e-05
409,-5.00808e-06,2.88653,0,83.7753,-9.68399e-07,45.776,0.128438,0,0,-5.00808e-06
410,-7.20429e-05,2.50641,0,52.1892,-1.49941e-06,45.776,0.128438,0,0,-7.20429e-05
411,-1.49427e-05,2.68882,0,71.532,-1.12508e-06,45.776,0.128438,0,0,-1.49427e-05
412,-9.77382e-05,2.4273,0,50.1951,-1.67778e-06,45.776,0.128438,0,0,-9.77382e-05
413,-9.87678e-06,2.76138,0,72.6733,-1.14914e-06,45.776,0.128438,0,0,-9.87678e-06
414,-5.58226e-06,2.86227,0,80.2983,-1.03264e-06,45.776,0.128438,0,0,-5.58226e-06
415,-0.000522112,2.20384,0,37.4626,-2.01011e-06,45.776,0.128438,0,0,-0.000522112
416,-5.70706e-06,2.86781,0,81.9915,-9.94673e-07,45.776,0.128438,0,0,-5.70706e-06
417,-0.102772,1.59293,0,24.8766,-5.88565e-06,36.3256,0.146735,-0.00534702,0,-0.102772
418,-0.00276963,1.83041,0,32.0812,-3.07258e-06,45.776,0.128438,-9.80909e-45,0,-0.00276963
419,-0.00431232,1.7598,0,29.9833,-3.50851e-06,45.7711,0.128438,-9.97442e-32,0,-0.00431232
420,-0.00212057,1.86861,0,25.5652,-2.82816e-06,45.776,0.128438,0,0,-0.00212057
421,-6.07495e-05,2.31655,0,49.1927,-1.63697e-06,45.776,0.128438,0,0,-6.07495e-05
422,-0.00498764,2.1466,0,38.3678,-1.39815e-06,45.776,0.128438,-6.2339e-32,0,-0.00498764
423,-0.00011442,2.42403,0,50.5916,-1.67575e-06,45.776,0.128438,0,0,-0.00011442
424,-0.000107568,2.38208,0,53.5226,-1.52072e-06,45.776,0.128438,0,0,-0.000107568
425,-0.00103473,2.16057,0,38.5883,-2.37697e-06,45.776,0.128438,0,0,-0.00103473
426,-1.03152e-05,2.78211,0,73.1988,-1.09443e-06,45.776,0.128438,0,0,-1.03152e-05
427,-1.73104e-06,3.1115,0,98.107,-7.7334e-07,45.776,0.128438,0,0,-1.73104e-06
428,-1.50097e-06,3.08566,0,100.863,-8.12553e-07,45.776,0.128438,0,0,-1.50097e-06
429,-5.83748e-05,2.41298,0,51.4181,-1.66182e-06,45.776,0.128438,0,0,-5.83748e-05
430,-9.04003e-06,2.78477,0,69.8655,-1.10126e-06,45.776,0.128438,0,0,-9.04003e-06
431,-2.30931e-08,3.79939,0,199.796,-3.91269e-07,45.776,0.128438,0,0,-2.30931e-08
432,-1.25102e-08,3.89745,0,220.93,-3.49301e-07,45.776,0.128438,0,0,-1.25102e-08
433,-4.2317e-06,2.99027,0,86.4766,-8.55853e-07,45.776,0.128438,0,0,-4.2317e-06
434,-9.28175e-09,3.92,0,234.769,-3.44264e-07,45.776,0.128438,0,0,-9.28175e-09
435,-1.45682e-05,2.68864,0,69.7314,-1.15404e-06,45.776,0.128438,0,0,-1.45682e-05
436,-0.673581,1.88137,0,27.0284,-2.14533e-07,40.8155,0.230161,-0.131388,0,-0.673581
437,-1.05864e-05,2.78934,0,70.1198,-1.08316e-06,45.776,0.128438,0,0,-1.05864e-05
438,-2.11251e-05,2.68417,0,68.7375,-1.18358e-06,45.776,0.128438,0,0,-2.11251e-05
439,-3.64325e-06,3.02084,0,89.424,-8.31017e-07,45.776,0.128438,0,0,-3.64325e-06
440,-2.36635e-05,2.74805,0,67.1541,-1.08625e-06,45.776,0.128438,0,0,-2.36635e-05
441,-2.32331e-05,2.58486,0,63.1694,-1.28491e-06,45.776,0.128438,0,0,-2.32331e-05
442,-6.45038e-06,2.81215,0,79.069,-1.05634e-06,45.776,0.128438,0,0,-6.45038e-06
443,-7.59276e-06,2.85257,0,76.4963,-1.00821e-06,45.776,0.128438,0,0,-7.59276e-06
444,-0.00014091,2.2117,0,45.2253,-1.78144e-06,45.776,0.128438,0,0,-0.00014091
445,-1.02216e-05,2.7938,0,73.6192,-1.1087e-06,45.776,0.128438,0,0,-1.02216e-05
446,-1.40147e-07,3.46827,0,148.405,-5.42043e-07,45.776,0.128438,0,0,-1.40147e-07
447,-1.62187e-06,3.07981,0,100.035,-7.99999e-07,45.776,0.128438,0,0,-1.62187e-06
448,-6.66598e-07,3.21778,0,114.692,-6.98408e-07,45.776,0.128438,0,0,-6.66598e-07
449,-9.1005e-05,2.3846,0,53.5575,-1.50899e-06,45.776,0.128438,0,0,-9.1005e-05
450,-0.000870937,2.0075,0,31.4964,-2.46758e-06,45.776,0.128438,0,0,-0.000870937
451,-9.39621e-07,3.15185,0,109.935,-7.29107e-07,45.776,0.128438,0,0,-9.39621e-07
452,-2.96162e-05,2.56902,0,62.1499,-1.41881e-06,45.776,0.128438,0,0,-2.96162e-05
453,-0.38472,1.4488,0,20.0109,-4.88204e-06,42.0264,0.128852,-0.00915062,0,-0.38472
454,-3.78497e-05,2.51664,0,57.2114,-1.51007e-06,45.776,0.128438,0,0,-3.78497e-05
455,-0.0065182,1.96776,0,36.0465,-2.22855e-06,45.7534,0.128438,-7.85611e-26,0,-0.0065182
456,-2.42013,0.998365,1.38991e-39,12.8476,-5.55967e-06,42.3231,0.766854,-0.572211,0.512631,-2.42013
457,-2.8053e-05,2.65975,0,62.5725,-1.25862e-06,45.776,0.128438,0,0,-2.8053e-05
458,-0.00170207,1.9868,0,30.6227,-2.69025e-06,45.776,0.128438,0,0,-0.00170207
459,-7.42651e-05,2.45512,0,54.9742,-1.48673e-06,45.776,0.128438,0,0,-7.42651e-05
460,-0.289661,0.555828,7.87758e-05,2.71657,-7.41171e-06,42.839,0.127882,-6.40226e-05,0,-0.289661
461,-0.235113,1.01555,3.55069e-21,8.04879,-7.24195e-06,36.0564,0.124893,-0.000467309,0,-0.235113
462,-7.23855e-06,2.86078,0,77.5729,-1.00119e-06,45.776,0.128438,0,0,-7.23855e-06
463,-0.0426553,1.58279,0,19.0456,-3.99063e-06,44.8532,0.128438,-2.1772e-17,0,-0.0426553
464,-1.60978e-05,2.6763,0,70.6603,-1.16094e-06,45.776,0.128438,0,0,-1.60978e-05
465,-1.40589e-05,2.70076,0,69.5283,-1.21774e-06,45.776,0.128438,0,0,-1.40589e-05
466,-0.000127758,2.31382,0,49.6933,-1.80723e-06,45.776,0.128438,0,0,-0.000127758
467,-1.8836e-05,2.64439,0,66.6158,-1.31255e-06,45.776,0.128438,0,0,-1.8836e-05
468,-1.55303e-05,2.70732,0,69.6393,-1.16555e-06,45.776,0.128438,0,0,-1.55303e-05
469,-0.342182,0.436981,5.49112e-09,7.37594,-1.15256e-05,39.703,1.08601,-0.097571,-0.467131,-0.342182
470,-0.000366441,2.21522,0,44.2635,-1.85856e-06,45.776,0.128438,0,0,-0.000366441
471,-7.05224e-06,2.82412,0,78.0889,-1.08773e-06,45.776,0.128438,0,0,-7.05224e-06
472,-0.549984,0.856265,4.24416e-12,12.1479,-8.57146e-06,33.8617,0.545826,-0.13571,0,-0.549984
473,-2.79337e-06,2.98925,0,90.4803,-8.86335e-07,45.776,0.128438,0,0,-2.79337e-06
474,-0.0529804,1.50695,0,21.5823,-5.02259e-06,40.8418,0.128394,-1.95927e-08,0,-0.0529804
475,-9.95932e-06,2.81556,0,73.6551,-1.04092e-06,45.776,0.128438,0,0,-9.95932e-06
476,-0.000428792,2.16485,0,43.9246,-1.83505e-06,45.776,0.128438,0,0,-0.000428792
477,-3.12959e-06,2.99528,0,88.3051,-9.02544e-07,45.776,0.128438,0,0,-3.12959e-06
478,-0.0966541,1.26577,0,19.7528,-4.5834e-06,41.713,0.125612,-2.97097e-05,0,-0.0966541
479,-2.61757e-05,2.66124,0,63.1907,-1.23449e-06,45.776,0.128438,0,0,-2.61757e-05
480,-0.2794,0.936525,4.57501e-17,6.75682,-7.50194e-06,36.8797,0.125812,-0.000277591,0,-0.2794
481,-2.70824e-05,2.64666,0,61.6925,-1.31025e-06,45.776,0.128438,0,0,-2.70824e-05
482,-2.29243e-06,3.02987,0,93.2206,-8.61963e-07,45.776,0.128438,0,0,-2.29243e-06
483,-1.50662e-05,2.70318,0,70.992,-1.15951e-06,45.776,0.128438,0,0,-1.50662e-05
484,-0.000100301,2.40839,0,53.0007,-1.56137e-06,45.776,0.128438,0,0,-0.000100301
485,-4.88346e-06,2.92893,0,82.1307,-9.53638e-07,45.776,0.128438,0,0,-4.88346e-06
486,-0.439447,1.29172,0,13.4724,-4.75598e-06,42.9153,0.160047,-0.00874066,0,-0.439447
487,-7.25726e-06,2.8705,0,77.6616,-9.77753e-07,45.776,0.128438,0,0,-7.25726e-06
488,-0.0713455,1.71936,0,21.0561,-3.28193e-06,44.8577,0.125336,-3.46555e-05,0,-0.0713455
489,-2.52391e-06,3.01101,0,92.1796,-8.67708e-07,45.776,0.128438,0,0,-2.52391e-06
490,-1.65491e-05,2.67363,0,70.4513,-1.15348e-06,45.776,0.128438,0,0,-1.65491e-05
491,-8.9053e-05,2.48114,0,51.947,-1.51775e-06,45.776,0.128438,0,0,-8.9053e-05
492,-0.00319572,1.9391,0,29.71,-2.89388e-06,45.776,0.128438,0,0,-0.00319572
493,-0.00173271,2.02222,0,32.54,-2.69448e-06,45.776,0.128438,0,0,-0.00173271
494,-0.00167383,2.00754,0,37.8337,-2.01727e-06,45.776,0.128438,0,0,-0.00167383
495,-5.42539e-05,2.50152,0,55.9952,-1.53551e-06,45.776,0.128438,0,0,-5.42539e-05
496,-1.24109e-05,2.7942,0,71.3667,-1.06214e-06,45.776,0.128438,0,0,-1.24109e-05
497,-4.9255e-06,2.8999,0,82.4917,-9.8756e-07,45.776,0.128438,0,0,-4.9255e-06
498,-0.107151,1.33669,0,15.4758,-5.68236e-06,37.0429,0.128231,-1.69653e-07,0,-0.107151
499,-0.0411447,1.53827,0,21.8047,-4.79448e-06,41.784,0.128438,-1.98565e-10,0,-0.0411447
500,-2.02781e-05,2.72481,0,66.0726,-1.14302e-06,45.776,0.128438,0,0,-2.02781e-05
501,-0.0117479,2.05831,0,31.1203,-2.30931e-06,45.5895,0.128438,-9.58892e-14,0,-0.0117479
502,-8.91266e-06,2.76331,0,76.2305,-1.11465e-06,45.776,0.128438,0,0,-8.91266e-06
503,-7.93591e-06,2.82433,0,76.6992,-1.05778e-06,45.776,0.128438,0,0,-7.93591e-06
504,-0.000923475,2.10874,0,36.3472,-2.4193e-06,45.776,0.128438,0,0,-0.000923475
505,-0.00149745,2.18398,0,36.0103,-1.98558e-06,45.776,0.128438,0,0,-0.00149745
506,-1.03461e-05,2.77934,0,73.0478,-1.12927e-06,45.776,0.128438,0,0,-1.03461e-05
507,-0.000116813,2.38713,0,49.995,-1.74882e-06,45.776,0.128438,0,0,-0.000116813
508,-0.00294257,1.92052,0,34.5879,-2.2075e-06,45.776,0.128438,-2.8026e-45,0,-0.00294257
509,-6.74184e-06,2.83115,0,78.2475,-1.06712e-06,45.776,0.128438,0,0,-6.74184e-06
510,-0.000546103,2.17845,0,38.7577,-2.22304e-06,45.776,0.128438,0,0,-0.000546103
511,-0.129718,1.4866,0,22.739,-6.58508e-06,41.1696,0.204096,-0.023855,0,-0.129718
512,-6.10451e-06,2.85324,0,81.2725,-9.80963e-07,45.776,0.128438,0,0,-6.10451e-06
513,-6.35899e-05,2.43621,0,55.8339,-1.59742e-06,45.776,0.128438,0,0,-6.35899e-05
514,-7.11924e-06,2.82905,0,77.5207,-1.08731e-06,45.776,0.128438,0,0,-7.11924e-06
515,-1.71002e-05,2.68851,0,69.0662,-1.19489e-06,45.776,0.128438,0,0,-1.71002e-05
516,-1.69133e-06,3.06339,0,98.3742,-8.35323e-07,45.776,0.128438,0,0,-1.69133e-06
517,-1.67703e-05,2.77395,0,68.6506,-1.06511e-06,45.776,0.128438,0,0,-1.67703e-05
518,-0.0300377,1.50076,0,20.3643,-4.82462e-06,42.6352,0.128438,-6.93766e-12,0,-0.0300377
519,-3.11933e-05,2.68417,0,62.3444,-1.18468e-06,45.776,0.128438,0,0,-3.11933e-05
520,-3.89592e-06,2.90718,0,86.3638,-9.72987e-07,45.776,0.128438,0,0,-3.89592e-06
521,-0.000880566,2.11651,0,36.2777,-2.37508e-06,45.776,0.128438,0,0,-0.000880566
522,-0.000304449,2.39569,0,45.5527,-1.59858e-06,45.776,0.128438,0,0,-0.000304449
523,-1.71147e-05,2.74908,0,67.883,-1.11436e-06,45.776,0.128438,0,0,-1.71147e-05
524,-2.44888e-05,2.71236,0,64.5992,-1.14979e-06,45.776,0.128438,0,0,-2.44888e-05
525,-0.00266283,2.16388,0,35.1149,-2.00525e-06,45.776,0.128438,0,0,-0.00266283
526,-6.39991e-06,2.86492,0,78.5218,-1.03464e-06,45.776,0.128438,0,0,-6.39991e-06
527,-1.96859e-05,2.67839,0,65.4831,-1.25493e-06,45.776,0.128438,0,0,-1.96859e-05
528,-0.0094894,1.89449,0,26.6697,-2.98031e-06,45.776,0.128438,-4.27158e-41,0,-0.0094894
529,-0.000936555,2.10197,0,36.8022,-2.39932e-06,45.776,0.128438,0,0,-0.000936555
530,-0.000266879,2.19703,0,44.9941,-1.96193e-06,45.776,0.128438,0,0,-0.000266879
531,-3.40215e-05,2.55783,0,63.2026,-1.28096e-06,45.776,0.128438,0,0,-3.40215e-05
532,-3.99486e-05,2.64999,0,60.2516,-1.22352e-06,45.776,0.128438,0,0,-3.99486e-05
533,-2.38875e-05,2.63188,0,66.0845,-1.23443e-06,45.776,0.128438,0,0,-2.38875e-05
534,-2.54482e-05,2.63405,0,63.4498,-1.30419e-06,45.776,0.128438,0,0,-2.54482e-05
535,-0.00199885,2.05947,0,32.6865,-2.51227e-06,45.776,0.128438,0,0,-0.00199885
536,-0.0017033,2.07146,0,32.3254,-2.399e-06,45.776,0.128438,0,0,-0.0017033
537,-0.534162,1.27571,0,13.447,-5.65512e-06,32.8859,0.376497,-0.0601689,0,-0.534162
538,-2.35417e-05,2.61907,0,66.8861,-1.21655e-06,45.776,0.128438,0,0,-2.35417e-05
539,-0.00379697,1.87849,0,33.7741,-2.20557e-06,45.7749,0.128438,-7.92959e-26,0,-0.00379697
540,-0.0654208,1.45333,0,22.7791,-5.45379e-06,42.2075,0.127735,-5.03145e-07,0,-0.0654208
541,-0.000124395,2.37019,0,51.1928,-1.57714e-06,45.776,0.128438,0,0,-0.000124395
542,-2.6875e-06,3.00322,0,91.1269,-8.97281e-07,45.776,0.128438,0,0,-2.6875e-06
543,-6.8641e-06,2.87767,0,77.7106,-1.02012e-06,45.776,0.128438,0,0,-6.8641e-06
544,-6.19117e-06,2.8865,0,79.5385,-9.68187e-07,45.776,0.128438,0,0,-6.19117e-06
545,-0.00165616,1.99644,0,32.423,-2.63205e-06,45.776,0.128438,0,0,-0.00165616
546,-7.64764e-06,2.84829,0,76.0868,-1.05715e-06,45.776,0.128438,0,0,-7.64764e-06
547,-1.17883,0.769616,5.58977e-17,8.27464,-6.12951e-06,46.3755,0.292364,-0.18973,0,-1.17883
548,-0.00222335,1.99486,0,30.0318,-2.6403e-06,45.776,0.128438,0,0,-0.00222335
549,-5.88451e-06,2.87323,0,80.1623,-1.01062e-06,45.776,0.128438,0,0,-5.88451e-06
550,-0.000141752,2.46019,0,49.074,-1.56178e-06,45.776,0.128438,0,0,-0.000141752
551,-0.00107642,2.12407,0,36.2259,-2.4231e-06,45.776,0.128438,0,0,-0.00107642
552,-0.00248968,2.09818,0,33.0975,-2.24612e-06,45.776,0.128438,0,0,-0.00248968
553,-0.000135494,2.35003,0,48.4197,-1.83448e-06,45.776,0.128438,0,0,-0.000135494
554,-0.00262324,2.14802,0,34.4896,-2.11962e-06,45.776,0.128438,-7.50113e-33,0,-0.00262324
555,-1.76004e-05,2.7409,0,66.8731,-1.15152e-06,45.776,0.128438,0,0,-1.76004e-05
556,-0.000185797,2.30564,0,49.9364,-1.63094e-06,45.776,0.128438,0,0,-0.000185797
557,-1.72575e-05,2.71214,0,66.4351,-1.22786e-06,45.776,0.128438,0,0,-1.72575e-05
558,-0.000663649,2.10467,0,41.4997,-1.95091e-06,45.776,0.128438,0,0,-0.000663649
559,-2.3989e-05,2.62494,0,66.6654,-1.19877e-06,45.776,0.128438,0,0,-2.3989e-05
560,-5.39593e-05,2.50057,0,59.0775,-1.3672e-06,45.776,0.128438,0,0,-5.39593e-05
561,-0.000841685,2.17515,0,36.2628,-2.12765e-06,45.776,0.128438,0,0,-0.000841685
562,-8.23651e-05,2.4532,0,52.4983,-1.62716e-06,45.776,0.128438,0,0,-8.23651e-05
563,-0.0264398,1.9666,0,28.1012,-2.66818e-06,45.4647,0.1283,-1.05051e-07,0,-0.0264398
564,-4.51723e-06,2.91629,0,83.8358,-9.79111e-07,45.776,0.128438,0,0,-4.51723e-06
565,-7.8741e-06,2.80651,0,76.2886,-1.08351e-06,45.776,0.128438,0,0,-7.8741e-06
566,-1.90846e-06,3.05445,0,96.6007,-8.38189e-07,45.776,0.128438,0,0,-1.90846e-06
567,-2.88002e-05,2.64733,0,61.3802,-1.29053e-06,45.776,0.128438,0,0,-2.88002e-05
568,-1.69044e-05,2.77206,0,68.5067,-1.10097e-06,45.776,0.128438,0,0,-1.69044e-05
569,-3.38804e-06,2.94733,0,87.6665,-9.25452e-07,45.776,0.128438,0,0,-3.38804e-06
570,-7.35012e-05,2.48573,0,53.2135,-1.54007e-06,45.776,0.128438,0,0,-7.35012e-05
571,-7.02782e-05,2.44531,0,53.3609,-1.61451e-06,45.776,0.128438,0,0,-7.02782e-05
572,-4.06384e-06,2.93225,0,85.2114,-9.36928e-07,45.776,0.128438,0,0,-4.06384e-06
573,-3.19874e-06,2.97678,0,88.1553,-8.97672e-07,45.776,0.128438,0,0,-3.19874e-06
574,-0.00013243,2.36907,0,49.7805,-1.67389e-06,45.776,0.128438,0,0,-0.00013243
575,-4.75123e-06,2.89876,0,84.094,-9.55665e-07,45.776,0.128438,0,0,-4.75123e-06
576,-2.01797e-05,2.7161,0,66.0045,-1.16838e-06,45.776,0.128438,0,0,-2.01797e-05
577,-1.83733e-05,2.71791,0,65.9063,-1.20431e-06,45.776,0.128438,0,0,-1.83733e-05
578,-2.5799e-05,2.59659,0,63.6137,-1.3612e-06,45.776,0.128438,0,0,-2.5799e-05
579,-1.54832e-05,2.69545,0,71.0573,-1.15795e-06,45.776,0.128438,0,0,-1.54832e-05
580,-0.00100369,2.03175,0,36.0577,-2.71892e-06,45.776,0.128438,0,0,-0.00100369
581,-0.000250175,2.21355,0,45.6474,-1.98467e-06,45.776,0.128438,0,0,-0.000250175
582,-0.000165249,2.40268,0,47.2779,-1.64474e-06,45.776,0.128438,0,0,-0.000165249
583,-2.76977e-05,2.58154,0,64.6541,-1.29911e-06,45.776,0.128438,0,0,-2.76977e-05
584,-0.0010063,2.1232,0,35.0966,-2.33573e-06,45.776,0.128438,0,0,-0.0010063
585,-0.000317654,2.25217,0,42.3519,-2.05915e-06,45.776,0.128438,0,0,-0.000317654
586,-0.000169682,2.31166,0,50.2778,-1.63102e-06,45.776,0.128438,0,0,-0.000169682
587,-0.00425556,2.11314,0,33.0491,-2.17707e-06,45.776,0.128438,-5.93315e-33,0,-0.00425556
588,-2.14139e-06,3.0273,0,94.6263,-8.63297e-07,45.776,0.128438,0,0,-2.14139e-06
589,-1.84384e-05,2.65614,0,69.2934,-1.17469e-06,45.776,0.128438,0,0,-1.84384e-05
590,-0.362444,0.931383,7.6088e-13,14.6269,-6.80005e-06,37.8508,0.138494,-0.0210017,0.227491,-0.362444
591,-1.19786e-05,2.71329,0,72.3447,-1.16989e-06,45.776,0.128438,0,0,-1.19786e-05
592,-2.85246e-06,2.99264,0,90.028,-9.00204e-07,45.776,0.128438,0,0,-2.85246e-06
593,-1.02327e-05,2.77611,0,73.8153,-1.10057e-06,45.776,0.128438,0,0,-1.02327e-05
594,-1.07754,0.841995,4.69285e-06,6.46811,-6.57516e-06,41.5253,0.126095,-0.258307,-0.736042,-1.07754
595,-0.000900389,2.26331,0,39.2294,-1.86884e-06,45.776,0.128438,0,0,-0.000900389
596,-0.00649074,1.86583,0,33.1333,-2.25735e-06,45.7674,0.128438,-2.81433e-26,0,-0.00649074
597,-5.49696e-06,2.86799,0,80.9015,-1.01487e-06,45.776,0.128438,0,0,-5.49696e-06
598,-0.000250832,2.23501,0,44.7079,-2.06873e-06,45.776,0.128438,0,0,-0.000250832
599,-0.000252262,2.28442,0,42.4719,-1.91474e-06,45.776,0.128438,0,0,-0.000252262
600,-2.76654e-05,2.58367,0,64.788,-1.26088e-06,45.776,0.128438,0,0,-2.76654e-05
601,-2.0921e-05,2.70277,0,65.3219,-1.17964e-06,45.776,0.128438,0,0,-2.0921e-05
602,-2.04116e-05,2.62895,0,67.4748,-1.22507e-06,45.776,0.128438,0,0,-2.04116e-05
603,-0.000135085,2.36217,0,50.4455,-1.6506e-06,45.776,0.128438,0,0,-0.000135085
604,-0.171995,1.21604,0,18.2668,-6.6176e-06,40.5903,0.125608,-4.3084e-05,0,-0.171995
605,-0.000709486,2.12201,0,39.6538,-2.17872e-06,45.776,0.128438,0,0,-0.000709486
606,-4.59956e-06,2.90268,0,83.3207,-9.70762e-07,45.776,0.128438,0,0,-4.59956e-06
607,-1.13581e-05,2.77641,0,71.6536,-1.14568e-06,45.776,0.128438,0,0,-1.13581e-05
608,-0.023812,1.54761,0,18.7878,-3.89167e-06,45.4698,0.128438,-5.20824e-20,0,-0.023812
609,-2.28124e-05,2.66292,0,64.2112,-1.29141e-06,45.776,0.128438,0,0,-2.28124e-05
610,-0.000200759,2.30172,0,49.4796,-1.6578e-06,45.776,0.128438,0,0,-0.000200759
611,-4.10895e-05,2.51444,0,60.6721,-1.36878e-06,45.776,0.128438,0,0,-4.10895e-05
612,-5.27626e-06,2.87813,0,83.0489,-9.54381e-07,45.776,0.128438,0,0,-5.27626e-06
613,-0.00857423,2.03052,0,30.2993,-2.44972e-06,45.6543,0.128438,-2.15386e-15,0,-0.00857423
614,-2.63486e-06,2.98371,0,91.6346,-8.94291e-07,45.776,0.128438,0,0,-2.63486e-06
615,-9.1394e-05,2.41556,0,53.8107,-1.50511e-06,45.776,0.128438,0,0,-9.1394e-05
616,-2.04056e-06,3.05001,0,95.0626,-8.34258e-07,45.776,0.128438,0,0,-2.04056e-06
617,-3.7907e-06,2.96524,0,85.5568,-9.21756e-07,45.776,0.128438,0,0,-3.7907e-06
618,-4.28876e-06,2.91502,0,85.5001,-9.65545e-07,45.776,0.128438,0,0,-4.28876e-06
619,-0.00238974,1.95416,0,28.9132,-2.73257e-06,45.776,0.128438,0,0,-0.00238974
620,-0.000686097,2.10553,0,40.0366,-2.03145e-06,45.776,0.128438,0,0,-0.000686097
621,-1.94542e-06,3.04433,0,96.0866,-8.35227e-07,45.776,0.128438,0,0,-1.94542e-06
622,-5.44774e-06,2.84936,0,81.8444,-1.02982e-06,45.776,0.128438,0,0,-5.44774e-06
623,-0.00093726,2.03164,0,37.0408,-2.66665e-06,45.776,0.128438,0,0,-0.00093726
624,-1.09454,1.41096,0,13.8631,-6.23444e-06,41.9533,2.73971,-0.446334,0,-1.09454
625,-1.691e-05,2.70827,0,67.6136,-1.23636e-06,45.776,0.128438,0,0,-1.691e-05
626,-0.000121279,2.36814,0,52.3617,-1.54591e-06,45.776,0.128438,0,0,-0.000121279
627,0.0890429,1.58423,0,17.3847,-3.05795e-06,44.8749,0.877608,-0.205048,0,0.0890429
628,-0.000262406,2.27033,0,43.2709,-1.92948e-06,45.776,0.128438,0,0,-0.000262406
629,-0.180032,1.14451,1.16462e-34,10.0719,-6.55372e-06,34.9479,0.124141,-6.25731e-05,0,-0.180032
630,-8.48525e-05,2.48925,0,52.6188,-1.52649e-06,45.776,0.128438,0,0,-8.48525e-05
631,-4.63325e-06,2.93061,0,82.7934,-9.62777e-07,45.776,0.128438,0,0,-4.63325e-06
632,-0.00132345,1.97225,0,36.7198,-2.53523e-06,45.776,0.128438,0,0,-0.00132345
633,-1.88822e-06,3.0569,0,96.6904,-8.41084e-07,45.776,0.128438,0,0,-1.88822e-06
634,-0.00016408,2.31785,0,50.5699,-1.64448e-06,45.776,0.128438,0,0,-0.00016408
635,-0.00391142,1.85477,0,28.6184,-3.40641e-06,45.776,0.128438,-3.39509e-36,0,-0.00391142
636,-1.70016e-06,3.07836,0,98.0865,-8.08682e-07,45.776,0.128438,0,0,-1.70016e-06
637,-8.5969e-05,2.39609,0,54.3132,-1.58329e-06,45.776,0.128438,0,0,-8.5969e-05
638,-4.88399e-05,2.51273,0,57.1124,-1.52149e-06,45.776,0.128438,0,0,-4.88399e-05
639,-0.000365853,2.26238,0,40.4047,-1.97512e-06,45.776,0.128438,0,0,-0.000365853
640,-1.8055e-05,2.64895,0,67.6839,-1.27312e-06,45.776,0.128438,0,0,-1.8055e-05
641,-0.894658,0.992548,3.95871e-15,7.7338,-6.62633e-06,41.1176,0.204467,-0.0908683,-0.697395,-0.894658
642,-7.12827e-05,2.57056,0,55.1193,-1.33847e-06,45.776,0.128438,0,0,-7.12827e-05
643,-0.00015162,2.46496,0,49.2309,-1.47808e-06,45.776,0.128438,0,0,-0.00015162
644,-1.52031e-05,2.67367,0,70.0069,-1.23337e-06,45.776,0.128438,0,0,-1.52031e-05
645,-0.000154723,2.32224,0,50.7158,-1.58826e-06,45.776,0.128438,0,0,-0.000154723
646,-2.90706e-05,2.69511,0,63.0882,-1.15827e-06,45.776,0.128438,0,0,-2.90706e-05
647,-6.86159e-05,2.57757,0,55.6475,-1.29976e-06,45.776,0.128438,0,0,-6.86159e-05
648,-8.17873e-06,2.81752,0,75.9509,-1.07877e-06,45.776,0.128438,0,0,-8.17873e-06
649,-0.000265064,2.403,0,45.8675,-1.6247e-06,45.776,0.128438,0,0,-0.000265064
650,-1.99891e-05,2.70147,0,65.011,-1.22922e-06,45.776,0.128438,0,0,-1.99891e-05
651,-9.22012e-06,2.83873,0,74.2734,-1.03519e-06,45.776,0.128438,0,0,-9.22012e-06
652,-3.26286e-05,2.61533,0,60.9837,-1.35004e-06,45.776,0.128438,0,0,-3.26286e-05
653,-3.44057e-06,2.95124,0,88.4736,-9.16776e-07,45.776,0.128438,0,0,-3.44057e-06
654,-0.000556767,2.08146,0,38.9261,-2.51671e-06,45.776,0.128438,0,0,-0.000556767
655,-0.000134911,2.38827,0,48.7231,-1.73829e-06,45.776,0.128438,0,0,-0.000134911
656,-1.30675e-05,2.69895,0,71.5406,-1.18495e-06,45.776,0.128438,0,0,-1.30675e-05
657,-6.22434e-05,2.52381,0,54.8058,-1.47577e-06,45.776,0.128438,0,0,-6.22434e-05
658,-0.000137549,2.43231,0,48.5557,-1.58715e-06,45.776,0.128438,0,0,-0.000137549
659,-5.31704e-06,2.89456,0,81.0188,-9.92769e-07,45.776,0.128438,0,0,-5.31704e-06
660,-0.188875,1.33694,0,21.0467,-4.00049e-06,38.7198,0.143654,-0.00716934,0,-0.188875
661,-2.93204e-05,2.60459,0,63.619,-1.30449e-06,45.776,0.128438,0,0,-2.93204e-05
662,-0.0372759,1.93331,0,26.8805,-2.53356e-06,44.8338,0.128438,-6.15634e-11,0,-0.0372759
663,-0.000103635,2.40021,0,53.6518,-1.51513e-06,45.776,0.128438,0,0,-0.000103635
664,-5.66507e-06,2.84399,0,81.337,-1.02564e-06,45.776,0.128438,0,0,-5.66507e-06
665,-1.04789e-05,2.76908,0,72.9019,-1.13627e-06,45.776,0.128438,0,0,-1.04789e-05
666,-8.02128e-06,2.78113,0,77.5924,-1.06186e-06,45.776,0.128438,0,0,-8.02128e-06
667,-7.56669e-06,2.85548,0,76.2661,-1.0234e-06,45.776,0.128438,0,0,-7.56669e-06
668,-0.000140309,2.34711,0,51.8807,-1.58975e-06,45.776,0.128438,0,0,-0.000140309
669,-0.445318,0.830142,5.36149e-07,12.6019,-6.22898e-06,38.0921,0.129804,-0.0225237,0,-0.445318
670,-8.91982e-05,2.42523,0,51.4117,-1.6794e-06,45.776,0.128438,0,0,-8.91982e-05
671,-0.000355651,2.21249,0,42.3175,-2.11174e-06,45.776,0.128438,0,0,-0.000355651
672,-4.11565e-05,2.52067,0,58.6628,-1.48597e-06,45.776,0.128438,0,0,-4.11565e-05
673,-5.19037e-05,2.56879,0,56.8624,-1.37922e-06,45.776,0.128438,0,0,-5.19037e-05
674,-3.339e-05,2.61539,0,60.0062,-1.34889e-06,45.776,0.128438,0,0,-3.339e-05
675,-0.0010075,2.08006,0,35.5702,-2.56285e-06,45.776,0.128438,0,0,-0.0010075
676,-0.0145791,1.60713,0,25.6234,-4.53052e-06,42.975,0.128438,-9.05828e-13,0,-0.0145791
677,-4.91215e-06,2.90934,0,82.2374,-9.68719e-07,45.776,0.128438,0,0,-4.91215e-06
678,-1.3661e-05,2.72807,0,70.7132,-1.16319e-06,45.776,0.128438,0,0,-1.3661e-05
679,-6.35757e-06,2.88879,0,78.6252,-9.981e-07,45.776,0.128438,0,0,-6.35757e-06
680,-1.03902,0.240725,4.88392e-06,6.66667,-9.87585e-06,47.4932,0.360123,-0.084014,-0.0984653,-1.03902
681,-2.17e-06,3.04147,0,94.0844,-8.4914e-07,45.776,0.128438,0,0,-2.17e-06
682,-0.000101564,2.42468,0,49.5337,-1.64887e-06,45.776,0.128438,0,0,-0.000101564
683,-0.0708716,1.51246,0,24.3436,-2.51197e-06,45.5164,0.124153,-0.000326852,0,-0.0708716
684,-1.45543e-05,2.71142,0,71.255,-1.1348e-06,45.776,0.128438,0,0,-1.45543e-05
685,-0.709718,1.26825,0,16.2402,-6.76689e-06,46.3568,0.643563,-0.233572,0,-0.709718
686,-0.000109343,2.39735,0,52.4705,-1.58602e-06,45.776,0.128438,0,0,-0.000109343
687,-8.16495e-05,2.54802,0,54.0766,-1.35378e-06,45.776,0.128438,0,0,-8.16495e-05
688,-0.594398,1.64942,0,19.0448,-3.15718e-06,40.5697,0.945497,-0.12201,0,-0.594398
689,-1.73405e-06,3.0584,0,97.9954,-8.25987e-07,45.776,0.128438,0,0,-1.73405e-06
690,-2.44846e-06,3.02109,0,92.1766,-8.83601e-07,45.776,0.128438,0,0,-2.44846e-06
691,-0.00180701,2.19205,0,36.1904,-1.96623e-06,45.776,0.128438,0,0,-0.00180701
692,-7.4405e-06,2.79863,0,77.604,-1.06614e-06,45.776,0.128438,0,0,-7.4405e-06
693,-9.60356e-06,2.8092,0,73.3265,-1.07786e-06,45.776,0.128438,0,0,-9.60356e-06
694,-0.000184979,2.25441,0,46.5235,-1.99128e-06,45.776,0.128438,0,0,-0.000184979
695,-0.000526058,2.15908,0,38.7909,-2.22002e-06,45.776,0.128438,0,0,-0.000526058
696,-0.0299844,1.99292,0,28.764,-2.40415e-06,45.4529,0.128438,-1.32764e-11,0,-0.0299844
697,-1.04854e-05,2.7912,0,72.6015,-1.10801e-06,45.776,0.128438,0,0,-1.04854e-05
698,-0.00062964,2.15609,0,37.8651,-2.3105e-06,45.776,0.128438,0,0,-0.00062964
699,-1.19339,0.86034,2.02582e-25,8.84763,-5.89739e-06,46.5299,0.43269,-0.263661,0,-1.19339
700,-2.81146e-06,3.00411,0,89.8959,-8.80232e-07,45.776,0.128438,0,0,-2.81146e-06
701,-7.14075e-06,2.84452,0,77.6705,-1.04746e-06,45.776,0.128438,0,0,-7.14075e-06
702,-5.60745e-06,2.89107,0,80.2399,-9.96407e-07,45.776,0.128438,0,0,-5.60745e-06
703,-3.66699e-05,2.64047,0,60.2126,-1.24229e-06,45.776,0.128438,0,0,-3.66699e-05
704,-1.63219e-06,3.08534,0,98.705,-8.14615e-07,45.776,0.128438,0,0,-1.63219e-06
705,-0.000115781,2.48193,0,50.6422,-1.46291e-06,45.776,0.128438,0,0,-0.000115781
706,-0.000168044,2.33108,0,47.5848,-1.74908e-06,45.776,0.128438,0,0,-0.000168044
707,-1.81748e-05,2.65874,0,69.4827,-1.19192e-06,45.776,0.128438,0,0,-1.81748e-05
708,-2.11729e-06,3.04256,0,94.6099,-8.49498e-07,45.776,0.128438,0,0,-2.11729e-06
709,-9.14325e-06,2.84183,0,74.9358,-1.03786e-06,45.776,0.128438,0,0,-9.14325e-06
710,-0.000484024,2.12807,0,40.1389,-2.38633e-06,45.776,0.128438,0,0,-0.000484024
711,-4.97425e-06,2.87505,0,82.5356,-1.01337e-06,45.776,0.128438,0,0,-4.97425e-06
712,-0.715753,1.7897,0,22.5087,-2.67348e-06,43.4613,0.338184,-0.183825,0,-0.715753
713,-6.57986e-05,2.57714,0,55.6101,-1.32938e-06,45.776,0.128438,0,0,-6.57986e-05
714,-4.28899e-05,2.54477,0,58.4316,-1.44516e-06,45.776,0.128438,0,0,-4.28899e-05
715,-8.12804e-06,2.82799,0,76.02,-1.05731e-06,45.776,0.128438,0,0,-8.12804e-06
716,-9.84918e-05,2.45426,0,49.8783,-1.60159e-06,45.776,0.128438,0,0,-9.84918e-05
717,-1.23442e-05,2.75429,0,70.6194,-1.12889e-06,45.776,0.128438,0,0,-1.23442e-05
718,-8.1875e-06,2.85803,0,75.7443,-1.0145e-06,45.776,0.128438,0,0,-8.1875e-06
719,-1.61342e-05,2.72142,0,67.8866,-1.17542e-06,45.776,0.128438,0,0,-1.61342e-05
720,-0.0960233,1.4513,0,22.4816,-3.33667e-06,44.4667,0.12818,-3.93631e-07,0,-0.0960233
721,-2.30547e-05,2.67269,0,64.2883,-1.25349e-06,45.776,0.128438,0,0,-2.30547e-05
722,-2.15738e-06,3.04001,0,94.3611,-8.51831e-07,45.776,0.128438,0,0,-2.15738e-06
723,-9.6744e-05,2.53611,0,53.0977,-1.38713e-06,45.776,0.128438,0,0,-9.6744e-05
724,-1.78338e-05,2.72922,0,67.0686,-1.16399e-06,45.776,0.128438,0,0,-1.78338e-05
725,-9.665e-05,2.38171,0,50.8329,-1.73824e-06,45.776,0.128438,0,0,-9.665e-05
726,-1.05743e-05,2.75251,0,72.7568,-1.13684e-06,45.776,0.128438,0,0,-1.05743e-05
727,-5.33079e-05,2.51985,0,56.6546,-1.46269e-06,45.776,0.128438,0,0,-5.33079e-05
728,-0.000855126,2.06214,0,36.5042,-2.6346e-06,45.776,0.128438,0,0,-0.000855126
729,-0.000104027,2.51816,0,52.1101,-1.4148e-06,45.776,0.128438,0,0,-0.000104027
730,-3.76635e-06,2.93861,0,86.9152,-9.22001e-07,45.776,0.128438,0,0,-3.76635e-06
731,-6.47123e-06,2.86698,0,78.9459,-1.01447e-06,45.776,0.128438,0,0,-6.47123e-06
732,-0.000904871,2.03031,0,37.446,-2.68308e-06,45.776,0.128438,0,0,-0.000904871
733,-1.71533e-06,3.07388,0,98.1154,-8.20235e-07,45.776,0.128438,0,0,-1.71533e-06
734,-1.43389e-05,2.79573,0,70.2633,-1.06774e-06,45.776,0.128438,0,0,-1.43389e-05
735,-1.95511e-05,2.65157,0,68.795,-1.19158e-06,45.776,0.128438,0,0,-1.95511e-05
736,-0.000107183,2.47532,0,50.4163,-1.55077e-06,45.776,0.128438,0,0,-0.000107183
737,-0.000132651,2.34964,0,51.8353,-1.5557e-06,45.776,0.128438,0,0,-0.000132651
738,-0.000260354,2.31859,0,44.2485,-1.88112e-06,45.776,0.128438,0,0,-0.000260354
739,-1.20434e-05,2.743,0,71.4749,-1.18414e-06,45.776,0.128438,0,0,-1.20434e-05
740,-0.000196621,2.29813,0,47.5173,-1.73947e-06,45.776,0.128438,0,0,-0.000196621
741,-3.9026e-06,2.90867,0,86.2476,-9.55475e-07,45.776,0.128438,0,0,-3.9026e-06
742,-0.000184703,2.31987,0,48.5053,-1.71747e-06,45.776,0.128438,0,0,-0.000184703
743,-3.84602e-06,2.94003,0,85.8921,-9.33942e-07,45.776,0.128438,0,0,-3.84602e-06
744,-0.000196584,2.28135,0,46.2802,-2.0008e-06,45.776,0.128438,0,0,-0.000196584
745,-4.07238e-05,2.56051,0,58.8924,-1.47399e-06,45.776,0.128438,0,0,-4.07238e-05
746,-0.0001375,2.34948,0,51.9977,-1.57039e-06,45.776,0.128438,0,0,-0.0001375
747,-2.82134e-05,2.60362,0,64.1752,-1.28272e-06,45.776,0.128438,0,0,-2.82134e-05
748,-2.34372e-05,2.60778,0,64.44,-1.33138e-06,45.776,0.128438,0,0,-2.34372e-05
749,-3.36399e-06,2.93812,0,88.0536,-9.25979e-07,45.776,0.128438,0,0,-3.36399e-06
750,-2.93145e-05,2.56703,0,62.707,-1.40328e-06,45.776,0.128438,0,0,-2.93145e-05
751,-0.00113519,2.04057,0,35.7933,-2.6948e-06,45.776,0.128438,0,0,-0.00113519
752,-1.28248e-05,2.72675,0,73.1052,-1.1094e-06,45.776,0.128438,0,0,-1.28248e-05
753,-0.000116373,2.46111,0,50.1822,-1.5275e-06,45.776,0.128438,0,0,-0.000116373
754,-0.000602534,2.1201,0,38.0018,-2.41114e-06,45.776,0.128438,0,0,-0.000602534
755,-1.03338e-05,2.81356,0,72.6431,-1.07849e-06,45.776,0.128438,0,0,-1.03338e-05
756,-0.00671197,1.73738,0,28.9471,-3.87122e-06,44.1986,0.128438,-5.9217e-19,0,-0.00671197
757,-3.24422e-06,2.96491,0,88.2462,-9.17709e-07,45.776,0.128438,0,0,-3.24422e-06
758,-1.21075e-05,2.7874,0,70.8368,-1.12356e-06,45.776,0.128438,0,0,-1.21075e-05
759,-0.000257731,2.37631,0,45.0477,-1.61078e-06,45.776,0.128438,0,0,-0.000257731
760,-4.83228e-06,2.90041,0,83.4066,-9.68048e-07,45.776,0.128438,0,0,-4.83228e-06
761,-0.000836274,2.07513,0,38.4372,-2.19041e-06,45.776,0.128438,0,0,-0.000836274
762,-6.22276e-06,2.87972,0,79.4804,-9.77017e-07,45.776,0.128438,0,0,-6.22276e-06
763,-2.1453e-06,3.03391,0,94.873,-8.43691e-07,45.776,0.128438,0,0,-2.1453e-06
764,-1.12889e-05,2.8157,0,72.5889,-1.0401e-06,45.776,0.128438,0,0,-1.12889e-05
765,-3.47512e-06,2.94483,0,87.385,-9.29195e-07,45.776,0.128438,0,0,-3.47512e-06
766,-0.97979,0.655047,1.12401e-11,11.0635,-1.42292e-05,35.4873,6.44885,-0.240365,-0.312029,-0.97979
767,-4.50695e-06,2.89417,0,84.0031,-9.91703e-07,45.776,0.128438,0,0,-4.50695e-06
768,-8.81441e-06,2.83647,0,75.2279,-1.01396e-06,45.776,0.128438,0,0,-8.81441e-06
769,-1.72464e-05,2.76897,0,68.2799,-1.08259e-06,45.776,0.128438,0,0,-1.72464e-05
770,-0.00225661,1.98458,0,37.1578,-2.07367e-06,45.776,0.128438,-1.01998e-39,0,-0.00225661
771,-6.93304e-05,2.53179,0,54.216,-1.42452e-06,45.776,0.128438,0,0,-6.93304e-05
772,-0.000135607,2.38549,0,48.8363,-1.73588e-06,45.776,0.128438,0,0,-0.000135607
773,-0.0056378,1.7594,0,30.142,-3.4431e-06,45.7288,0.128438,-7.06995e-31,0,-0.0056378
774,-3.45425e-05,2.54574,0,62.4718,-1.35515e-06,45.776,0.128438,0,0,-3.45425e-05
775,-0.000143115,2.38522,0,48.4745,-1.76451e-06,45.776,0.128438,0,0,-0.000143115
776,-0.0228534,1.56533,0,19.488,-3.94873e-06,45.4687,0.128438,-1.17862e-17,0,-0.0228534
777,-1.05325,1.35925,0,12.7968,-7.62146e-06,41.3017,6.76655,-0.325043,0,-1.05325
778,-0.042198,1.46416,0,18.868,-5.03908e-06,39.8825,0.128438,-3.541e-10,0,-0.042198
779,-1.34401e-05,2.72905,0,71.143,-1.15742e-06,45.776,0.128438,0,0,-1.34401e-05
780,-2.20289e-06,3.02176,0,94.2122,-8.62971e-07,45.776,0.128438,0,0,-2.20289e-06
781,-1.89669e-05,2.69086,0,65.4957,-1.23226e-06,45.776,0.128438,0,0,-1.89669e-05
782,-3.05796e-05,2.6104,0,61.1385,-1.34664e-06,45.776,0.128438,0,0,-3.05796e-05
783,-1.97907e-05,2.71302,0,65.2748,-1.21844e-06,45.776,0.128438,0,0,-1.97907e-05
784,-3.23397e-06,2.93974,0,88.8823,-9.45546e-07,45.776,0.128438,0,0,-3.23397e-06
785,-0.000246275,2.40639,0,46.3169,-1.57577e-06,45.776,0.128438,0,0,-0.000246275
786,-0.000333194,2.26598,0,41.3147,-2.02148e-06,45.776,0.128438,0,0,-0.000333194
787,-0.000376231,2.21083,0,41.0545,-2.06949e-06,45.776,0.128438,0,0,-0.000376231
788,-5.35096e-05,2.49646,0,58.9635,-1.39095e-06,45.776,0.128438,0,0,-5.35096e-05
789,-2.48386e-05,2.62921,0,64.9856,-1.24734e-06,45.776,0.128438,0,0,-2.48386e-05
790,-5.0273e-05,2.57486,0,57.0422,-1.35144e-06,45.776,0.128438,0,0,-5.0273e-05
791,-7.40805e-05,2.43114,0,56.1728,-1.46902e-06,45.776,0.128438,0,0,-7.40805e-05
792,-1.56818e-05,2.70344,0,68.168,-1.22436e-06,45.776,0.128438,0,0,-1.56818e-05
793,-1.08744e-05,2.73521,0,73.13,-1.14531e-06,45.776,0.128438,0,0,-1.08744e-05
794,-6.73777e-05,2.46312,0,56.5241,-1.45071e-06,45.776,0.128438,0,0,-6.73777e-05
795,-8.65083e-07,3.16373,0,108.814,-7.36734e-07,45.776,0.128438,0,0,-8.65083e-07
796,-7.97999e-06,2.87642,0,79.589,-1.04843e-06,45.776,0.128438,0,0,-7.97999e-06
797,-2.12748e-05,2.57238,0,63.7988,-1.30031e-06,45.776,0.128438,0,0,-2.12748e-05
798,-0.000223799,2.01402,0,32.6011,-2.231e-06,45.776,0.128438,0,0,-0.000223799
799,-4.46206e-06,2.76819,0,74.3898,-1.06514e-06,45.776,0.128438,0,0,-4.46206e-06
800,-0.183807,1.8043,0,24.3615,-4.30759e-06,41.1251,0.127347,-3.35384e-07,0,-0.183807
801,-2.09883e-05,2.64128,0,68.0501,-1.22174e-06,45.776,0.128438,0,0,-2.09883e-05
802,-1.35663e-05,2.7266,0,74.094,-1.09789e-06,45.776,0.128438,0,0,-1.35663e-05
803,-0.000355018,2.32868,0,42.809,-1.86587e-06,45.776,0.128438,0,0,-0.000355018
804,-2.0372e-07,3.44566,0,139.236,-5.62058e-07,45.776,0.128438,0,0,-2.0372e-07
805,-9.30618e-10,4.30581,0,343.268,-2.31485e-07,45.776,0.128438,0,0,-9.30618e-10
806,-1.47846e-10,4.61453,0,465.873,-1.70486e-07,45.776,0.128438,0,0,-1.47846e-10
807,-5.1577e-10,4.40454,0,378.499,-2.10795e-07,45.776,0.128438,0,0,-5.1577e-10
808,-6.09476e-10,4.3772,0,368.336,-2.14509e-07,45.776,0.128438,0,0,-6.09476e-10
809,-5.05399e-10,4.40874,0,379.763,-2.0904e-07,45.776,0.128438,0,0,-5.05399e-10
810,-1.6615e-09,4.22457,0,309.733,-2.58484e-07,45.776,0.128438,0,0,-1.6615e-09
811,-3.96539e-09,4.06225,0,269.446,-3.00289e-07,45.776,0.128438,0,0,-3.96539e-09
812,-2.13723e-08,3.78515,0,203.065,-3.94383e-07,45.776,0.128438,0,0,-2.13723e-08
813,-6.31522e-07,3.19726,0,115.448,-7.00449e-07,45.776,0.128438,0,0,-6.31522e-07
814,-0.000108672,2.5365,0,53.3168,-1.4043e-06,45.776,0.128438,0,0,-0.000108672
815,-2.0841e-06,3.01809,0,97.5506,-8.17076e-07,45.776,0.128438,0,0,-2.0841e-06
816,-0.0166507,1.89818,0,29.7554,-3.53899e-06,46.2865,0.128438,-2.18407e-24,0,-0.0166507
817,-1.82448e-05,2.66708,0,68.6915,-1.15923e-06,45.776,0.128438,0,0,-1.82448e-05
818,-0.00118059,1.69889,0,24.0194,-2.90706e-06,45.776,0.128438,0,0,-0.00118059
819,-2.42426e-06,2.9517,0,88.2625,-9.24358e-07,45.776,0.128438,0,0,-2.42426e-06
820,-2.00347e-05,2.6773,0,70.5298,-1.17721e-06,45.776,0.128438,0,0,-2.00347e-05
821,-0.0048312,1.55573,0,21.4215,-3.99687e-06,45.776,0.128438,-9.81521e-32,0,-0.0048312
822,-8.22779e-05,2.50511,0,59.8067,-1.37933e-06,45.776,0.128438,0,0,-8.22779e-05
823,-0.695971,1.40189,0,21.2521,-7.58959e-06,38.9172,0.709234,-0.0951638,0,-0.695971
824,-0.000111016,2.37651,0,48.4655,-1.69552e-06,45.776,0.128438,0,0,-0.000111016
825,-2.7808e-07,3.37404,0,132.535,-5.88814e-07,45.776,0.128438,0,0,-2.7808e-07
826,-2.06895e-07,3.42318,0,139.346,-5.61055e-07,45.776,0.128438,0,0,-2.06895e-07
827,-9.59093e-05,2.51713,0,52.4334,-1.45853e-06,45.776,0.128438,0,0,-9.59093e-05
828,-7.05376e-08,3.61919,0,166.165,-4.60902e-07,45.776,0.128438,0,0,-7.05376e-08
829,-0.000119793,2.30263,0,46.6149,-1.90815e-06,45.776,0.128438,0,0,-0.000119793
830,-1.26421,1.67921,0,23.5388,1.04207e-06,48.2397,0.126023,-0.231705,0,-1.26421
831,-8.68737e-06,2.88294,0,77.4942,-9.53248e-07,45.776,0.128438,0,0,-8.68737e-06
832,-9.83684e-06,2.78701,0,78.319,-1.02898e-06,45.776,0.128438,0,0,-9.83684e-06
833,-7.39242e-06,2.83747,0,77.6508,-1.05082e-06,45.776,0.128438,0,0,-7.39242e-06
834,-5.73029e-05,2.42498,0,50.5047,-1.58702e-06,45.776,0.128438,0,0,-5.73029e-05
835,-1.44385e-05,2.75366,0,67.6374,-1.14238e-06,45.776,0.128438,0,0,-1.44385e-05
836,-0.000546708,2.23468,0,45.5716,-1.86235e-06,45.776,0.128438,0,0,-0.000546708
837,-4.76525e-06,2.86691,0,84.3906,-9.88126e-07,45.776,0.128438,0,0,-4.76525e-06
838,-2.09794e-05,2.62027,0,64.9787,-1.25287e-06,45.776,0.128438,0,0,-2.09794e-05
839,-3.60747e-05,2.46792,0,57.7169,-1.43891e-06,45.776,0.128438,0,0,-3.60747e-05
840,-1.00021e-05,2.86455,0,75.6808,-1.00575e-06,45.776,0.128438,0,0,-1.00021e-05
841,-1.7246e-05,2.68834,0,71.4791,-1.14534e-06,45.776,0.128438,0,0,-1.7246e-05
842,-1.00549e-05,2.80114,0,73.5117,-1.08294e-06,45.776,0.128438,0,0,-1.00549e-05
843,-0.000252463,2.04923,0,33.9632,-2.31452e-06,45.776,0.128438,0,0,-0.000252463
844,-1.82242e-05,2.7918,0,70.21,-1.05131e-06,45.776,0.128438,0,0,-1.82242e-05
845,-0.000806845,2.17616,0,41.2119,-2.12193e-06,45.776,0.128438,0,0,-0.000806845
846,-0.0277445,1.95022,0,31.8878,-2.44478e-06,44.3093,0.128438,-4.51604e-17,0,-0.0277445
847,-0.0582744,0.962817,4.46473e-28,7.45279,-6.18238e-06,41.0584,0.128438,-1.27926e-09,0,-0.0582744
848,-0.000118961,2.44248,0,56.4858,-1.44182e-06,45.776,0.128438,0,0,-0.000118961
849,-0.00685017,2.10561,0,32.7989,-2.16754e-06,45.7652,0.128438,-9.69648e-23,0,-0.00685017
850,-2.68944e-07,3.35218,0,134.931,-5.94429e-07,45.776,0.128438,0,0,-2.68944e-07
851,-3.67356e-06,2.9944,0,86.8609,-8.65457e-07,45.776,0.128438,0,0,-3.67356e-06
852,-8.8311e-07,3.20121,0,109.22,-7.04265e-07,45.776,0.128438,0,0,-8.8311e-07
853,-2.25618e-07,3.42878,0,137.004,-5.4765e-07,45.776,0.128438,0,0,-2.25618e-07
854,-1.0386,1.33125,0,18.7606,-3.33673e-06,44.751,1.53399,-0.361449,0,-1.0386
855,-1.04818e-05,2.73947,0,72.7553,-1.15851e-06,45.776,0.128438,0,0,-1.04818e-05
856,-5.74189e-05,2.57298,0,56.1213,-1.38525e-06,45.776,0.128438,0,0,-5.74189e-05
857,-4.39992e-05,2.53821,0,59.4212,-1.45468e-06,45.776,0.128438,0,0,-4.39992e-05
858,-0.92396,0.375931,2.72769e-08,6.5156,-1.05202e-05,45.9637,0.259535,-0.14651,0.286679,-0.92396
859,-5.75179e-05,2.53888,0,55.2503,-1.44303e-06,45.776,0.128438,0,0,-5.75179e-05
860,-0.0142104,1.81718,0,29.3192,-3.2019e-06,45.7713,0.128438,-1.11943e-25,0,-0.0142104
861,-4.26604e-05,2.53251,0,59.2649,-1.38116e-06,45.776,0.128438,0,0,-4.26604e-05
862,-4.40742e-05,2.6107,0,58.3562,-1.33619e-06,45.776,0.128438,0,0,-4.40742e-05
863,-2.54715e-05,2.71702,0,64.7455,-1.1438e-06,45.776,0.128438,0,0,-2.54715e-05
864,-1.35672e-05,2.71203,0,73.0076,-1.09504e-06,45.776,0.128438,0,0,-1.35672e-05
865,-9.35952e-05,2.50139,0,51.7552,-1.43486e-06,45.776,0.128438,0,0,-9.35952e-05
866,-0.0324842,1.72396,0,26.7458,-3.44869e-06,43.9016,0.128438,-1.84559e-14,0,-0.0324842
867,-0.000139144,2.32578,0,46.514,-1.89478e-06,45.776,0.128438,0,0,-0.000139144
868,-9.92346e-05,2.39131,0,54.0005,-1.50599e-06,45.776,0.128438,0,0,-9.92346e-05
869,-2.78876e-05,2.64666,0,62.2099,-1.26598e-06,45.776,0.128438,0,0,-2.78876e-05
870,-4.58395e-05,2.52224,0,57.614,-1.44151e-06,45.776,0.128438,0,0,-4.58395e-05
871,-2.76332e-05,2.59524,0,63.3604,-1.35649e-06,45.776,0.128438,0,0,-2.76332e-05
872,-0.000255665,2.34813,0,43.5266,-1.7331e-06,45.776,0.128438,0,0,-0.000255665
873,-0.000240995,2.40888,0,50.1625,-1.61177e-06,45.776,0.128438,0,0,-0.000240995
874,-0.62223,1.74433,0,26.7942,2.1468e-06,40.3891,0.869618,-0.0743353,0,-0.62223
875,-0.00578173,1.89848,0,34.0431,-2.77272e-06,45.776,0.128438,-7.74879e-37,0,-0.00578173
876,-1.20147e-05,2.75582,0,72.4311,-1.13919e-06,45.776,0.128438,0,0,-1.20147e-05
877,-0.000154112,2.43367,0,47.7867,-1.5841e-06,45.776,0.128438,0,0,-0.000154112
878,-1.39345e-06,3.08922,0,104.593,-7.70517e-07,45.776,0.128438,0,0,-1.39345e-06
879,-1.36564e-05,2.70696,0,72.6105,-1.10175e-06,45.776,0.128438,0,0,-1.36564e-05
880,-4.95496e-06,2.8874,0,83.0108,-9.96317e-07,45.776,0.128438,0,0,-4.95496e-06
881,-0.000311876,2.41522,0,46.6219,-1.54548e-06,45.776,0.128438,0,0,-0.000311876
882,-7.96981e-07,3.17526,0,113.6,-7.17561e-07,45.776,0.128438,0,0,-7.96981e-07
883,-3.22711e-07,3.37178,0,128.808,-5.93968e-07,45.776,0.128438,0,0,-3.22711e-07
884,-6.28366e-06,2.87552,0,77.976,-9.96941e-07,45.776,0.128438,0,0,-6.28366e-06
885,-0.0327068,1.9478,0,33.4702,-1.41873e-06,41.807,0.128438,-7.73817e-12,0,-0.0327068
886,-0.000110741,2.40326,0,54.6598,-1.53096e-06,45.776,0.128438,0,0,-0.000110741
887,-0.476792,0.784282,4.39704e-08,11.7357,-9.49352e-06,35.3786,0.620773,-0.0861876,-0.253567,-0.476792
888,-0.00735182,1.87168,0,29.1171,-3.21136e-06,45.7758,0.128438,-1.66847e-24,0,-0.00735182
889,-0.00152178,1.99918,0,37.3568,-2.55601e-06,45.776,0.128438,0,0,-0.00152178
890,-0.000641385,2.14843,0,37.1281,-2.29351e-06,45.776,0.128438,0,0,-0.000641385
891,-4.42889e-06,2.97364,0,85.0919,-8.77152e-07,45.776,0.128438,0,0,-4.42889e-06
892,-5.69056e-06,2.90689,0,80.6046,-9.48146e-07,45.776,0.128438,0,0,-5.69056e-06
893,-0.0704644,1.32825,0,14.9137,-4.57278e-06,43.0567,0.12773,-7.17975e-10,0,-0.0704644
894,-8.67341e-05,2.51885,0,52.7828,-1.47897e-06,45.776,0.128438,0,0,-8.67341e-05
895,-3.25544e-06,2.94298,0,89.7786,-9.16023e-07,45.776,0.128438,0,0,-3.25544e-06
896,-0.0120204,1.6516,0,23.2472,-4.12804e-06,45.7624,0.128438,-4.82053e-22,0,-0.0120204
897,-0.0021337,1.98896,0,33.7867,-2.60492e-06,45.776,0.128438,0,0,-0.0021337
898,-0.000176996,2.46831,0,49.3832,-1.49953e-06,45.776,0.128438,0,0,-0.000176996
899,-4.58121e-07,3.31097,0,121.735,-6.33827e-07,45.776,0.128438,0,0,-4.58121e-07
900,-0.00291461,1.83778,0,26.2319,-2.98422e-06,45.776,0.128438,0,0,-0.00291461
901,-1.53202e-05,2.7724,0,70.2842,-1.12468e-06,45.776,0.128438,0,0,-1.53202e-05
902,-1.4094e-07,3.50675,0,147.939,-5.24056e-07,45.776,0.128438,0,0,-1.4094e-07
903,-2.19474e-08,3.80433,0,201.141,-3.86586e-07,45.776,0.128438,0,0,-2.19474e-08
904,-1.22422e-08,3.90188,0,221.908,-3.4322e-07,45.776,0.128438,0,0,-1.22422e-08
905,-6.232e-08,3.60394,0,171.8,-4.60745e-07,45.776,0.128438,0,0,-6.232e-08
906,-2.25791e-08,3.77607,0,202.391,-3.93528e-07,45.776,0.128438,0,0,-2.25791e-08
907,-4.92665e-09,4.03264,0,259.677,-3.06311e-07,45.776,0.128438,0,0,-4.92665e-09
908,-2.17014e-10,4.55835,0,435.705,-1.81945e-07,45.776,0.128438,0,0,-2.17014e-10
909,-1.11343e-11,5.0502,0,714.368,-1.11849e-07,45.776,0.128438,0,0,-1.11343e-11
910,-1.7148e-09,4.2129,0,308.34,-2.57395e-07,45.776,0.128438,0,0,-1.7148e-09
911,-6.36434e-10,4.38433,0,363.359,-2.15386e-07,45.776,0.128438,0,0,-6.36434e-10
912,-2.67415e-10,4.52885,0,420.123,-1.87979e-07,45.776,0.128438,0,0,-2.67415e-10
913,-8.00195e-10,4.33131,0,351.92,-2.22687e-07,45.776,0.128438,0,0,-8.00195e-10
914,-1.63362e-05,2.64484,0,68.4782,-1.19412e-06,45.776,0.128438,0,0,-1.63362e-05
915,-0.00803682,2.02684,0,36.009,-2.41539e-06,45.7749,0.128438,-4.51781e-27,0,-0.00803682
916,-0.422734,1.71514,0,26.7313,-2.38543e-06,40.4629,0.421351,-0.121259,0,-0.422734
917,-0.510042,1.61551,0,24.4652,-2.77418e-06,40.2763,1.12939,-0.040117,0,-0.510042
918,-3.85722e-05,2.56368,0,60.2102,-1.37177e-06,45.776,0.128438,0,0,-3.85722e-05
919,-3.65168e-05,2.5904,0,58.3142,-1.39198e-06,45.776,0.128438,0,0,-3.65168e-05
920,-5.03349e-08,3.65191,0,175.973,-4.48864e-07,45.776,0.128438,0,0,-5.03349e-08
921,-2.10089e-08,3.79145,0,203.832,-3.87082e-07,45.776,0.128438,0,0,-2.10089e-08
922,-0.000308751,2.30425,0,44.2625,-1.92264e-06,45.776,0.128438,0,0,-0.000308751
923,-2.90611e-05,2.70094,0,63.6162,-1.16168e-06,45.776,0.128438,0,0,-2.90611e-05
924,-1.06253e-07,3.55135,0,154.878,-4.96273e-07,45.776,0.128438,0,0,-1.06253e-07
925,-1.18967e-07,3.49139,0,153.368,-5.24349e-07,45.776,0.128438,0,0,-1.18967e-07
926,-3.11162e-08,3.74202,0,190.472,-4.04824e-07,45.776,0.128438,0,0,-3.11162e-08
927,-2.3212e-07,3.40383,0,136.481,-5.81798e-07,45.776,0.128438,0,0,-2.3212e-07
928,-3.28854e-07,3.33542,0,130.131,-6.11318e-07,45.776,0.128438,0,0,-3.28854e-07
929,-0.000112539,2.33246,0,51.1927,-1.65145e-06,45.776,0.128438,0,0,-0.000112539
930,-0.000454802,2.24583,0,41.8403,-2.10345e-06,45.776,0.128438,0,0,-0.000454802
931,-2.56928e-07,3.37828,0,134.993,-5.97562e-07,45.776,0.128438,0,0,-2.56928e-07
932,-3.36998e-05,2.55566,0,61.4642,-1.39906e-06,45.776,0.128438,0,0,-3.36998e-05
933,-0.0473557,1.76533,0,22.685,-3.2277e-06,45.335,0.128438,-4.84829e-15,0,-0.0473557
934,-0.000188991,2.3667,0,46.8213,-1.80412e-06,45.776,0.128438,0,0,-0.000188991
935,-4.98843e-06,2.95365,0,83.208,-9.12932e-07,45.776,0.128438,0,0,-4.98843e-06
936,-8.07235e-09,3.97109,0,238.137,-3.2637e-07,45.776,0.128438,0,0,-8.07235e-09
937,-0.000127315,2.39004,0,53.9475,-1.51876e-06,45.776,0.128438,0,0,-0.000127315
938,-0.00390207,1.81329,0,30.082,-3.57479e-06,45.7757,0.128438,-7.12027e-29,0,-0.00390207
939,-0.0227631,1.8926,0,26.4679,-2.74798e-06,45.9202,0.128438,-1.20231e-27,0,-0.0227631
940,-1.16642e-06,3.17285,0,104.86,-7.15331e-07,45.776,0.128438,0,0,-1.16642e-06
941,-4.56407e-08,3.69034,0,178.741,-4.28429e-07,45.776,0.128438,0,0,-4.56407e-08
942,-7.06643e-07,3.18603,0,114.724,-7.08351e-07,45.776,0.128438,0,0,-7.06643e-07
943,-1.35969e-05,2.79765,0,70.9294,-1.04185e-06,45.776,0.128438,0,0,-1.35969e-05
944,-0.000627567,2.04178,0,37.3361,-2.11232e-06,45.776,0.128438,0,0,-0.000627567
945,-0.342912,1.75869,0,27.6003,-2.73711e-06,40.1649,0.350107,-0.0708235,0,-0.342912
946,-5.79919e-06,2.8735,0,81.7792,-1.00507e-06,45.776,0.128438,0,0,-5.79919e-06
947,-0.000204073,2.33277,0,45.0863,-1.86878e-06,45.776,0.128438,0,0,-0.000204073
948,-9.66028e-07,3.16719,0,109.024,-7.50411e-07,45.776,0.128438,0,0,-9.66028e-07
949,-4.30827e-06,2.93047,0,84.0618,-9.48439e-07,45.776,0.128438,0,0,-4.30827e-06
950,-2.52728e-06,2.98056,0,94.3507,-8.60992e-07,45.776,0.128438,0,0,-2.52728e-06
951,-3.72115e-05,2.57501,0,58.6312,-1.41172e-06,45.776,0.128438,0,0,-3.72115e-05
952,-2.78341e-08,3.74513,0,194.371,-3.98523e-07,45.776,0.128438,0,0,-2.78341e-08
953,-4.61528e-08,3.66848,0,177.783,-4.4329e-07,45.776,0.128438,0,0,-4.61528e-08
954,-8.79958e-07,3.14169,0,109.851,-7.53649e-07,45.776,0.128438,0,0,-8.79958e-07
955,-2.05383e-06,3.00636,0,96.5526,-8.45124e-07,45.776,0.128438,0,0,-2.05383e-06
956,-4.9922e-06,2.92736,0,82.9564,-9.57569e-07,45.776,0.128438,0,0,-4.9922e-06
957,-1.74638e-06,3.08644,0,97.1189,-8.11684e-07,45.776,0.128438,0,0,-1.74638e-06
958,-4.58358e-08,3.68483,0,178.039,-4.42058e-07,45.776,0.128438,0,0,-4.58358e-08
959,-1.29341e-09,4.25143,0,325.337,-2.42624e-07,45.776,0.128438,0,0,-1.29341e-09
960,-5.94706e-10,4.39805,0,367.435,-2.17507e-07,45.776,0.128438,0,0,-5.94706e-10
961,-8.29346e-08,3.55586,0,164.362,-4.94762e-07,45.776,0.128438,0,0,-8.29346e-08
962,-1.0827e-06,3.12649,0,108.149,-7.51808e-07,45.776,0.128438,0,0,-1.0827e-06
963,-0.000203667,2.21361,0,44.7423,-1.79808e-06,45.776,0.128438,0,0,-0.000203667
964,-0.000147427,2.3934,0,48.6849,-1.75687e-06,45.776,0.128438,0,0,-0.000147427
965,-2.28325e-05,2.60695,0,66.1934,-1.2647e-06,45.776,0.128438,0,0,-2.28325e-05
966,-0.00791945,1.97065,0,28.0571,-2.53579e-06,45.5635,0.128438,-9.74528e-26,0,-0.00791945
967,-3.82826e-07,3.30063,0,128.109,-6.14988e-07,45.776,0.128438,0,0,-3.82826e-07
968,-4.71477e-06,2.87206,0,82.9816,-1.01118e-06,45.776,0.128438,0,0,-4.71477e-06
969,-5.63205e-05,2.51038,0,56.0563,-1.52293e-06,45.776,0.128438,0,0,-5.63205e-05
970,-0.00650686,1.73819,0,25.4604,-3.76792e-06,45.776,0.128438,-4.31311e-30,0,-0.00650686
971,-1.00405e-05,2.75045,0,75.8141,-1.07523e-06,45.776,0.128438,0,0,-1.00405e-05
972,-1.09879,1.47965,0,20.1662,-5.08865e-06,35.1453,0.149138,-0.217996,0,-1.09879
973,-0.00162918,2.02912,0,30.7671,-2.49338e-06,45.776,0.128438,0,0,-0.00162918
974,-0.000140446,2.41362,0,50.5978,-1.68447e-06,45.776,0.128438,0,0,-0.000140446
975,-2.76881e-05,2.68968,0,62.7531,-1.18305e-06,45.776,0.128438,0,0,-2.76881e-05
976,-1.23511e-05,2.80226,0,71.4104,-1.07121e-06,45.776,0.128438,0,0,-1.23511e-05
977,-4.41817e-05,2.56858,0,58.9115,-1.39161e-06,45.776,0.128438,0,0,-4.41817e-05
978,-0.00803871,1.62653,0,19.2508,-3.84143e-06,45.6723,0.128438,-1.55018e-22,0,-0.00803871
979,-0.0103816,1.90497,0,26.0202,-2.69463e-06,45.4964,0.128438,-5.05913e-21,0,-0.0103816
980,-5.71028e-05,2.34127,0,50.1576,-1.58982e-06,45.776,0.128438,0,0,-5.71028e-05
981,-0.000140171,2.22813,0,42.0508,-2.02182e-06,45.776,0.128438,0,0,-0.000140171
982,-0.00189445,2.26725,0,42.0372,-1.38833e-06,45.776,0.128438,0,0,-0.00189445
983,-1.09304e-05,2.62706,0,61.1516,-1.26493e-06,45.776,0.128438,0,0,-1.09304e-05
984,-1.60879e-06,3.0943,0,98.8761,-7.99042e-07,45.776,0.128438,0,0,-1.60879e-06
985,-8.41093e-09,3.95125,0,236.885,-3.32393e-07,45.776,0.128438,0,0,-8.41093e-09
986,-0.00016338,2.32518,0,50.787,-1.67161e-06,45.776,0.128438,0,0,-0.00016338
987,-0.682781,0.943118,8.4095e-13,7.05204,-6.77658e-06,40.8724,0.188091,-0.0401424,-0.093891,-0.682781
988,-1.20578e-05,2.746,0,69.3451,-1.14994e-06,45.776,0.128438,0,0,-1.20578e-05
989,-2.17044e-06,3.04757,0,94.3323,-8.35648e-07,45.776,0.128438,0,0,-2.17044e-06
990,-2.84338e-06,3.03365,0,90.679,-8.38355e-07,45.776,0.128438,0,0,-2.84338e-06
991,-5.21807e-09,4.01653,0,258.089,-2.99927e-07,45.776,0.128438,0,0,-5.21807e-09
992,-4.919e-05,2.58032,0,58.8206,-1.4405e-06,45.776,0.128438,0,0,-4.919e-05
993,-2.0643e-05,2.63248,0,67.7643,-1.22099e-06,45.776,0.128438,0,0,-2.0643e-05
994,-1.10259e-05,2.74243,0,72.7332,-1.1687e-06,45.776,0.128438,0,0,-1.10259e-05
995,-0.0864508,1.5834,0,25.4587,-4.5946e-06,38.8326,0.127666,-1.67182e-07,0,-0.0864508
996,-0.00172908,2.07249,0,32.4471,-2.36637e-06,45.776,0.128438,0,0,-0.00172908
997,-0.000193158,2.35009,0,51.8939,-1.6192e-06,45.776,0.128438,0,0,-0.000193158
998,-0.000133328,2.32486,0,47.1304,-1.88453e-06,45.776,0.128438,0,0,-0.000133328
999,-0.000944735,2.13005,0,42.4766,-1.91852e-06,45.776,0.128438,0,0,-0.000944735
the acceptance ratio: 0.408
