1cbsA1
1mncA1
2ackA1
1epbA1
1pphA1
4er2A1
1lahA1
1dhfA1
1mrgA1
1hefA1
1cttA1
1srhA1
1f0sA1
1bmaA1
1htfB1
1ptvA1
1c5xB1
1ivqB1
1qpeA1
1uvtB1
1mrkA1
1elcA1
1tngA1
1dbmB1
1tdbA1
1hdyB1
2cppA1
1hvrB1
2gbpA1
1bgoA1
1phdA1
1dg5A1
1oklA1
1qbrB1
1f0rA1
1lcpA1
1rneA1
1ejnA1
2h4nA1
1imbA1
1ckpA1
1ei1A1
1srgA1
1hslB1
1phgA1
1mtsA1
1elaA1
8gchC1
1qbuB1
1hivB1
1bbpA1
1f3dB1
1flrB1
1a42A1
5abpA1
1stpA1
1cilA1
4ctsB1
1aaqB1
1sltA1
1tphB1
1psoA1
1lpmA1
2qwkA1
1fgiB1
2mipC1
1etsB1
1abfA2
2cgrB1
1abeA2
1ml1B1
1xidA1
1aptA1
1aclA1
1lstA1
1tmnA1
1dwcB1
1uvsB1
1dwdB1
1dbbB1
1atlB1
1dmpB1
1pdzA1
1b9vA1
1c5cB1
5p2pB1
1dwbB1
2dblB1
1c83A1
1acmA1
1a4gA1
1phaA1
1ql7A1
1ppiA1
5cppA1
1nsdA1
2mipD2
2cmdA1
1acjA1
1apuA1
1mdrA1
1eldA1
1mmbA1
2tmnA1
1qbtB1
1hytA1
1htiB1
1ydrA1
7timA1
1mtwA1
1licA1
1cinA1
1idaB1
1ydtA1
1etrB1
1a28B1
3ertA1
1lnaA1
1elbA1
1glpB1
1srjB1
2simA1
1eapB1
5abpA2
1ivcA1
1dy9A1
1ldmA1
1c1eB1
1ulbA1
1a4kB1
1ppcA1
1ebgB1
1hfcA1
1ettB1
1aseA1
1icnA1
1cf8B1
1tnhA1
1mupA1
1fenA1
1slnA1
1bl7A1
4lbdA1
3ptbA1
1c12B1
1abfA1
2pcpB1
1frpA1
3gchC1
1lylA1
1faxA1
1a07C1
2adaA1
1dr1A1
4estA1
2ypiA1
1aecA1
1lybB1
1qcfA1
1a0qB1
1qh7A1
2ifbA1
1bmqB1
1mcqB1
1fl3B1
1aoeB1
1okmA1
1rdsA1
1azmA1
1tniA1
1eleA1
1tnlA1
2yhxA1
1tppA1
1ahaA1
1coyA1
1didB1
1srfA1
5er1A1
4phvB1
3erdA1
2mcpB1
1phfA1
4aahC1
1pbdA1
1bybA1
1mldC1
1robA1
1ydsA1
1ghbC1
1xkbB1
1d4pB1
1qpqA1
6abpA1
1lmoA1
1aqwC1
1rbpA1
1abeA1
1eedA1
1epoA1
1b59A1
1mmqA1
2phhA1
1iveA1
